<?xml version="1.0" encoding="UTF-8"?>
<coverage generated="1769435273430" clover="3.2.0">
  <project timestamp="1769435273430" name="All files">
    <metrics statements="1028" coveredstatements="1010" conditionals="629" coveredconditionals="560" methods="218" coveredmethods="206" elements="1875" coveredelements="1776" complexity="0" loc="1028" ncloc="1028" packages="3" files="19" classes="19"/>
    <package name="engine">
      <metrics statements="483" coveredstatements="479" conditionals="335" coveredconditionals="309" methods="80" coveredmethods="79"/>
      <file name="contract.ts" path="/Users/ld/Documents/demo/IR/src/engine/contract.ts">
        <metrics statements="32" coveredstatements="32" conditionals="30" coveredconditionals="29" methods="10" coveredmethods="10"/>
        <line num="6" count="63" type="stmt"/>
        <line num="11" count="21" type="stmt"/>
        <line num="16" count="12" type="stmt"/>
        <line num="17" count="12" type="cond" truecount="2" falsecount="0"/>
        <line num="18" count="12" type="cond" truecount="2" falsecount="0"/>
        <line num="21" count="21" type="stmt"/>
        <line num="22" count="5" type="stmt"/>
        <line num="23" count="5" type="cond" truecount="2" falsecount="0"/>
        <line num="24" count="5" type="stmt"/>
        <line num="35" count="21" type="stmt"/>
        <line num="36" count="4" type="stmt"/>
        <line num="37" count="4" type="cond" truecount="2" falsecount="0"/>
        <line num="38" count="4" type="stmt"/>
        <line num="54" count="1105" type="stmt"/>
        <line num="59" count="1105" type="cond" truecount="2" falsecount="0"/>
        <line num="60" count="1105" type="cond" truecount="2" falsecount="0"/>
        <line num="61" count="1101" type="cond" truecount="2" falsecount="0"/>
        <line num="62" count="3" type="cond" truecount="2" falsecount="0"/>
        <line num="63" count="3" type="stmt"/>
        <line num="65" count="1098" type="cond" truecount="2" falsecount="0"/>
        <line num="66" count="2" type="cond" truecount="1" falsecount="1"/>
        <line num="67" count="2" type="stmt"/>
        <line num="69" count="1096" type="stmt"/>
        <line num="72" count="21" type="stmt"/>
        <line num="73" count="1" type="stmt"/>
        <line num="74" count="1" type="stmt"/>
        <line num="77" count="48" type="stmt"/>
        <line num="78" count="48" type="stmt"/>
        <line num="79" count="48" type="stmt"/>
        <line num="80" count="6" type="cond" truecount="2" falsecount="0"/>
        <line num="81" count="5" type="stmt"/>
        <line num="83" count="47" type="stmt"/>
      </file>
      <file name="registry.ts" path="/Users/ld/Documents/demo/IR/src/engine/registry.ts">
        <metrics statements="79" coveredstatements="79" conditionals="62" coveredconditionals="57" methods="29" coveredmethods="28"/>
        <line num="1" count="21" type="stmt"/>
        <line num="3" count="21" type="stmt"/>
        <line num="77" count="21" type="stmt"/>
        <line num="87" count="24" type="stmt"/>
        <line num="90" count="21" type="stmt"/>
        <line num="100" count="8" type="stmt"/>
        <line num="107" count="21" type="stmt"/>
        <line num="125" count="1" type="stmt"/>
        <line num="136" count="21" type="stmt"/>
        <line num="157" count="4" type="stmt"/>
        <line num="168" count="21" type="stmt"/>
        <line num="186" count="2" type="cond" truecount="2" falsecount="0"/>
        <line num="187" count="2" type="stmt"/>
        <line num="188" count="2" type="stmt"/>
        <line num="196" count="21" type="stmt"/>
        <line num="213" count="2" type="cond" truecount="2" falsecount="0"/>
        <line num="214" count="2" type="stmt"/>
        <line num="222" count="21" type="stmt"/>
        <line num="239" count="2" type="stmt"/>
        <line num="240" count="2" type="stmt"/>
        <line num="252" count="21" type="stmt"/>
        <line num="269" count="2" type="stmt"/>
        <line num="280" count="21" type="stmt"/>
        <line num="293" count="8" type="stmt"/>
        <line num="300" count="21" type="stmt"/>
        <line num="313" count="809" type="stmt"/>
        <line num="320" count="21" type="stmt"/>
        <line num="333" count="2" type="stmt"/>
        <line num="340" count="21" type="stmt"/>
        <line num="353" count="1" type="stmt"/>
        <line num="360" count="21" type="stmt"/>
        <line num="377" count="2" type="stmt"/>
        <line num="378" count="2" type="cond" truecount="2" falsecount="0"/>
        <line num="379" count="1" type="stmt"/>
        <line num="381" count="1" type="stmt"/>
        <line num="389" count="21" type="stmt"/>
        <line num="408" count="4" type="stmt"/>
        <line num="420" count="21" type="stmt"/>
        <line num="446" count="5" type="stmt"/>
        <line num="450" count="5" type="stmt"/>
        <line num="454" count="5" type="stmt"/>
        <line num="478" count="21" type="stmt"/>
        <line num="492" count="7" type="cond" truecount="2" falsecount="0"/>
        <line num="493" count="7" type="stmt"/>
        <line num="506" count="21" type="stmt"/>
        <line num="525" count="4" type="cond" truecount="2" falsecount="0"/>
        <line num="526" count="4" type="cond" truecount="2" falsecount="0"/>
        <line num="527" count="4" type="cond" truecount="2" falsecount="0"/>
        <line num="528" count="3" type="stmt"/>
        <line num="530" count="1" type="stmt"/>
        <line num="542" count="21" type="stmt"/>
        <line num="558" count="4" type="stmt"/>
        <line num="570" count="21" type="stmt"/>
        <line num="591" count="21" type="stmt"/>
        <line num="593" count="10" type="stmt"/>
        <line num="599" count="175" type="stmt"/>
        <line num="601" count="1989" type="cond" truecount="2" falsecount="0"/>
        <line num="602" count="32" type="cond" truecount="2" falsecount="0"/>
        <line num="604" count="19025" type="cond" truecount="4" falsecount="0"/>
        <line num="607" count="6696" type="stmt"/>
        <line num="608" count="372" type="cond" truecount="2" falsecount="0"/>
        <line num="609" count="363" type="cond" truecount="0" falsecount="2"/>
        <line num="611" count="36" type="stmt"/>
        <line num="613" count="20" type="stmt"/>
        <line num="614" count="20" type="stmt"/>
        <line num="615" count="313" type="stmt"/>
        <line num="616" count="313" type="cond" truecount="4" falsecount="0"/>
        <line num="617" count="302" type="stmt"/>
        <line num="619" count="11" type="stmt"/>
        <line num="620" count="11" type="stmt"/>
        <line num="621" count="11" type="stmt"/>
        <line num="622" count="11" type="stmt"/>
        <line num="623" count="11" type="cond" truecount="2" falsecount="0"/>
        <line num="624" count="10" type="stmt"/>
        <line num="625" count="10" type="stmt"/>
        <line num="631" count="10" type="stmt"/>
        <line num="632" count="10" type="stmt"/>
        <line num="634" count="11" type="stmt"/>
        <line num="640" count="20" type="stmt"/>
      </file>
      <file name="runtime.ts" path="/Users/ld/Documents/demo/IR/src/engine/runtime.ts">
        <metrics statements="268" coveredstatements="268" conditionals="148" coveredconditionals="139" methods="33" coveredmethods="33"/>
        <line num="4" count="1" type="stmt"/>
        <line num="73" count="34" type="stmt"/>
        <line num="77" count="34" type="stmt"/>
        <line num="78" count="34" type="stmt"/>
        <line num="80" count="34" type="stmt"/>
        <line num="81" count="34" type="stmt"/>
        <line num="82" count="34" type="stmt"/>
        <line num="83" count="34" type="stmt"/>
        <line num="84" count="34" type="stmt"/>
        <line num="85" count="34" type="stmt"/>
        <line num="86" count="34" type="stmt"/>
        <line num="87" count="34" type="stmt"/>
        <line num="88" count="34" type="stmt"/>
        <line num="89" count="34" type="stmt"/>
        <line num="90" count="34" type="stmt"/>
        <line num="91" count="34" type="stmt"/>
        <line num="92" count="34" type="stmt"/>
        <line num="93" count="34" type="stmt"/>
        <line num="94" count="34" type="stmt"/>
        <line num="97" count="34" type="stmt"/>
        <line num="98" count="34" type="stmt"/>
        <line num="99" count="34" type="stmt"/>
        <line num="100" count="34" type="stmt"/>
        <line num="104" count="1" type="stmt"/>
        <line num="105" count="1" type="stmt"/>
        <line num="106" count="1" type="stmt"/>
        <line num="110" count="81" type="stmt"/>
        <line num="124" count="1" type="stmt"/>
        <line num="125" count="1" type="stmt"/>
        <line num="126" count="1" type="stmt"/>
        <line num="127" count="1" type="stmt"/>
        <line num="128" count="1" type="stmt"/>
        <line num="129" count="1" type="stmt"/>
        <line num="130" count="1" type="stmt"/>
        <line num="134" count="3" type="stmt"/>
        <line num="135" count="3" type="stmt"/>
        <line num="136" count="3" type="stmt"/>
        <line num="140" count="2" type="stmt"/>
        <line num="141" count="2" type="stmt"/>
        <line num="142" count="2" type="stmt"/>
        <line num="143" count="2" type="stmt"/>
        <line num="144" count="2" type="stmt"/>
        <line num="145" count="2" type="stmt"/>
        <line num="146" count="2" type="stmt"/>
        <line num="147" count="2" type="stmt"/>
        <line num="148" count="2" type="stmt"/>
        <line num="149" count="2" type="stmt"/>
        <line num="150" count="2" type="stmt"/>
        <line num="151" count="2" type="stmt"/>
        <line num="152" count="2" type="stmt"/>
        <line num="153" count="2" type="stmt"/>
        <line num="154" count="2" type="stmt"/>
        <line num="155" count="2" type="stmt"/>
        <line num="159" count="4" type="cond" truecount="2" falsecount="0"/>
        <line num="160" count="1" type="stmt"/>
        <line num="162" count="3" type="stmt"/>
        <line num="164" count="4" type="stmt"/>
        <line num="168" count="33" type="cond" truecount="2" falsecount="0"/>
        <line num="169" count="32" type="cond" truecount="4" falsecount="0"/>
        <line num="170" count="30" type="stmt"/>
        <line num="171" count="30" type="stmt"/>
        <line num="172" count="30" type="cond" truecount="2" falsecount="0"/>
        <line num="173" count="865" type="cond" truecount="2" falsecount="0"/>
        <line num="174" count="865" type="cond" truecount="2" falsecount="0"/>
        <line num="175" count="1" type="stmt"/>
        <line num="176" count="1" type="stmt"/>
        <line num="178" count="864" type="stmt"/>
        <line num="179" count="864" type="cond" truecount="2" falsecount="0"/>
        <line num="180" count="860" type="stmt"/>
        <line num="182" count="30" type="cond" truecount="4" falsecount="0"/>
        <line num="183" count="1" type="stmt"/>
        <line num="185" count="30" type="stmt"/>
        <line num="189" count="1" type="stmt"/>
        <line num="190" count="1" type="stmt"/>
        <line num="191" count="1" type="stmt"/>
        <line num="195" count="1" type="stmt"/>
        <line num="199" count="2" type="cond" truecount="1" falsecount="1"/>
        <line num="200" count="2" type="cond" truecount="4" falsecount="0"/>
        <line num="201" count="1" type="stmt"/>
        <line num="202" count="1" type="stmt"/>
        <line num="203" count="1" type="cond" truecount="1" falsecount="1"/>
        <line num="204" count="1" type="stmt"/>
        <line num="206" count="1" type="stmt"/>
        <line num="210" count="2" type="cond" truecount="4" falsecount="0"/>
        <line num="211" count="1" type="stmt"/>
        <line num="212" count="1" type="stmt"/>
        <line num="213" count="1" type="stmt"/>
        <line num="214" count="1" type="stmt"/>
        <line num="215" count="1" type="stmt"/>
        <line num="219" count="3" type="cond" truecount="4" falsecount="0"/>
        <line num="220" count="2" type="stmt"/>
        <line num="221" count="2" type="stmt"/>
        <line num="222" count="2" type="cond" truecount="2" falsecount="0"/>
        <line num="223" count="2" type="cond" truecount="2" falsecount="0"/>
        <line num="224" count="1" type="stmt"/>
        <line num="225" count="1" type="stmt"/>
        <line num="227" count="1" type="stmt"/>
        <line num="228" count="1" type="stmt"/>
        <line num="229" count="1" type="stmt"/>
        <line num="230" count="1" type="stmt"/>
        <line num="234" count="868" type="cond" truecount="2" falsecount="0"/>
        <line num="235" count="1" type="stmt"/>
        <line num="236" count="1" type="stmt"/>
        <line num="237" count="1" type="stmt"/>
        <line num="239" count="867" type="cond" truecount="4" falsecount="0"/>
        <line num="240" count="1" type="stmt"/>
        <line num="241" count="1" type="stmt"/>
        <line num="243" count="866" type="stmt"/>
        <line num="244" count="866" type="cond" truecount="2" falsecount="0"/>
        <line num="245" count="1" type="stmt"/>
        <line num="246" count="1" type="stmt"/>
        <line num="248" count="865" type="stmt"/>
        <line num="249" count="865" type="cond" truecount="2" falsecount="0"/>
        <line num="250" count="1" type="stmt"/>
        <line num="251" count="1" type="stmt"/>
        <line num="253" count="864" type="stmt"/>
        <line num="254" count="864" type="cond" truecount="2" falsecount="0"/>
        <line num="255" count="1" type="stmt"/>
        <line num="256" count="1" type="stmt"/>
        <line num="259" count="863" type="stmt"/>
        <line num="260" count="863" type="stmt"/>
        <line num="261" count="863" type="stmt"/>
        <line num="263" count="863" type="stmt"/>
        <line num="264" count="863" type="stmt"/>
        <line num="265" count="860" type="stmt"/>
        <line num="273" count="5" type="cond" truecount="2" falsecount="0"/>
        <line num="275" count="863" type="stmt"/>
        <line num="276" count="863" type="stmt"/>
        <line num="278" count="863" type="stmt"/>
        <line num="291" count="863" type="stmt"/>
        <line num="292" count="863" type="stmt"/>
        <line num="293" count="863" type="stmt"/>
        <line num="295" count="863" type="stmt"/>
        <line num="302" count="863" type="cond" truecount="2" falsecount="0"/>
        <line num="303" count="5" type="stmt"/>
        <line num="304" count="5" type="stmt"/>
        <line num="307" count="858" type="cond" truecount="2" falsecount="0"/>
        <line num="308" count="1" type="stmt"/>
        <line num="309" count="1" type="stmt"/>
        <line num="312" count="857" type="cond" truecount="2" falsecount="0"/>
        <line num="313" count="833" type="stmt"/>
        <line num="316" count="857" type="cond" truecount="1" falsecount="1"/>
        <line num="317" count="857" type="stmt"/>
        <line num="320" count="857" type="cond" truecount="2" falsecount="0"/>
        <line num="321" count="3" type="cond" truecount="1" falsecount="1"/>
        <line num="322" count="3" type="stmt"/>
        <line num="323" count="3" type="cond" truecount="2" falsecount="0"/>
        <line num="324" count="2" type="stmt"/>
        <line num="328" count="857" type="cond" truecount="2" falsecount="0"/>
        <line num="329" count="2" type="stmt"/>
        <line num="330" count="2" type="stmt"/>
        <line num="331" count="2" type="cond" truecount="2" falsecount="0"/>
        <line num="332" count="1" type="stmt"/>
        <line num="333" count="1" type="stmt"/>
        <line num="335" count="1" type="stmt"/>
        <line num="339" count="1" type="stmt"/>
        <line num="340" count="1" type="stmt"/>
        <line num="341" count="1" type="stmt"/>
        <line num="344" count="855" type="cond" truecount="2" falsecount="0"/>
        <line num="345" count="8" type="stmt"/>
        <line num="346" count="8" type="stmt"/>
        <line num="347" count="8" type="cond" truecount="2" falsecount="0"/>
        <line num="348" count="5" type="stmt"/>
        <line num="350" count="8" type="stmt"/>
        <line num="353" count="847" type="stmt"/>
        <line num="354" count="847" type="stmt"/>
        <line num="358" count="5" type="cond" truecount="2" falsecount="0"/>
        <line num="359" count="5" type="cond" truecount="2" falsecount="0"/>
        <line num="360" count="1" type="stmt"/>
        <line num="361" count="1" type="stmt"/>
        <line num="363" count="4" type="stmt"/>
        <line num="364" count="4" type="stmt"/>
        <line num="365" count="4" type="stmt"/>
        <line num="369" count="853" type="cond" truecount="4" falsecount="0"/>
        <line num="370" count="818" type="stmt"/>
        <line num="371" count="818" type="stmt"/>
        <line num="372" count="818" type="cond" truecount="1" falsecount="1"/>
        <line num="373" count="818" type="stmt"/>
        <line num="375" count="818" type="stmt"/>
        <line num="376" count="818" type="cond" truecount="1" falsecount="1"/>
        <line num="377" count="818" type="stmt"/>
        <line num="381" count="853" type="cond" truecount="2" falsecount="0"/>
        <line num="382" count="11" type="stmt"/>
        <line num="383" count="11" type="stmt"/>
        <line num="385" count="842" type="stmt"/>
        <line num="386" count="842" type="cond" truecount="2" falsecount="0"/>
        <line num="387" count="1" type="stmt"/>
        <line num="388" count="1" type="stmt"/>
        <line num="390" count="841" type="stmt"/>
        <line num="391" count="841" type="cond" truecount="2" falsecount="0"/>
        <line num="392" count="2" type="stmt"/>
        <line num="393" count="2" type="stmt"/>
        <line num="395" count="839" type="stmt"/>
        <line num="399" count="13" type="cond" truecount="2" falsecount="0"/>
        <line num="400" count="1" type="stmt"/>
        <line num="401" count="1" type="cond" truecount="1" falsecount="1"/>
        <line num="402" count="1" type="stmt"/>
        <line num="403" count="1" type="cond" truecount="1" falsecount="1"/>
        <line num="404" count="1" type="stmt"/>
        <line num="405" count="1" type="stmt"/>
        <line num="406" count="1" type="stmt"/>
        <line num="410" count="12" type="stmt"/>
        <line num="411" count="12" type="stmt"/>
        <line num="412" count="12" type="stmt"/>
        <line num="416" count="863" type="stmt"/>
        <line num="417" count="863" type="stmt"/>
        <line num="418" count="854" type="cond" truecount="2" falsecount="0"/>
        <line num="419" count="17" type="stmt"/>
        <line num="420" count="17" type="cond" truecount="2" falsecount="0"/>
        <line num="421" count="14" type="stmt"/>
        <line num="422" count="14" type="cond" truecount="4" falsecount="0"/>
        <line num="423" count="1" type="stmt"/>
        <line num="425" count="13" type="stmt"/>
        <line num="426" count="3" type="cond" truecount="2" falsecount="0"/>
        <line num="427" count="1" type="stmt"/>
        <line num="428" count="2" type="cond" truecount="1" falsecount="1"/>
        <line num="429" count="2" type="stmt"/>
        <line num="432" count="860" type="stmt"/>
        <line num="436" count="864" type="cond" truecount="2" falsecount="0"/>
        <line num="440" count="1708" type="stmt"/>
        <line num="441" count="1708" type="cond" truecount="2" falsecount="0"/>
        <line num="442" count="3526" type="stmt"/>
        <line num="443" count="1706" type="stmt"/>
        <line num="444" count="1706" type="stmt"/>
        <line num="445" count="1706" type="stmt"/>
        <line num="446" count="3494" type="cond" truecount="2" falsecount="0"/>
        <line num="447" count="3494" type="cond" truecount="2" falsecount="0"/>
        <line num="448" count="3494" type="stmt"/>
        <line num="449" count="3494" type="stmt"/>
        <line num="451" count="1706" type="stmt"/>
        <line num="455" count="1708" type="cond" truecount="2" falsecount="0"/>
        <line num="456" count="5" type="cond" truecount="2" falsecount="0"/>
        <line num="460" count="2" type="cond" truecount="2" falsecount="0"/>
        <line num="464" count="8" type="cond" truecount="2" falsecount="0"/>
        <line num="465" count="2" type="stmt"/>
        <line num="474" count="6" type="cond" truecount="2" falsecount="0"/>
        <line num="475" count="5" type="stmt"/>
        <line num="484" count="1" type="stmt"/>
        <line num="493" count="5" type="stmt"/>
        <line num="494" count="3" type="cond" truecount="4" falsecount="0"/>
        <line num="495" count="2" type="cond" truecount="2" falsecount="0"/>
        <line num="496" count="1" type="stmt"/>
        <line num="497" count="1" type="stmt"/>
        <line num="498" count="1" type="stmt"/>
        <line num="499" count="1" type="stmt"/>
        <line num="500" count="1" type="stmt"/>
        <line num="501" count="1" type="stmt"/>
        <line num="503" count="5" type="stmt"/>
        <line num="504" count="5" type="stmt"/>
        <line num="508" count="2" type="stmt"/>
        <line num="509" count="2" type="stmt"/>
        <line num="510" count="2" type="stmt"/>
        <line num="511" count="1" type="stmt"/>
        <line num="513" count="2" type="stmt"/>
        <line num="517" count="8" type="stmt"/>
        <line num="518" count="8" type="stmt"/>
        <line num="519" count="8" type="stmt"/>
        <line num="523" count="40" type="stmt"/>
        <line num="524" count="40" type="stmt"/>
        <line num="525" count="1" type="stmt"/>
        <line num="530" count="6" type="stmt"/>
        <line num="531" count="6" type="stmt"/>
        <line num="532" count="6" type="stmt"/>
        <line num="533" count="15" type="cond" truecount="2" falsecount="0"/>
        <line num="534" count="3" type="cond" truecount="2" falsecount="0"/>
        <line num="535" count="3" type="cond" truecount="4" falsecount="0"/>
        <line num="536" count="2" type="stmt"/>
        <line num="537" count="2" type="stmt"/>
      </file>
      <file name="sampleGraph.ts" path="/Users/ld/Documents/demo/IR/src/engine/sampleGraph.ts">
        <metrics statements="1" coveredstatements="1" conditionals="0" coveredconditionals="0" methods="0" coveredmethods="0"/>
        <line num="3" count="12" type="stmt"/>
      </file>
      <file name="validator.ts" path="/Users/ld/Documents/demo/IR/src/engine/validator.ts">
        <metrics statements="103" coveredstatements="99" conditionals="95" coveredconditionals="84" methods="8" coveredmethods="8"/>
        <line num="3" count="8" type="stmt"/>
        <line num="11" count="8" type="stmt"/>
        <line num="12" count="148" type="cond" truecount="4" falsecount="0"/>
        <line num="13" count="147" type="cond" truecount="2" falsecount="0"/>
        <line num="14" count="29" type="cond" truecount="2" falsecount="0"/>
        <line num="15" count="3" type="stmt"/>
        <line num="18" count="23" type="stmt"/>
        <line num="19" count="23" type="stmt"/>
        <line num="20" count="281" type="stmt"/>
        <line num="21" count="23" type="stmt"/>
        <line num="23" count="23" type="cond" truecount="2" falsecount="0"/>
        <line num="24" count="2" type="stmt"/>
        <line num="27" count="23" type="cond" truecount="1" falsecount="1"/>
        <line num="28" count="0" type="stmt"/>
        <line num="30" count="23" type="cond" truecount="1" falsecount="1"/>
        <line num="31" count="0" type="stmt"/>
        <line num="34" count="23" type="stmt"/>
        <line num="35" count="23" type="stmt"/>
        <line num="36" count="394" type="cond" truecount="2" falsecount="0"/>
        <line num="37" count="1" type="stmt"/>
        <line num="39" count="394" type="stmt"/>
        <line num="40" count="394" type="stmt"/>
        <line num="41" count="394" type="stmt"/>
        <line num="42" count="394" type="cond" truecount="2" falsecount="0"/>
        <line num="43" count="1" type="stmt"/>
        <line num="44" count="1" type="stmt"/>
        <line num="46" count="393" type="cond" truecount="2" falsecount="0"/>
        <line num="47" count="1" type="stmt"/>
        <line num="48" count="1" type="stmt"/>
        <line num="50" count="392" type="stmt"/>
        <line num="51" count="392" type="stmt"/>
        <line num="52" count="392" type="cond" truecount="1" falsecount="1"/>
        <line num="53" count="0" type="stmt"/>
        <line num="54" count="0" type="stmt"/>
        <line num="56" count="392" type="cond" truecount="2" falsecount="0"/>
        <line num="57" count="1" type="stmt"/>
        <line num="58" count="1" type="stmt"/>
        <line num="60" count="557" type="stmt"/>
        <line num="61" count="564" type="stmt"/>
        <line num="62" count="391" type="cond" truecount="2" falsecount="0"/>
        <line num="63" count="1" type="stmt"/>
        <line num="64" count="1" type="stmt"/>
        <line num="66" count="390" type="cond" truecount="2" falsecount="0"/>
        <line num="67" count="1" type="stmt"/>
        <line num="68" count="1" type="stmt"/>
        <line num="70" count="389" type="cond" truecount="2" falsecount="0"/>
        <line num="71" count="1" type="stmt"/>
        <line num="76" count="1" type="stmt"/>
        <line num="78" count="388" type="cond" truecount="4" falsecount="0"/>
        <line num="79" count="1" type="stmt"/>
        <line num="87" count="23" type="stmt"/>
        <line num="88" count="23" type="stmt"/>
        <line num="90" count="23" type="stmt"/>
        <line num="91" count="394" type="cond" truecount="2" falsecount="0"/>
        <line num="92" count="253" type="stmt"/>
        <line num="94" count="394" type="cond" truecount="2" falsecount="0"/>
        <line num="95" count="240" type="stmt"/>
        <line num="97" count="394" type="stmt"/>
        <line num="98" count="394" type="stmt"/>
        <line num="99" count="394" type="cond" truecount="1" falsecount="1"/>
        <line num="100" count="394" type="cond" truecount="2" falsecount="0"/>
        <line num="102" count="394" type="cond" truecount="1" falsecount="1"/>
        <line num="103" count="394" type="cond" truecount="2" falsecount="0"/>
        <line num="107" count="23" type="stmt"/>
        <line num="108" count="281" type="stmt"/>
        <line num="109" count="281" type="cond" truecount="2" falsecount="0"/>
        <line num="110" count="2" type="stmt"/>
        <line num="111" count="2" type="stmt"/>
        <line num="113" count="279" type="stmt"/>
        <line num="114" count="279" type="cond" truecount="2" falsecount="0"/>
        <line num="115" count="1" type="stmt"/>
        <line num="120" count="279" type="cond" truecount="2" falsecount="0"/>
        <line num="121" count="279" type="cond" truecount="2" falsecount="0"/>
        <line num="123" count="279" type="stmt"/>
        <line num="124" count="402" type="cond" truecount="2" falsecount="0"/>
        <line num="125" count="402" type="cond" truecount="2" falsecount="0"/>
        <line num="126" count="145" type="cond" truecount="2" falsecount="0"/>
        <line num="127" count="1" type="stmt"/>
        <line num="133" count="145" type="stmt"/>
        <line num="134" count="145" type="stmt"/>
        <line num="135" count="145" type="cond" truecount="5" falsecount="0"/>
        <line num="136" count="4" type="stmt"/>
        <line num="143" count="402" type="cond" truecount="4" falsecount="0"/>
        <line num="144" count="1" type="stmt"/>
        <line num="152" count="279" type="stmt"/>
        <line num="153" count="448" type="cond" truecount="2" falsecount="0"/>
        <line num="154" count="271" type="cond" truecount="2" falsecount="0"/>
        <line num="155" count="271" type="cond" truecount="2" falsecount="0"/>
        <line num="156" count="1" type="stmt"/>
        <line num="165" count="279" type="cond" truecount="2" falsecount="0"/>
        <line num="166" count="1" type="cond" truecount="1" falsecount="1"/>
        <line num="167" count="1" type="cond" truecount="3" falsecount="1"/>
        <line num="168" count="1" type="stmt"/>
        <line num="175" count="279" type="cond" truecount="2" falsecount="0"/>
        <line num="176" count="1" type="cond" truecount="1" falsecount="1"/>
        <line num="177" count="1" type="cond" truecount="3" falsecount="1"/>
        <line num="178" count="1" type="stmt"/>
        <line num="186" count="23" type="stmt"/>
        <line num="187" count="1" type="stmt"/>
        <line num="188" count="1" type="cond" truecount="1" falsecount="1"/>
        <line num="190" count="1" type="cond" truecount="1" falsecount="1"/>
        <line num="191" count="1" type="stmt"/>
        <line num="198" count="23" type="stmt"/>
      </file>
    </package>
    <package name="studio">
      <metrics statements="239" coveredstatements="230" conditionals="95" coveredconditionals="84" methods="86" coveredmethods="77"/>
      <file name="commands.ts" path="/Users/ld/Documents/demo/IR/src/studio/commands.ts">
        <metrics statements="15" coveredstatements="15" conditionals="14" coveredconditionals="14" methods="6" coveredmethods="6"/>
        <line num="12" count="9" type="stmt"/>
        <line num="13" count="9" type="cond" truecount="8" falsecount="0"/>
        <line num="15" count="1" type="stmt"/>
        <line num="17" count="1" type="stmt"/>
        <line num="19" count="2" type="stmt"/>
        <line num="21" count="1" type="cond" truecount="2" falsecount="0"/>
        <line num="25" count="2" type="stmt"/>
        <line num="28" count="4" type="cond" truecount="2" falsecount="0"/>
        <line num="32" count="1" type="stmt"/>
        <line num="35" count="2" type="cond" truecount="2" falsecount="0"/>
        <line num="39" count="1" type="stmt"/>
        <line num="44" count="1" type="stmt"/>
        <line num="46" count="1" type="stmt"/>
        <line num="48" count="1" type="stmt"/>
        <line num="49" count="1" type="stmt"/>
      </file>
      <file name="ecs.ts" path="/Users/ld/Documents/demo/IR/src/studio/ecs.ts">
        <metrics statements="39" coveredstatements="39" conditionals="10" coveredconditionals="9" methods="4" coveredmethods="4"/>
        <line num="1" count="2" type="stmt"/>
        <line num="6" count="2" type="stmt"/>
        <line num="7" count="2" type="stmt"/>
        <line num="8" count="2" type="stmt"/>
        <line num="9" count="2" type="stmt"/>
        <line num="20" count="7" type="stmt"/>
        <line num="21" count="7" type="stmt"/>
        <line num="22" count="7" type="stmt"/>
        <line num="23" count="7" type="stmt"/>
        <line num="24" count="7" type="stmt"/>
        <line num="25" count="7" type="stmt"/>
        <line num="26" count="70" type="stmt"/>
        <line num="27" count="70" type="stmt"/>
        <line num="28" count="70" type="stmt"/>
        <line num="30" count="7" type="stmt"/>
        <line num="40" count="5" type="stmt"/>
        <line num="41" count="5" type="stmt"/>
        <line num="42" count="5" type="stmt"/>
        <line num="43" count="96" type="cond" truecount="2" falsecount="0"/>
        <line num="44" count="1" type="stmt"/>
        <line num="45" count="1" type="stmt"/>
        <line num="46" count="1" type="stmt"/>
        <line num="48" count="96" type="stmt"/>
        <line num="50" count="5" type="stmt"/>
        <line num="51" count="1" type="stmt"/>
        <line num="52" count="1" type="cond" truecount="1" falsecount="1"/>
        <line num="53" count="1" type="stmt"/>
        <line num="55" count="1" type="stmt"/>
        <line num="57" count="5" type="cond" truecount="4" falsecount="0"/>
        <line num="58" count="1" type="stmt"/>
        <line num="62" count="4" type="stmt"/>
        <line num="63" count="4" type="stmt"/>
        <line num="64" count="66" type="cond" truecount="2" falsecount="0"/>
        <line num="65" count="4" type="stmt"/>
        <line num="67" count="62" type="stmt"/>
        <line num="70" count="4" type="stmt"/>
        <line num="73" count="4" type="stmt"/>
        <line num="78" count="4" type="stmt"/>
        <line num="79" count="4" type="stmt"/>
      </file>
      <file name="errors.ts" path="/Users/ld/Documents/demo/IR/src/studio/errors.ts">
        <metrics statements="10" coveredstatements="10" conditionals="8" coveredconditionals="7" methods="1" coveredmethods="1"/>
        <line num="8" count="21" type="stmt"/>
        <line num="9" count="21" type="stmt"/>
        <line num="10" count="21" type="stmt"/>
        <line num="11" count="3" type="cond" truecount="1" falsecount="1"/>
        <line num="12" count="3" type="cond" truecount="2" falsecount="0"/>
        <line num="13" count="3" type="cond" truecount="2" falsecount="0"/>
        <line num="14" count="2" type="cond" truecount="2" falsecount="0"/>
        <line num="16" count="1" type="stmt"/>
        <line num="18" count="3" type="stmt"/>
        <line num="20" count="21" type="stmt"/>
      </file>
      <file name="json.ts" path="/Users/ld/Documents/demo/IR/src/studio/json.ts">
        <metrics statements="6" coveredstatements="6" conditionals="2" coveredconditionals="2" methods="2" coveredmethods="2"/>
        <line num="7" count="7" type="stmt"/>
        <line num="8" count="6" type="stmt"/>
        <line num="9" count="6" type="stmt"/>
        <line num="10" count="3" type="stmt"/>
        <line num="12" count="3" type="cond" truecount="2" falsecount="0"/>
        <line num="16" count="19" type="stmt"/>
      </file>
      <file name="layout.ts" path="/Users/ld/Documents/demo/IR/src/studio/layout.ts">
        <metrics statements="13" coveredstatements="13" conditionals="2" coveredconditionals="2" methods="1" coveredmethods="1"/>
        <line num="3" count="2" type="stmt"/>
        <line num="4" count="2" type="cond" truecount="2" falsecount="0"/>
        <line num="5" count="1" type="stmt"/>
        <line num="7" count="1" type="stmt"/>
        <line num="8" count="1" type="stmt"/>
        <line num="9" count="1" type="stmt"/>
        <line num="10" count="1" type="stmt"/>
        <line num="11" count="1" type="stmt"/>
        <line num="12" count="2" type="stmt"/>
        <line num="13" count="2" type="stmt"/>
        <line num="14" count="2" type="stmt"/>
        <line num="15" count="2" type="stmt"/>
        <line num="17" count="1" type="stmt"/>
      </file>
      <file name="machine.ts" path="/Users/ld/Documents/demo/IR/src/studio/machine.ts">
        <metrics statements="63" coveredstatements="54" conditionals="16" coveredconditionals="14" methods="47" coveredmethods="38"/>
        <line num="1" count="7" type="stmt"/>
        <line num="3" count="7" type="stmt"/>
        <line num="5" count="7" type="stmt"/>
        <line num="6" count="7" type="stmt"/>
        <line num="7" count="7" type="stmt"/>
        <line num="31" count="7" type="stmt"/>
        <line num="32" count="8" type="stmt"/>
        <line num="33" count="8" type="cond" truecount="2" falsecount="0"/>
        <line num="34" count="7" type="stmt"/>
        <line num="35" count="7" type="stmt"/>
        <line num="36" count="7" type="stmt"/>
        <line num="38" count="7" type="stmt"/>
        <line num="41" count="7" type="stmt"/>
        <line num="43" count="17" type="stmt"/>
        <line num="63" count="4" type="stmt"/>
        <line num="64" count="4" type="stmt"/>
        <line num="65" count="4" type="stmt"/>
        <line num="70" count="1" type="stmt"/>
        <line num="71" count="1" type="stmt"/>
        <line num="72" count="1" type="stmt"/>
        <line num="79" count="9" type="stmt"/>
        <line num="80" count="9" type="stmt"/>
        <line num="82" count="9" type="cond" truecount="2" falsecount="0"/>
        <line num="87" count="1" type="stmt"/>
        <line num="88" count="1" type="stmt"/>
        <line num="93" count="1" type="stmt"/>
        <line num="94" count="1" type="stmt"/>
        <line num="103" count="12" type="stmt"/>
        <line num="110" count="1" type="stmt"/>
        <line num="111" count="1" type="stmt"/>
        <line num="112" count="1" type="stmt"/>
        <line num="117" count="0" type="stmt"/>
        <line num="118" count="0" type="stmt"/>
        <line num="119" count="0" type="stmt"/>
        <line num="126" count="1" type="stmt"/>
        <line num="127" count="1" type="stmt"/>
        <line num="129" count="1" type="cond" truecount="1" falsecount="1"/>
        <line num="136" count="10" type="stmt"/>
        <line num="137" count="10" type="stmt"/>
        <line num="142" count="7" type="cond" truecount="2" falsecount="0"/>
        <line num="144" count="7" type="stmt"/>
        <line num="150" count="2" type="stmt"/>
        <line num="151" count="2" type="stmt"/>
        <line num="160" count="0" type="stmt"/>
        <line num="161" count="0" type="stmt"/>
        <line num="162" count="0" type="stmt"/>
        <line num="167" count="0" type="stmt"/>
        <line num="168" count="0" type="stmt"/>
        <line num="169" count="0" type="stmt"/>
        <line num="176" count="1" type="stmt"/>
        <line num="177" count="1" type="stmt"/>
        <line num="179" count="1" type="cond" truecount="1" falsecount="1"/>
        <line num="187" count="4" type="stmt"/>
        <line num="188" count="4" type="cond" truecount="2" falsecount="0"/>
        <line num="189" count="2" type="stmt"/>
        <line num="191" count="2" type="stmt"/>
        <line num="193" count="4" type="stmt"/>
        <line num="197" count="2" type="stmt"/>
        <line num="198" count="2" type="stmt"/>
        <line num="199" count="2" type="stmt"/>
        <line num="200" count="2" type="stmt"/>
        <line num="201" count="2" type="stmt"/>
        <line num="207" count="2" type="cond" truecount="2" falsecount="0"/>
      </file>
      <file name="nodeFactory.ts" path="/Users/ld/Documents/demo/IR/src/studio/nodeFactory.ts">
        <metrics statements="12" coveredstatements="12" conditionals="3" coveredconditionals="2" methods="6" coveredmethods="6"/>
        <line num="4" count="1" type="stmt"/>
        <line num="5" count="2" type="stmt"/>
        <line num="8" count="2" type="stmt"/>
        <line num="14" count="2" type="stmt"/>
        <line num="15" count="2" type="cond" truecount="2" falsecount="0"/>
        <line num="16" count="1" type="stmt"/>
        <line num="18" count="1" type="stmt"/>
        <line num="27" count="1" type="stmt"/>
        <line num="28" count="1" type="stmt"/>
        <line num="30" count="18" type="stmt"/>
        <line num="31" count="18" type="stmt"/>
        <line num="32" count="18" type="stmt"/>
      </file>
      <file name="sync.ts" path="/Users/ld/Documents/demo/IR/src/studio/sync.ts">
        <metrics statements="55" coveredstatements="55" conditionals="34" coveredconditionals="29" methods="13" coveredmethods="13"/>
        <line num="1" count="1" type="stmt"/>
        <line num="12" count="3" type="stmt"/>
        <line num="13" count="6" type="cond" truecount="4" falsecount="0"/>
        <line num="14" count="5" type="stmt"/>
        <line num="16" count="1" type="stmt"/>
        <line num="19" count="4" type="stmt"/>
        <line num="24" count="12" type="cond" truecount="2" falsecount="0"/>
        <line num="25" count="7" type="cond" truecount="2" falsecount="0"/>
        <line num="26" count="7" type="cond" truecount="2" falsecount="0"/>
        <line num="27" count="5" type="stmt"/>
        <line num="28" count="5" type="stmt"/>
        <line num="40" count="3" type="stmt"/>
        <line num="48" count="3" type="stmt"/>
        <line num="49" count="3" type="stmt"/>
        <line num="50" count="3" type="stmt"/>
        <line num="51" count="3" type="stmt"/>
        <line num="52" count="3" type="stmt"/>
        <line num="54" count="3" type="stmt"/>
        <line num="55" count="3" type="stmt"/>
        <line num="58" count="3" type="stmt"/>
        <line num="59" count="5" type="stmt"/>
        <line num="60" count="5" type="stmt"/>
        <line num="63" count="3" type="stmt"/>
        <line num="65" count="5" type="cond" truecount="2" falsecount="0"/>
        <line num="66" count="4" type="stmt"/>
        <line num="71" count="3" type="stmt"/>
        <line num="73" count="2" type="stmt"/>
        <line num="78" count="3" type="stmt"/>
        <line num="80" count="2" type="stmt"/>
        <line num="85" count="3" type="stmt"/>
        <line num="86" count="1" type="stmt"/>
        <line num="89" count="3" type="stmt"/>
        <line num="90" count="3" type="cond" truecount="2" falsecount="0"/>
        <line num="91" count="2" type="cond" truecount="1" falsecount="1"/>
        <line num="92" count="2" type="cond" truecount="1" falsecount="1"/>
        <line num="93" count="2" type="stmt"/>
        <line num="94" count="2" type="stmt"/>
        <line num="96" count="2" type="stmt"/>
        <line num="97" count="8" type="stmt"/>
        <line num="98" count="8" type="cond" truecount="3" falsecount="1"/>
        <line num="99" count="8" type="cond" truecount="2" falsecount="0"/>
        <line num="100" count="4" type="cond" truecount="2" falsecount="0"/>
        <line num="101" count="1" type="cond" truecount="1" falsecount="1"/>
        <line num="102" count="1" type="stmt"/>
        <line num="104" count="1" type="stmt"/>
        <line num="106" count="3" type="cond" truecount="2" falsecount="0"/>
        <line num="107" count="2" type="stmt"/>
        <line num="108" count="2" type="stmt"/>
        <line num="110" count="1" type="cond" truecount="1" falsecount="1"/>
        <line num="111" count="1" type="stmt"/>
        <line num="115" count="2" type="stmt"/>
        <line num="116" count="2" type="stmt"/>
        <line num="117" count="2" type="stmt"/>
        <line num="118" count="2" type="stmt"/>
        <line num="122" count="3" type="stmt"/>
      </file>
      <file name="useStudio.ts" path="/Users/ld/Documents/demo/IR/src/studio/useStudio.ts">
        <metrics statements="22" coveredstatements="22" conditionals="6" coveredconditionals="5" methods="5" coveredmethods="5"/>
        <line num="1" count="1" type="stmt"/>
        <line num="2" count="1" type="stmt"/>
        <line num="3" count="1" type="stmt"/>
        <line num="4" count="1" type="stmt"/>
        <line num="8" count="3" type="stmt"/>
        <line num="9" count="3" type="stmt"/>
        <line num="10" count="3" type="cond" truecount="1" falsecount="1"/>
        <line num="11" count="3" type="stmt"/>
        <line num="12" count="3" type="cond" truecount="2" falsecount="0"/>
        <line num="13" count="1" type="stmt"/>
        <line num="16" count="3" type="stmt"/>
        <line num="17" count="3" type="cond" truecount="2" falsecount="0"/>
        <line num="18" count="2" type="stmt"/>
        <line num="21" count="3" type="stmt"/>
        <line num="24" count="3" type="stmt"/>
        <line num="27" count="3" type="stmt"/>
        <line num="30" count="2" type="stmt"/>
        <line num="33" count="3" type="stmt"/>
        <line num="36" count="3" type="stmt"/>
        <line num="43" count="3" type="stmt"/>
        <line num="44" count="1" type="stmt"/>
        <line num="47" count="3" type="stmt"/>
      </file>
      <file name="validation.ts" path="/Users/ld/Documents/demo/IR/src/studio/validation.ts">
        <metrics statements="4" coveredstatements="4" conditionals="0" coveredconditionals="0" methods="1" coveredmethods="1"/>
        <line num="2" count="5" type="stmt"/>
        <line num="3" count="5" type="stmt"/>
        <line num="5" count="7" type="stmt"/>
        <line num="6" count="7" type="stmt"/>
      </file>
    </package>
    <package name="studio.rete">
      <metrics statements="306" coveredstatements="301" conditionals="199" coveredconditionals="167" methods="52" coveredmethods="50"/>
      <file name="ReteCanvas.tsx" path="/Users/ld/Documents/demo/IR/src/studio/rete/ReteCanvas.tsx">
        <metrics statements="184" coveredstatements="181" conditionals="93" coveredconditionals="75" methods="28" coveredmethods="26"/>
        <line num="1" count="1" type="stmt"/>
        <line num="2" count="1" type="stmt"/>
        <line num="3" count="1" type="stmt"/>
        <line num="4" count="1" type="stmt"/>
        <line num="5" count="1" type="stmt"/>
        <line num="6" count="1" type="stmt"/>
        <line num="10" count="1" type="stmt"/>
        <line num="12" count="1" type="stmt"/>
        <line num="13" count="1" type="stmt"/>
        <line num="15" count="1" type="stmt"/>
        <line num="16" count="1" type="stmt"/>
        <line num="35" count="20" type="stmt"/>
        <line num="47" count="20" type="stmt"/>
        <line num="48" count="20" type="stmt"/>
        <line num="49" count="20" type="stmt"/>
        <line num="50" count="20" type="stmt"/>
        <line num="51" count="20" type="stmt"/>
        <line num="52" count="20" type="stmt"/>
        <line num="53" count="20" type="stmt"/>
        <line num="54" count="20" type="stmt"/>
        <line num="55" count="20" type="stmt"/>
        <line num="56" count="20" type="stmt"/>
        <line num="57" count="20" type="stmt"/>
        <line num="58" count="20" type="stmt"/>
        <line num="60" count="20" type="stmt"/>
        <line num="61" count="58" type="cond" truecount="1" falsecount="1"/>
        <line num="62" count="58" type="stmt"/>
        <line num="63" count="58" type="cond" truecount="2" falsecount="0"/>
        <line num="64" count="3" type="cond" truecount="2" falsecount="0"/>
        <line num="67" count="20" type="stmt"/>
        <line num="68" count="20" type="stmt"/>
        <line num="70" count="20" type="stmt"/>
        <line num="81" count="20" type="stmt"/>
        <line num="82" count="20" type="stmt"/>
        <line num="85" count="20" type="stmt"/>
        <line num="86" count="17" type="stmt"/>
        <line num="89" count="21" type="stmt"/>
        <line num="91" count="20" type="stmt"/>
        <line num="92" count="20" type="cond" truecount="1" falsecount="1"/>
        <line num="93" count="20" type="cond" truecount="2" falsecount="0"/>
        <line num="95" count="17" type="cond" truecount="1" falsecount="1"/>
        <line num="96" count="17" type="stmt"/>
        <line num="97" count="17" type="stmt"/>
        <line num="100" count="17" type="stmt"/>
        <line num="101" count="17" type="stmt"/>
        <line num="102" count="17" type="stmt"/>
        <line num="103" count="17" type="stmt"/>
        <line num="105" count="17" type="stmt"/>
        <line num="107" count="17" type="stmt"/>
        <line num="109" count="3" type="stmt"/>
        <line num="110" count="3" type="cond" truecount="2" falsecount="0"/>
        <line num="111" count="2" type="stmt"/>
        <line num="112" count="2" type="stmt"/>
        <line num="120" count="3" type="stmt"/>
        <line num="121" count="3" type="cond" truecount="2" falsecount="0"/>
        <line num="122" count="2" type="stmt"/>
        <line num="123" count="2" type="stmt"/>
        <line num="129" count="2" type="cond" truecount="2" falsecount="0"/>
        <line num="130" count="1" type="stmt"/>
        <line num="137" count="1" type="stmt"/>
        <line num="142" count="17" type="stmt"/>
        <line num="145" count="0" type="stmt"/>
        <line num="150" count="17" type="stmt"/>
        <line num="151" count="17" type="stmt"/>
        <line num="152" count="17" type="stmt"/>
        <line num="153" count="17" type="stmt"/>
        <line num="157" count="17" type="stmt"/>
        <line num="159" count="4" type="stmt"/>
        <line num="163" count="4" type="cond" truecount="4" falsecount="0"/>
        <line num="164" count="1" type="stmt"/>
        <line num="165" count="1" type="stmt"/>
        <line num="167" count="3" type="cond" truecount="2" falsecount="0"/>
        <line num="168" count="2" type="stmt"/>
        <line num="170" count="3" type="cond" truecount="2" falsecount="0"/>
        <line num="171" count="1" type="stmt"/>
        <line num="172" count="1" type="cond" truecount="1" falsecount="1"/>
        <line num="173" count="1" type="stmt"/>
        <line num="174" count="1" type="stmt"/>
        <line num="175" count="1" type="cond" truecount="1" falsecount="1"/>
        <line num="176" count="1" type="stmt"/>
        <line num="177" count="1" type="stmt"/>
        <line num="181" count="3" type="stmt"/>
        <line num="184" count="17" type="stmt"/>
        <line num="185" count="6" type="stmt"/>
        <line num="189" count="6" type="cond" truecount="1" falsecount="1"/>
        <line num="190" count="0" type="stmt"/>
        <line num="191" count="0" type="stmt"/>
        <line num="193" count="6" type="cond" truecount="2" falsecount="0"/>
        <line num="194" count="3" type="stmt"/>
        <line num="195" count="3" type="stmt"/>
        <line num="197" count="2" type="cond" truecount="4" falsecount="0"/>
        <line num="202" count="3" type="cond" truecount="2" falsecount="0"/>
        <line num="203" count="2" type="stmt"/>
        <line num="205" count="1" type="stmt"/>
        <line num="207" count="4" type="cond" truecount="2" falsecount="0"/>
        <line num="208" count="3" type="stmt"/>
        <line num="209" count="3" type="cond" truecount="2" falsecount="0"/>
        <line num="210" count="2" type="stmt"/>
        <line num="212" count="1" type="stmt"/>
        <line num="214" count="2" type="stmt"/>
        <line num="217" count="17" type="stmt"/>
        <line num="218" count="17" type="stmt"/>
        <line num="220" count="17" type="stmt"/>
        <line num="221" count="17" type="stmt"/>
        <line num="222" count="17" type="stmt"/>
        <line num="223" count="17" type="cond" truecount="1" falsecount="1"/>
        <line num="224" count="17" type="stmt"/>
        <line num="229" count="20" type="stmt"/>
        <line num="230" count="20" type="stmt"/>
        <line num="231" count="20" type="stmt"/>
        <line num="232" count="20" type="cond" truecount="3" falsecount="1"/>
        <line num="234" count="20" type="stmt"/>
        <line num="235" count="20" type="stmt"/>
        <line num="237" count="20" type="stmt"/>
        <line num="243" count="20" type="stmt"/>
        <line num="244" count="20" type="stmt"/>
        <line num="245" count="20" type="stmt"/>
        <line num="246" count="20" type="stmt"/>
        <line num="247" count="20" type="stmt"/>
        <line num="248" count="20" type="stmt"/>
        <line num="249" count="22" type="stmt"/>
        <line num="250" count="22" type="stmt"/>
        <line num="251" count="22" type="cond" truecount="2" falsecount="0"/>
        <line num="252" count="19" type="stmt"/>
        <line num="253" count="19" type="cond" truecount="1" falsecount="1"/>
        <line num="254" count="19" type="stmt"/>
        <line num="256" count="19" type="stmt"/>
        <line num="258" count="3" type="stmt"/>
        <line num="268" count="3" type="cond" truecount="1" falsecount="1"/>
        <line num="269" count="3" type="stmt"/>
        <line num="271" count="3" type="stmt"/>
        <line num="273" count="22" type="stmt"/>
        <line num="276" count="20" type="stmt"/>
        <line num="277" count="1" type="stmt"/>
        <line num="278" count="1" type="stmt"/>
        <line num="281" count="20" type="stmt"/>
        <line num="282" count="20" type="stmt"/>
        <line num="283" count="20" type="stmt"/>
        <line num="284" count="2" type="stmt"/>
        <line num="285" count="2" type="stmt"/>
        <line num="290" count="20" type="stmt"/>
        <line num="291" count="20" type="stmt"/>
        <line num="292" count="20" type="stmt"/>
        <line num="294" count="20" type="stmt"/>
        <line num="295" count="2" type="cond" truecount="1" falsecount="1"/>
        <line num="296" count="2" type="stmt"/>
        <line num="297" count="2" type="cond" truecount="1" falsecount="1"/>
        <line num="301" count="20" type="stmt"/>
        <line num="302" count="7" type="cond" truecount="1" falsecount="1"/>
        <line num="303" count="7" type="cond" truecount="1" falsecount="1"/>
        <line num="304" count="7" type="stmt"/>
        <line num="305" count="7" type="stmt"/>
        <line num="306" count="7" type="cond" truecount="4" falsecount="0"/>
        <line num="307" count="1" type="cond" truecount="2" falsecount="0"/>
        <line num="308" count="1" type="stmt"/>
        <line num="309" count="1" type="stmt"/>
        <line num="310" count="1" type="stmt"/>
        <line num="312" count="20" type="cond" truecount="1" falsecount="1"/>
        <line num="313" count="20" type="stmt"/>
        <line num="314" count="20" type="cond" truecount="1" falsecount="1"/>
        <line num="315" count="20" type="stmt"/>
        <line num="316" count="20" type="stmt"/>
        <line num="318" count="20" type="cond" truecount="2" falsecount="0"/>
        <line num="319" count="18" type="stmt"/>
        <line num="320" count="2" type="cond" truecount="4" falsecount="0"/>
        <line num="321" count="1" type="stmt"/>
        <line num="323" count="1" type="stmt"/>
        <line num="325" count="20" type="stmt"/>
        <line num="328" count="20" type="stmt"/>
        <line num="334" count="3" type="stmt"/>
        <line num="340" count="25" type="stmt"/>
        <line num="341" count="25" type="cond" truecount="2" falsecount="0"/>
        <line num="342" count="2" type="stmt"/>
        <line num="345" count="3" type="stmt"/>
        <line num="346" count="9" type="cond" truecount="2" falsecount="0"/>
        <line num="347" count="8" type="cond" truecount="2" falsecount="0"/>
        <line num="348" count="7" type="stmt"/>
        <line num="351" count="1" type="stmt"/>
        <line num="356" count="21" type="stmt"/>
        <line num="357" count="21" type="stmt"/>
        <line num="358" count="2" type="cond" truecount="2" falsecount="0"/>
        <line num="359" count="1" type="stmt"/>
        <line num="360" count="1" type="stmt"/>
        <line num="363" count="21" type="stmt"/>
      </file>
      <file name="connectionRules.ts" path="/Users/ld/Documents/demo/IR/src/studio/rete/connectionRules.ts">
        <metrics statements="38" coveredstatements="36" conditionals="40" coveredconditionals="35" methods="9" coveredmethods="9"/>
        <line num="3" count="2" type="stmt"/>
        <line num="4" count="2" type="stmt"/>
        <line num="22" count="2" type="stmt"/>
        <line num="23" count="46" type="stmt"/>
        <line num="24" count="20" type="cond" truecount="1" falsecount="1"/>
        <line num="25" count="20" type="stmt"/>
        <line num="26" count="20" type="cond" truecount="1" falsecount="1"/>
        <line num="27" count="20" type="cond" truecount="2" falsecount="0"/>
        <line num="28" count="13" type="stmt"/>
        <line num="29" count="10" type="cond" truecount="2" falsecount="0"/>
        <line num="31" count="11" type="stmt"/>
        <line num="32" count="10" type="cond" truecount="2" falsecount="0"/>
        <line num="35" count="11" type="stmt"/>
        <line num="41" count="11" type="cond" truecount="4" falsecount="0"/>
        <line num="42" count="1" type="stmt"/>
        <line num="44" count="10" type="stmt"/>
        <line num="45" count="10" type="stmt"/>
        <line num="46" count="10" type="cond" truecount="4" falsecount="0"/>
        <line num="47" count="3" type="stmt"/>
        <line num="49" count="7" type="cond" truecount="1" falsecount="1"/>
        <line num="50" count="0" type="stmt"/>
        <line num="52" count="7" type="cond" truecount="4" falsecount="0"/>
        <line num="53" count="1" type="stmt"/>
        <line num="56" count="6" type="stmt"/>
        <line num="58" count="5" type="cond" truecount="4" falsecount="0"/>
        <line num="63" count="6" type="cond" truecount="2" falsecount="0"/>
        <line num="64" count="2" type="stmt"/>
        <line num="67" count="4" type="stmt"/>
        <line num="68" count="1" type="cond" truecount="2" falsecount="0"/>
        <line num="70" count="4" type="stmt"/>
        <line num="71" count="1" type="cond" truecount="1" falsecount="1"/>
        <line num="74" count="4" type="cond" truecount="4" falsecount="0"/>
        <line num="75" count="1" type="stmt"/>
        <line num="77" count="3" type="cond" truecount="1" falsecount="1"/>
        <line num="78" count="0" type="stmt"/>
        <line num="81" count="3" type="stmt"/>
        <line num="84" count="4" type="stmt"/>
        <line num="91" count="4" type="stmt"/>
      </file>
      <file name="mapping.ts" path="/Users/ld/Documents/demo/IR/src/studio/rete/mapping.ts">
        <metrics statements="54" coveredstatements="54" conditionals="28" coveredconditionals="24" methods="7" coveredmethods="7"/>
        <line num="1" count="1" type="stmt"/>
        <line num="4" count="1" type="stmt"/>
        <line num="9" count="1" type="stmt"/>
        <line num="10" count="1" type="stmt"/>
        <line num="17" count="3" type="stmt"/>
        <line num="18" count="12" type="cond" truecount="2" falsecount="0"/>
        <line num="19" count="2" type="cond" truecount="4" falsecount="0"/>
        <line num="20" count="1" type="stmt"/>
        <line num="23" count="4" type="stmt"/>
        <line num="24" count="10" type="stmt"/>
        <line num="25" count="10" type="cond" truecount="2" falsecount="0"/>
        <line num="26" count="1" type="stmt"/>
        <line num="28" count="9" type="cond" truecount="1" falsecount="1"/>
        <line num="29" count="9" type="stmt"/>
        <line num="30" count="9" type="stmt"/>
        <line num="42" count="9" type="stmt"/>
        <line num="43" count="4" type="stmt"/>
        <line num="44" count="4" type="cond" truecount="1" falsecount="1"/>
        <line num="45" count="4" type="stmt"/>
        <line num="46" count="4" type="stmt"/>
        <line num="48" count="9" type="stmt"/>
        <line num="49" count="5" type="stmt"/>
        <line num="50" count="5" type="stmt"/>
        <line num="51" count="5" type="stmt"/>
        <line num="52" count="5" type="stmt"/>
        <line num="54" count="9" type="stmt"/>
        <line num="57" count="1" type="stmt"/>
        <line num="63" count="3" type="stmt"/>
        <line num="64" count="3" type="stmt"/>
        <line num="65" count="3" type="stmt"/>
        <line num="66" count="3" type="stmt"/>
        <line num="69" count="3" type="stmt"/>
        <line num="77" count="3" type="stmt"/>
        <line num="78" count="3" type="stmt"/>
        <line num="80" count="3" type="stmt"/>
        <line num="81" count="6" type="stmt"/>
        <line num="82" count="6" type="stmt"/>
        <line num="83" count="6" type="cond" truecount="2" falsecount="0"/>
        <line num="84" count="6" type="cond" truecount="2" falsecount="0"/>
        <line num="85" count="6" type="cond" truecount="2" falsecount="0"/>
        <line num="86" count="6" type="stmt"/>
        <line num="87" count="6" type="cond" truecount="2" falsecount="0"/>
        <line num="88" count="6" type="stmt"/>
        <line num="91" count="3" type="stmt"/>
        <line num="92" count="3" type="stmt"/>
        <line num="93" count="3" type="stmt"/>
        <line num="94" count="3" type="cond" truecount="4" falsecount="0"/>
        <line num="95" count="2" type="stmt"/>
        <line num="96" count="2" type="cond" truecount="1" falsecount="1"/>
        <line num="97" count="2" type="stmt"/>
        <line num="98" count="2" type="stmt"/>
        <line num="99" count="2" type="stmt"/>
        <line num="102" count="3" type="stmt"/>
        <line num="105" count="1" type="stmt"/>
      </file>
      <file name="nodes.tsx" path="/Users/ld/Documents/demo/IR/src/studio/rete/nodes.tsx">
        <metrics statements="30" coveredstatements="30" conditionals="38" coveredconditionals="33" methods="8" coveredmethods="8"/>
        <line num="1" count="2" type="stmt"/>
        <line num="2" count="2" type="stmt"/>
        <line num="6" count="2" type="stmt"/>
        <line num="7" count="9" type="cond" truecount="4" falsecount="0"/>
        <line num="15" count="3" type="stmt"/>
        <line num="16" count="3" type="stmt"/>
        <line num="17" count="3" type="stmt"/>
        <line num="18" count="3" type="stmt"/>
        <line num="19" count="3" type="stmt"/>
        <line num="20" count="3" type="stmt"/>
        <line num="21" count="3" type="stmt"/>
        <line num="23" count="3" type="stmt"/>
        <line num="24" count="3" type="stmt"/>
        <line num="25" count="3" type="stmt"/>
        <line num="26" count="3" type="stmt"/>
        <line num="27" count="3" type="cond" truecount="1" falsecount="1"/>
        <line num="28" count="3" type="stmt"/>
        <line num="29" count="3" type="stmt"/>
        <line num="30" count="3" type="stmt"/>
        <line num="32" count="3" type="stmt"/>
        <line num="45" count="4" type="cond" truecount="2" falsecount="0"/>
        <line num="46" count="3" type="stmt"/>
        <line num="47" count="3" type="cond" truecount="2" falsecount="0"/>
        <line num="48" count="3" type="stmt"/>
        <line num="70" count="1" type="cond" truecount="1" falsecount="1"/>
        <line num="75" count="4" type="cond" truecount="2" falsecount="0"/>
        <line num="76" count="3" type="stmt"/>
        <line num="77" count="3" type="cond" truecount="2" falsecount="0"/>
        <line num="78" count="3" type="stmt"/>
        <line num="79" count="3" type="stmt"/>
      </file>
    </package>
  </project>
</coverage>
