{"/Users/ld/Documents/demo/IR/src/engine/contract.ts": {"path":"/Users/ld/Documents/demo/IR/src/engine/contract.ts","statementMap":{"0":{"start":{"line":21,"column":13},"end":{"line":21,"column":35}},"1":{"start":{"line":35,"column":13},"end":{"line":35,"column":36}},"2":{"start":{"line":11,"column":13},"end":{"line":11,"column":32}},"3":{"start":{"line":77,"column":13},"end":{"line":77,"column":33}},"4":{"start":{"line":72,"column":13},"end":{"line":72,"column":33}},"5":{"start":{"line":6,"column":13},"end":{"line":6,"column":33}},"6":{"start":{"line":54,"column":13},"end":{"line":54,"column":37}},"7":{"start":{"line":6,"column":33},"end":{"line":9,"column":null}},"8":{"start":{"line":6,"column":79},"end":{"line":9,"column":null}},"9":{"start":{"line":11,"column":32},"end":{"line":19,"column":null}},"10":{"start":{"line":16,"column":19},"end":{"line":16,"column":null}},"11":{"start":{"line":17,"column":15},"end":{"line":17,"column":69}},"12":{"start":{"line":18,"column":2},"end":{"line":18,"column":null}},"13":{"start":{"line":18,"column":29},"end":{"line":18,"column":52}},"14":{"start":{"line":21,"column":35},"end":{"line":33,"column":null}},"15":{"start":{"line":22,"column":15},"end":{"line":22,"column":null}},"16":{"start":{"line":23,"column":16},"end":{"line":23,"column":null}},"17":{"start":{"line":24,"column":2},"end":{"line":32,"column":null}},"18":{"start":{"line":35,"column":36},"end":{"line":52,"column":null}},"19":{"start":{"line":36,"column":15},"end":{"line":36,"column":null}},"20":{"start":{"line":37,"column":16},"end":{"line":37,"column":null}},"21":{"start":{"line":38,"column":2},"end":{"line":51,"column":null}},"22":{"start":{"line":54,"column":37},"end":{"line":70,"column":null}},"23":{"start":{"line":59,"column":14},"end":{"line":59,"column":null}},"24":{"start":{"line":60,"column":2},"end":{"line":60,"column":null}},"25":{"start":{"line":60,"column":12},"end":{"line":60,"column":null}},"26":{"start":{"line":61,"column":2},"end":{"line":64,"column":null}},"27":{"start":{"line":62,"column":17},"end":{"line":62,"column":null}},"28":{"start":{"line":63,"column":4},"end":{"line":63,"column":null}},"29":{"start":{"line":65,"column":2},"end":{"line":68,"column":null}},"30":{"start":{"line":66,"column":17},"end":{"line":66,"column":null}},"31":{"start":{"line":67,"column":4},"end":{"line":67,"column":null}},"32":{"start":{"line":69,"column":2},"end":{"line":69,"column":null}},"33":{"start":{"line":72,"column":33},"end":{"line":75,"column":null}},"34":{"start":{"line":72,"column":104},"end":{"line":75,"column":null}},"35":{"start":{"line":73,"column":40},"end":{"line":73,"column":49}},"36":{"start":{"line":74,"column":42},"end":{"line":74,"column":51}},"37":{"start":{"line":77,"column":33},"end":{"line":84,"column":null}},"38":{"start":{"line":78,"column":15},"end":{"line":78,"column":null}},"39":{"start":{"line":79,"column":2},"end":{"line":82,"column":null}},"40":{"start":{"line":80,"column":4},"end":{"line":80,"column":null}},"41":{"start":{"line":80,"column":24},"end":{"line":80,"column":null}},"42":{"start":{"line":81,"column":4},"end":{"line":81,"column":null}},"43":{"start":{"line":83,"column":2},"end":{"line":83,"column":null}}},"fnMap":{"0":{"name":"(anonymous_8)","decl":{"start":{"line":6,"column":33},"end":{"line":6,"column":34}},"loc":{"start":{"line":6,"column":79},"end":{"line":9,"column":null}}},"1":{"name":"(anonymous_9)","decl":{"start":{"line":11,"column":32},"end":{"line":11,"column":null}},"loc":{"start":{"line":14,"column":2},"end":{"line":19,"column":null}}},"2":{"name":"(anonymous_10)","decl":{"start":{"line":18,"column":19},"end":{"line":18,"column":20}},"loc":{"start":{"line":18,"column":29},"end":{"line":18,"column":52}}},"3":{"name":"(anonymous_11)","decl":{"start":{"line":21,"column":35},"end":{"line":21,"column":36}},"loc":{"start":{"line":21,"column":50},"end":{"line":33,"column":null}}},"4":{"name":"(anonymous_12)","decl":{"start":{"line":35,"column":36},"end":{"line":35,"column":37}},"loc":{"start":{"line":35,"column":51},"end":{"line":52,"column":null}}},"5":{"name":"(anonymous_13)","decl":{"start":{"line":54,"column":37},"end":{"line":54,"column":null}},"loc":{"start":{"line":57,"column":2},"end":{"line":70,"column":null}}},"6":{"name":"(anonymous_14)","decl":{"start":{"line":72,"column":33},"end":{"line":72,"column":34}},"loc":{"start":{"line":72,"column":104},"end":{"line":75,"column":null}}},"7":{"name":"(anonymous_15)","decl":{"start":{"line":73,"column":30},"end":{"line":73,"column":31}},"loc":{"start":{"line":73,"column":40},"end":{"line":73,"column":49}}},"8":{"name":"(anonymous_16)","decl":{"start":{"line":74,"column":32},"end":{"line":74,"column":33}},"loc":{"start":{"line":74,"column":42},"end":{"line":74,"column":51}}},"9":{"name":"(anonymous_17)","decl":{"start":{"line":77,"column":33},"end":{"line":77,"column":34}},"loc":{"start":{"line":77,"column":34},"end":{"line":84,"column":null}}}},"branchMap":{"0":{"loc":{"start":{"line":7,"column":10},"end":{"line":7,"column":32}},"type":"binary-expr","locations":[{"start":{"line":7,"column":10},"end":{"line":7,"column":30}},{"start":{"line":7,"column":30},"end":{"line":7,"column":32}}]},"1":{"loc":{"start":{"line":8,"column":11},"end":{"line":8,"column":34}},"type":"binary-expr","locations":[{"start":{"line":8,"column":11},"end":{"line":8,"column":32}},{"start":{"line":8,"column":32},"end":{"line":8,"column":34}}]},"2":{"loc":{"start":{"line":17,"column":15},"end":{"line":17,"column":69}},"type":"cond-expr","locations":[{"start":{"line":17,"column":35},"end":{"line":17,"column":50}},{"start":{"line":17,"column":53},"end":{"line":17,"column":69}}]},"3":{"loc":{"start":{"line":18,"column":9},"end":{"line":18,"column":null}},"type":"binary-expr","locations":[{"start":{"line":18,"column":9},"end":{"line":18,"column":52}},{"start":{"line":18,"column":52},"end":{"line":18,"column":null}}]},"4":{"loc":{"start":{"line":23,"column":16},"end":{"line":23,"column":null}},"type":"cond-expr","locations":[{"start":{"line":23,"column":23},"end":{"line":23,"column":38}},{"start":{"line":23,"column":41},"end":{"line":23,"column":null}}]},"5":{"loc":{"start":{"line":29,"column":16},"end":{"line":29,"column":null}},"type":"binary-expr","locations":[{"start":{"line":29,"column":16},"end":{"line":29,"column":30}},{"start":{"line":29,"column":30},"end":{"line":29,"column":null}}]},"6":{"loc":{"start":{"line":37,"column":16},"end":{"line":37,"column":null}},"type":"cond-expr","locations":[{"start":{"line":37,"column":23},"end":{"line":37,"column":39}},{"start":{"line":37,"column":42},"end":{"line":37,"column":null}}]},"7":{"loc":{"start":{"line":48,"column":16},"end":{"line":48,"column":null}},"type":"binary-expr","locations":[{"start":{"line":48,"column":16},"end":{"line":48,"column":30}},{"start":{"line":48,"column":30},"end":{"line":48,"column":null}}]},"8":{"loc":{"start":{"line":59,"column":14},"end":{"line":59,"column":null}},"type":"binary-expr","locations":[{"start":{"line":59,"column":14},"end":{"line":59,"column":55}},{"start":{"line":59,"column":55},"end":{"line":59,"column":null}}]},"9":{"loc":{"start":{"line":60,"column":2},"end":{"line":60,"column":null}},"type":"if","locations":[{"start":{"line":60,"column":2},"end":{"line":60,"column":null}},{"start":{},"end":{}}]},"10":{"loc":{"start":{"line":61,"column":2},"end":{"line":64,"column":null}},"type":"if","locations":[{"start":{"line":61,"column":2},"end":{"line":64,"column":null}},{"start":{},"end":{}}]},"11":{"loc":{"start":{"line":62,"column":17},"end":{"line":62,"column":null}},"type":"cond-expr","locations":[{"start":{"line":62,"column":55},"end":{"line":62,"column":70}},{"start":{"line":62,"column":73},"end":{"line":62,"column":null}}]},"12":{"loc":{"start":{"line":65,"column":2},"end":{"line":68,"column":null}},"type":"if","locations":[{"start":{"line":65,"column":2},"end":{"line":68,"column":null}},{"start":{},"end":{}}]},"13":{"loc":{"start":{"line":66,"column":17},"end":{"line":66,"column":null}},"type":"cond-expr","locations":[{"start":{"line":66,"column":55},"end":{"line":66,"column":70}},{"start":{"line":66,"column":73},"end":{"line":66,"column":null}}]},"14":{"loc":{"start":{"line":80,"column":4},"end":{"line":80,"column":null}},"type":"if","locations":[{"start":{"line":80,"column":4},"end":{"line":80,"column":null}},{"start":{},"end":{}}]}},"s":{"0":2,"1":2,"2":3,"3":48,"4":1,"5":51,"6":1105,"7":21,"8":63,"9":21,"10":12,"11":12,"12":12,"13":10,"14":21,"15":5,"16":5,"17":5,"18":21,"19":4,"20":4,"21":4,"22":21,"23":1105,"24":1105,"25":4,"26":1101,"27":3,"28":3,"29":1098,"30":2,"31":2,"32":1096,"33":21,"34":1,"35":1,"36":1,"37":21,"38":48,"39":48,"40":6,"41":1,"42":5,"43":47},"f":{"0":63,"1":12,"2":10,"3":5,"4":4,"5":1105,"6":1,"7":1,"8":1,"9":48},"b":{"0":[63,28],"1":[63,28],"2":[7,5],"3":[12,7],"4":[3,2],"5":[5,3],"6":[3,1],"7":[4,2],"8":[1105,4],"9":[4,1101],"10":[3,1098],"11":[2,1],"12":[2,1096],"13":[2,0],"14":[1,5]}}
,"/Users/ld/Documents/demo/IR/src/engine/registry.ts": {"path":"/Users/ld/Documents/demo/IR/src/engine/registry.ts","statementMap":{"0":{"start":{"line":599,"column":13},"end":{"line":599,"column":34}},"1":{"start":{"line":1,"column":18},"end":{"line":1,"column":null}},"2":{"start":{"line":3,"column":34},"end":{"line":3,"column":null}},"3":{"start":{"line":77,"column":34},"end":{"line":88,"column":null}},"4":{"start":{"line":87,"column":14},"end":{"line":87,"column":null}},"5":{"start":{"line":90,"column":32},"end":{"line":105,"column":null}},"6":{"start":{"line":100,"column":14},"end":{"line":104,"column":null}},"7":{"start":{"line":107,"column":39},"end":{"line":134,"column":null}},"8":{"start":{"line":125,"column":17},"end":{"line":133,"column":null}},"9":{"start":{"line":136,"column":40},"end":{"line":166,"column":null}},"10":{"start":{"line":157,"column":17},"end":{"line":165,"column":null}},"11":{"start":{"line":168,"column":35},"end":{"line":194,"column":null}},"12":{"start":{"line":186,"column":17},"end":{"line":186,"column":null}},"13":{"start":{"line":187,"column":4},"end":{"line":187,"column":null}},"14":{"start":{"line":188,"column":4},"end":{"line":192,"column":null}},"15":{"start":{"line":196,"column":35},"end":{"line":220,"column":null}},"16":{"start":{"line":213,"column":17},"end":{"line":213,"column":null}},"17":{"start":{"line":214,"column":4},"end":{"line":218,"column":null}},"18":{"start":{"line":222,"column":31},"end":{"line":250,"column":null}},"19":{"start":{"line":239,"column":22},"end":{"line":239,"column":null}},"20":{"start":{"line":240,"column":4},"end":{"line":248,"column":null}},"21":{"start":{"line":252,"column":35},"end":{"line":278,"column":null}},"22":{"start":{"line":269,"column":17},"end":{"line":277,"column":null}},"23":{"start":{"line":280,"column":40},"end":{"line":298,"column":null}},"24":{"start":{"line":293,"column":17},"end":{"line":297,"column":null}},"25":{"start":{"line":300,"column":40},"end":{"line":318,"column":null}},"26":{"start":{"line":313,"column":17},"end":{"line":317,"column":null}},"27":{"start":{"line":320,"column":41},"end":{"line":338,"column":null}},"28":{"start":{"line":333,"column":17},"end":{"line":337,"column":null}},"29":{"start":{"line":340,"column":38},"end":{"line":358,"column":null}},"30":{"start":{"line":353,"column":17},"end":{"line":357,"column":null}},"31":{"start":{"line":360,"column":37},"end":{"line":387,"column":null}},"32":{"start":{"line":377,"column":16},"end":{"line":377,"column":null}},"33":{"start":{"line":378,"column":4},"end":{"line":380,"column":null}},"34":{"start":{"line":379,"column":6},"end":{"line":379,"column":null}},"35":{"start":{"line":381,"column":4},"end":{"line":385,"column":null}},"36":{"start":{"line":389,"column":39},"end":{"line":418,"column":null}},"37":{"start":{"line":408,"column":17},"end":{"line":417,"column":null}},"38":{"start":{"line":420,"column":39},"end":{"line":476,"column":null}},"39":{"start":{"line":446,"column":34},"end":{"line":449,"column":null}},"40":{"start":{"line":450,"column":34},"end":{"line":453,"column":null}},"41":{"start":{"line":454,"column":4},"end":{"line":474,"column":null}},"42":{"start":{"line":478,"column":34},"end":{"line":504,"column":null}},"43":{"start":{"line":492,"column":15},"end":{"line":492,"column":null}},"44":{"start":{"line":493,"column":4},"end":{"line":502,"column":null}},"45":{"start":{"line":506,"column":35},"end":{"line":540,"column":null}},"46":{"start":{"line":525,"column":14},"end":{"line":525,"column":null}},"47":{"start":{"line":526,"column":14},"end":{"line":526,"column":null}},"48":{"start":{"line":527,"column":4},"end":{"line":529,"column":null}},"49":{"start":{"line":528,"column":6},"end":{"line":528,"column":null}},"50":{"start":{"line":530,"column":4},"end":{"line":538,"column":null}},"51":{"start":{"line":542,"column":37},"end":{"line":568,"column":null}},"52":{"start":{"line":558,"column":17},"end":{"line":567,"column":null}},"53":{"start":{"line":570,"column":38},"end":{"line":589,"column":null}},"54":{"start":{"line":591,"column":112},"end":{"line":597,"column":null}},"55":{"start":{"line":593,"column":19},"end":{"line":595,"column":null}},"56":{"start":{"line":599,"column":34},"end":{"line":649,"column":null}},"57":{"start":{"line":601,"column":4},"end":{"line":603,"column":null}},"58":{"start":{"line":602,"column":6},"end":{"line":602,"column":null}},"59":{"start":{"line":602,"column":39},"end":{"line":602,"column":61}},"60":{"start":{"line":604,"column":4},"end":{"line":604,"column":null}},"61":{"start":{"line":604,"column":37},"end":{"line":604,"column":86}},"62":{"start":{"line":607,"column":17},"end":{"line":607,"column":null}},"63":{"start":{"line":607,"column":45},"end":{"line":607,"column":null}},"64":{"start":{"line":608,"column":4},"end":{"line":608,"column":null}},"65":{"start":{"line":608,"column":27},"end":{"line":608,"column":null}},"66":{"start":{"line":609,"column":4},"end":{"line":609,"column":null}},"67":{"start":{"line":609,"column":41},"end":{"line":609,"column":null}},"68":{"start":{"line":611,"column":19},"end":{"line":611,"column":null}},"69":{"start":{"line":611,"column":63},"end":{"line":611,"column":71}},"70":{"start":{"line":613,"column":49},"end":{"line":613,"column":51}},"71":{"start":{"line":614,"column":26},"end":{"line":639,"column":null}},"72":{"start":{"line":615,"column":21},"end":{"line":615,"column":null}},"73":{"start":{"line":616,"column":6},"end":{"line":618,"column":null}},"74":{"start":{"line":617,"column":8},"end":{"line":617,"column":null}},"75":{"start":{"line":619,"column":27},"end":{"line":619,"column":39}},"76":{"start":{"line":620,"column":25},"end":{"line":620,"column":null}},"77":{"start":{"line":621,"column":6},"end":{"line":633,"column":null}},"78":{"start":{"line":622,"column":26},"end":{"line":622,"column":65}},"79":{"start":{"line":623,"column":8},"end":{"line":623,"column":null}},"80":{"start":{"line":623,"column":24},"end":{"line":623,"column":null}},"81":{"start":{"line":624,"column":26},"end":{"line":624,"column":null}},"82":{"start":{"line":625,"column":8},"end":{"line":630,"column":null}},"83":{"start":{"line":631,"column":8},"end":{"line":631,"column":null}},"84":{"start":{"line":632,"column":8},"end":{"line":632,"column":null}},"85":{"start":{"line":634,"column":6},"end":{"line":638,"column":null}},"86":{"start":{"line":640,"column":4},"end":{"line":647,"column":null}}},"fnMap":{"0":{"name":"(anonymous_1)","decl":{"start":{"line":87,"column":7},"end":{"line":87,"column":14}},"loc":{"start":{"line":87,"column":14},"end":{"line":87,"column":null}}},"1":{"name":"(anonymous_2)","decl":{"start":{"line":100,"column":7},"end":{"line":100,"column":14}},"loc":{"start":{"line":100,"column":14},"end":{"line":104,"column":null}}},"2":{"name":"(anonymous_3)","decl":{"start":{"line":125,"column":7},"end":{"line":125,"column":8}},"loc":{"start":{"line":125,"column":17},"end":{"line":133,"column":null}}},"3":{"name":"(anonymous_4)","decl":{"start":{"line":157,"column":7},"end":{"line":157,"column":8}},"loc":{"start":{"line":157,"column":17},"end":{"line":165,"column":null}}},"4":{"name":"(anonymous_5)","decl":{"start":{"line":185,"column":7},"end":{"line":185,"column":8}},"loc":{"start":{"line":185,"column":8},"end":{"line":193,"column":null}}},"5":{"name":"(anonymous_6)","decl":{"start":{"line":212,"column":7},"end":{"line":212,"column":8}},"loc":{"start":{"line":212,"column":8},"end":{"line":219,"column":null}}},"6":{"name":"(anonymous_7)","decl":{"start":{"line":238,"column":7},"end":{"line":238,"column":8}},"loc":{"start":{"line":238,"column":8},"end":{"line":249,"column":null}}},"7":{"name":"(anonymous_8)","decl":{"start":{"line":269,"column":7},"end":{"line":269,"column":8}},"loc":{"start":{"line":269,"column":17},"end":{"line":277,"column":null}}},"8":{"name":"(anonymous_9)","decl":{"start":{"line":293,"column":7},"end":{"line":293,"column":8}},"loc":{"start":{"line":293,"column":17},"end":{"line":297,"column":null}}},"9":{"name":"(anonymous_10)","decl":{"start":{"line":313,"column":7},"end":{"line":313,"column":8}},"loc":{"start":{"line":313,"column":17},"end":{"line":317,"column":null}}},"10":{"name":"(anonymous_11)","decl":{"start":{"line":333,"column":7},"end":{"line":333,"column":8}},"loc":{"start":{"line":333,"column":17},"end":{"line":337,"column":null}}},"11":{"name":"(anonymous_12)","decl":{"start":{"line":353,"column":7},"end":{"line":353,"column":8}},"loc":{"start":{"line":353,"column":17},"end":{"line":357,"column":null}}},"12":{"name":"(anonymous_13)","decl":{"start":{"line":376,"column":7},"end":{"line":376,"column":8}},"loc":{"start":{"line":376,"column":8},"end":{"line":386,"column":null}}},"13":{"name":"(anonymous_14)","decl":{"start":{"line":408,"column":7},"end":{"line":408,"column":8}},"loc":{"start":{"line":408,"column":17},"end":{"line":417,"column":null}}},"14":{"name":"(anonymous_15)","decl":{"start":{"line":445,"column":7},"end":{"line":445,"column":8}},"loc":{"start":{"line":445,"column":8},"end":{"line":475,"column":null}}},"15":{"name":"(anonymous_16)","decl":{"start":{"line":491,"column":7},"end":{"line":491,"column":8}},"loc":{"start":{"line":491,"column":8},"end":{"line":503,"column":null}}},"16":{"name":"(anonymous_17)","decl":{"start":{"line":524,"column":7},"end":{"line":524,"column":8}},"loc":{"start":{"line":524,"column":8},"end":{"line":539,"column":null}}},"17":{"name":"(anonymous_18)","decl":{"start":{"line":558,"column":7},"end":{"line":558,"column":8}},"loc":{"start":{"line":558,"column":17},"end":{"line":567,"column":null}}},"18":{"name":"(anonymous_19)","decl":{"start":{"line":593,"column":7},"end":{"line":593,"column":8}},"loc":{"start":{"line":593,"column":19},"end":{"line":595,"column":null}}},"19":{"name":"(anonymous_20)","decl":{"start":{"line":600,"column":7},"end":{"line":600,"column":8}},"loc":{"start":{"line":600,"column":14},"end":{"line":605,"column":null}}},"20":{"name":"(anonymous_21)","decl":{"start":{"line":602,"column":30},"end":{"line":602,"column":31}},"loc":{"start":{"line":602,"column":39},"end":{"line":602,"column":61}}},"21":{"name":"(anonymous_22)","decl":{"start":{"line":604,"column":28},"end":{"line":604,"column":29}},"loc":{"start":{"line":604,"column":37},"end":{"line":604,"column":86}}},"22":{"name":"(anonymous_23)","decl":{"start":{"line":606,"column":13},"end":{"line":606,"column":14}},"loc":{"start":{"line":606,"column":14},"end":{"line":610,"column":null}}},"23":{"name":"(anonymous_24)","decl":{"start":{"line":607,"column":36},"end":{"line":607,"column":37}},"loc":{"start":{"line":607,"column":45},"end":{"line":607,"column":null}}},"24":{"name":"(anonymous_25)","decl":{"start":{"line":609,"column":23},"end":{"line":609,"column":24}},"loc":{"start":{"line":609,"column":41},"end":{"line":609,"column":null}}},"25":{"name":"(anonymous_26)","decl":{"start":{"line":611,"column":13},"end":{"line":611,"column":19}},"loc":{"start":{"line":611,"column":19},"end":{"line":611,"column":null}}},"26":{"name":"(anonymous_27)","decl":{"start":{"line":611,"column":54},"end":{"line":611,"column":55}},"loc":{"start":{"line":611,"column":63},"end":{"line":611,"column":71}}},"27":{"name":"(anonymous_28)","decl":{"start":{"line":612,"column":16},"end":{"line":612,"column":17}},"loc":{"start":{"line":612,"column":17},"end":{"line":648,"column":null}}},"28":{"name":"(anonymous_29)","decl":{"start":{"line":614,"column":42},"end":{"line":614,"column":43}},"loc":{"start":{"line":614,"column":43},"end":{"line":639,"column":null}}}},"branchMap":{"0":{"loc":{"start":{"line":131,"column":28},"end":{"line":131,"column":50}},"type":"binary-expr","locations":[{"start":{"line":131,"column":28},"end":{"line":131,"column":42}},{"start":{"line":131,"column":46},"end":{"line":131,"column":50}}]},"1":{"loc":{"start":{"line":163,"column":29},"end":{"line":163,"column":51}},"type":"binary-expr","locations":[{"start":{"line":163,"column":29},"end":{"line":163,"column":43}},{"start":{"line":163,"column":47},"end":{"line":163,"column":51}}]},"2":{"loc":{"start":{"line":186,"column":24},"end":{"line":186,"column":null}},"type":"binary-expr","locations":[{"start":{"line":186,"column":24},"end":{"line":186,"column":39}},{"start":{"line":186,"column":43},"end":{"line":186,"column":null}}]},"3":{"loc":{"start":{"line":213,"column":24},"end":{"line":213,"column":null}},"type":"binary-expr","locations":[{"start":{"line":213,"column":24},"end":{"line":213,"column":39}},{"start":{"line":213,"column":43},"end":{"line":213,"column":null}}]},"4":{"loc":{"start":{"line":242,"column":12},"end":{"line":242,"column":null}},"type":"cond-expr","locations":[{"start":{"line":242,"column":24},"end":{"line":242,"column":33}},{"start":{"line":242,"column":33},"end":{"line":242,"column":null}}]},"5":{"loc":{"start":{"line":246,"column":40},"end":{"line":246,"column":69}},"type":"cond-expr","locations":[{"start":{"line":246,"column":52},"end":{"line":246,"column":61}},{"start":{"line":246,"column":61},"end":{"line":246,"column":69}}]},"6":{"loc":{"start":{"line":275,"column":34},"end":{"line":275,"column":88}},"type":"cond-expr","locations":[{"start":{"line":275,"column":66},"end":{"line":275,"column":76}},{"start":{"line":275,"column":76},"end":{"line":275,"column":88}}]},"7":{"loc":{"start":{"line":294,"column":26},"end":{"line":294,"column":49}},"type":"binary-expr","locations":[{"start":{"line":294,"column":26},"end":{"line":294,"column":41}},{"start":{"line":294,"column":45},"end":{"line":294,"column":49}}]},"8":{"loc":{"start":{"line":314,"column":26},"end":{"line":314,"column":48}},"type":"binary-expr","locations":[{"start":{"line":314,"column":26},"end":{"line":314,"column":41}},{"start":{"line":314,"column":45},"end":{"line":314,"column":48}}]},"9":{"loc":{"start":{"line":378,"column":4},"end":{"line":380,"column":null}},"type":"if","locations":[{"start":{"line":378,"column":4},"end":{"line":380,"column":null}},{"start":{},"end":{}}]},"10":{"loc":{"start":{"line":413,"column":20},"end":{"line":413,"column":null}},"type":"binary-expr","locations":[{"start":{"line":413,"column":20},"end":{"line":413,"column":35}},{"start":{"line":413,"column":39},"end":{"line":413,"column":null}}]},"11":{"loc":{"start":{"line":414,"column":19},"end":{"line":414,"column":null}},"type":"binary-expr","locations":[{"start":{"line":414,"column":19},"end":{"line":414,"column":34}},{"start":{"line":414,"column":38},"end":{"line":414,"column":null}}]},"12":{"loc":{"start":{"line":448,"column":20},"end":{"line":448,"column":null}},"type":"binary-expr","locations":[{"start":{"line":448,"column":20},"end":{"line":448,"column":42}},{"start":{"line":448,"column":46},"end":{"line":448,"column":null}}]},"13":{"loc":{"start":{"line":452,"column":20},"end":{"line":452,"column":null}},"type":"binary-expr","locations":[{"start":{"line":452,"column":20},"end":{"line":452,"column":42}},{"start":{"line":452,"column":46},"end":{"line":452,"column":null}}]},"14":{"loc":{"start":{"line":459,"column":21},"end":{"line":459,"column":null}},"type":"binary-expr","locations":[{"start":{"line":459,"column":21},"end":{"line":459,"column":38}},{"start":{"line":459,"column":42},"end":{"line":459,"column":null}}]},"15":{"loc":{"start":{"line":492,"column":22},"end":{"line":492,"column":null}},"type":"binary-expr","locations":[{"start":{"line":492,"column":22},"end":{"line":492,"column":35}},{"start":{"line":492,"column":39},"end":{"line":492,"column":null}}]},"16":{"loc":{"start":{"line":525,"column":21},"end":{"line":525,"column":null}},"type":"binary-expr","locations":[{"start":{"line":525,"column":21},"end":{"line":525,"column":33}},{"start":{"line":525,"column":37},"end":{"line":525,"column":null}}]},"17":{"loc":{"start":{"line":526,"column":21},"end":{"line":526,"column":null}},"type":"binary-expr","locations":[{"start":{"line":526,"column":21},"end":{"line":526,"column":33}},{"start":{"line":526,"column":37},"end":{"line":526,"column":null}}]},"18":{"loc":{"start":{"line":527,"column":4},"end":{"line":529,"column":null}},"type":"if","locations":[{"start":{"line":527,"column":4},"end":{"line":529,"column":null}},{"start":{},"end":{}}]},"19":{"loc":{"start":{"line":564,"column":40},"end":{"line":564,"column":68}},"type":"binary-expr","locations":[{"start":{"line":564,"column":40},"end":{"line":564,"column":60}},{"start":{"line":564,"column":64},"end":{"line":564,"column":68}}]},"20":{"loc":{"start":{"line":566,"column":32},"end":{"line":566,"column":60}},"type":"binary-expr","locations":[{"start":{"line":566,"column":32},"end":{"line":566,"column":52}},{"start":{"line":566,"column":56},"end":{"line":566,"column":60}}]},"21":{"loc":{"start":{"line":594,"column":13},"end":{"line":594,"column":null}},"type":"cond-expr","locations":[{"start":{"line":594,"column":47},"end":{"line":594,"column":58}},{"start":{"line":594,"column":61},"end":{"line":594,"column":null}}]},"22":{"loc":{"start":{"line":601,"column":4},"end":{"line":603,"column":null}},"type":"if","locations":[{"start":{"line":601,"column":4},"end":{"line":603,"column":null}},{"start":{},"end":{}}]},"23":{"loc":{"start":{"line":602,"column":13},"end":{"line":602,"column":null}},"type":"binary-expr","locations":[{"start":{"line":602,"column":13},"end":{"line":602,"column":61}},{"start":{"line":602,"column":61},"end":{"line":602,"column":null}}]},"24":{"loc":{"start":{"line":604,"column":11},"end":{"line":604,"column":null}},"type":"binary-expr","locations":[{"start":{"line":604,"column":11},"end":{"line":604,"column":86}},{"start":{"line":604,"column":86},"end":{"line":604,"column":null}}]},"25":{"loc":{"start":{"line":604,"column":37},"end":{"line":604,"column":86}},"type":"binary-expr","locations":[{"start":{"line":604,"column":37},"end":{"line":604,"column":58}},{"start":{"line":604,"column":58},"end":{"line":604,"column":86}}]},"26":{"loc":{"start":{"line":608,"column":4},"end":{"line":608,"column":null}},"type":"if","locations":[{"start":{"line":608,"column":4},"end":{"line":608,"column":null}},{"start":{},"end":{}}]},"27":{"loc":{"start":{"line":609,"column":41},"end":{"line":609,"column":null}},"type":"cond-expr","locations":[{"start":{"line":609,"column":72},"end":{"line":609,"column":78}},{"start":{"line":609,"column":78},"end":{"line":609,"column":null}}]},"28":{"loc":{"start":{"line":616,"column":6},"end":{"line":618,"column":null}},"type":"if","locations":[{"start":{"line":616,"column":6},"end":{"line":618,"column":null}},{"start":{},"end":{}}]},"29":{"loc":{"start":{"line":616,"column":10},"end":{"line":616,"column":52}},"type":"binary-expr","locations":[{"start":{"line":616,"column":10},"end":{"line":616,"column":21}},{"start":{"line":616,"column":21},"end":{"line":616,"column":52}}]},"30":{"loc":{"start":{"line":623,"column":8},"end":{"line":623,"column":null}},"type":"if","locations":[{"start":{"line":623,"column":8},"end":{"line":623,"column":null}},{"start":{},"end":{}}]}},"s":{"0":175,"1":21,"2":21,"3":21,"4":24,"5":21,"6":8,"7":21,"8":1,"9":21,"10":4,"11":21,"12":2,"13":2,"14":2,"15":21,"16":2,"17":2,"18":21,"19":2,"20":2,"21":21,"22":2,"23":21,"24":8,"25":21,"26":809,"27":21,"28":2,"29":21,"30":1,"31":21,"32":2,"33":2,"34":1,"35":1,"36":21,"37":4,"38":21,"39":5,"40":5,"41":5,"42":21,"43":7,"44":7,"45":21,"46":4,"47":4,"48":4,"49":3,"50":1,"51":21,"52":4,"53":21,"54":21,"55":10,"56":21,"57":1989,"58":2,"59":32,"60":1987,"61":19025,"62":372,"63":6696,"64":372,"65":9,"66":363,"67":0,"68":2,"69":36,"70":20,"71":20,"72":313,"73":313,"74":302,"75":11,"76":11,"77":11,"78":11,"79":11,"80":1,"81":10,"82":10,"83":10,"84":10,"85":11,"86":20},"f":{"0":24,"1":8,"2":1,"3":4,"4":2,"5":2,"6":2,"7":2,"8":8,"9":809,"10":2,"11":1,"12":2,"13":4,"14":5,"15":7,"16":4,"17":4,"18":10,"19":1989,"20":32,"21":19025,"22":372,"23":6696,"24":0,"25":2,"26":36,"27":20,"28":313},"b":{"0":[1,0],"1":[4,0],"2":[2,1],"3":[2,1],"4":[1,1],"5":[1,1],"6":[1,1],"7":[8,1],"8":[809,801],"9":[1,1],"10":[4,2],"11":[4,1],"12":[5,2],"13":[5,2],"14":[5,1],"15":[7,1],"16":[4,1],"17":[4,1],"18":[3,1],"19":[4,1],"20":[4,1],"21":[10,0],"22":[2,1987],"23":[2,1],"24":[1987,5],"25":[19025,1982],"26":[9,363],"27":[0,0],"28":[302,11],"29":[313,312],"30":[1,10]}}
,"/Users/ld/Documents/demo/IR/src/engine/runtime.ts": {"path":"/Users/ld/Documents/demo/IR/src/engine/runtime.ts","statementMap":{"0":{"start":{"line":73,"column":13},"end":{"line":73,"column":null}},"1":{"start":{"line":4,"column":34},"end":{"line":4,"column":null}},"2":{"start":{"line":77,"column":37},"end":{"line":77,"column":39}},"3":{"start":{"line":78,"column":34},"end":{"line":78,"column":41}},"4":{"start":{"line":80,"column":24},"end":{"line":80,"column":42}},"5":{"start":{"line":81,"column":32},"end":{"line":81,"column":34}},"6":{"start":{"line":82,"column":47},"end":{"line":82,"column":50}},"7":{"start":{"line":83,"column":40},"end":{"line":83,"column":45}},"8":{"start":{"line":84,"column":22},"end":{"line":84,"column":69}},"9":{"start":{"line":85,"column":42},"end":{"line":85,"column":47}},"10":{"start":{"line":86,"column":42},"end":{"line":86,"column":45}},"11":{"start":{"line":87,"column":63},"end":{"line":87,"column":66}},"12":{"start":{"line":88,"column":49},"end":{"line":88,"column":52}},"13":{"start":{"line":89,"column":50},"end":{"line":89,"column":53}},"14":{"start":{"line":90,"column":18},"end":{"line":90,"column":20}},"15":{"start":{"line":91,"column":16},"end":{"line":91,"column":18}},"16":{"start":{"line":92,"column":29},"end":{"line":92,"column":31}},"17":{"start":{"line":93,"column":29},"end":{"line":93,"column":31}},"18":{"start":{"line":94,"column":23},"end":{"line":94,"column":27}},"19":{"start":{"line":97,"column":4},"end":{"line":97,"column":null}},"20":{"start":{"line":98,"column":4},"end":{"line":98,"column":null}},"21":{"start":{"line":99,"column":4},"end":{"line":99,"column":null}},"22":{"start":{"line":100,"column":4},"end":{"line":100,"column":null}},"23":{"start":{"line":104,"column":4},"end":{"line":104,"column":null}},"24":{"start":{"line":105,"column":4},"end":{"line":105,"column":null}},"25":{"start":{"line":106,"column":4},"end":{"line":106,"column":null}},"26":{"start":{"line":106,"column":17},"end":{"line":106,"column":null}},"27":{"start":{"line":110,"column":4},"end":{"line":120,"column":null}},"28":{"start":{"line":124,"column":4},"end":{"line":124,"column":null}},"29":{"start":{"line":125,"column":4},"end":{"line":125,"column":null}},"30":{"start":{"line":126,"column":4},"end":{"line":126,"column":null}},"31":{"start":{"line":127,"column":4},"end":{"line":127,"column":null}},"32":{"start":{"line":128,"column":4},"end":{"line":128,"column":null}},"33":{"start":{"line":129,"column":4},"end":{"line":129,"column":null}},"34":{"start":{"line":130,"column":4},"end":{"line":130,"column":null}},"35":{"start":{"line":134,"column":4},"end":{"line":134,"column":null}},"36":{"start":{"line":135,"column":4},"end":{"line":135,"column":null}},"37":{"start":{"line":136,"column":4},"end":{"line":136,"column":null}},"38":{"start":{"line":140,"column":4},"end":{"line":140,"column":null}},"39":{"start":{"line":141,"column":4},"end":{"line":141,"column":null}},"40":{"start":{"line":142,"column":4},"end":{"line":142,"column":null}},"41":{"start":{"line":143,"column":4},"end":{"line":143,"column":null}},"42":{"start":{"line":144,"column":4},"end":{"line":144,"column":null}},"43":{"start":{"line":145,"column":4},"end":{"line":145,"column":null}},"44":{"start":{"line":146,"column":4},"end":{"line":146,"column":null}},"45":{"start":{"line":147,"column":4},"end":{"line":147,"column":null}},"46":{"start":{"line":148,"column":4},"end":{"line":148,"column":null}},"47":{"start":{"line":149,"column":4},"end":{"line":149,"column":null}},"48":{"start":{"line":150,"column":4},"end":{"line":150,"column":null}},"49":{"start":{"line":151,"column":4},"end":{"line":151,"column":null}},"50":{"start":{"line":152,"column":4},"end":{"line":152,"column":null}},"51":{"start":{"line":153,"column":4},"end":{"line":153,"column":null}},"52":{"start":{"line":154,"column":4},"end":{"line":154,"column":null}},"53":{"start":{"line":155,"column":4},"end":{"line":155,"column":null}},"54":{"start":{"line":159,"column":4},"end":{"line":163,"column":null}},"55":{"start":{"line":160,"column":6},"end":{"line":160,"column":null}},"56":{"start":{"line":162,"column":6},"end":{"line":162,"column":null}},"57":{"start":{"line":164,"column":4},"end":{"line":164,"column":null}},"58":{"start":{"line":168,"column":4},"end":{"line":168,"column":null}},"59":{"start":{"line":168,"column":35},"end":{"line":168,"column":null}},"60":{"start":{"line":169,"column":4},"end":{"line":169,"column":null}},"61":{"start":{"line":169,"column":63},"end":{"line":169,"column":null}},"62":{"start":{"line":170,"column":4},"end":{"line":170,"column":null}},"63":{"start":{"line":171,"column":16},"end":{"line":171,"column":null}},"64":{"start":{"line":172,"column":4},"end":{"line":181,"column":null}},"65":{"start":{"line":173,"column":26},"end":{"line":173,"column":null}},"66":{"start":{"line":174,"column":6},"end":{"line":177,"column":null}},"67":{"start":{"line":175,"column":8},"end":{"line":175,"column":null}},"68":{"start":{"line":176,"column":8},"end":{"line":176,"column":null}},"69":{"start":{"line":178,"column":25},"end":{"line":178,"column":null}},"70":{"start":{"line":179,"column":6},"end":{"line":179,"column":null}},"71":{"start":{"line":179,"column":23},"end":{"line":179,"column":null}},"72":{"start":{"line":180,"column":6},"end":{"line":180,"column":null}},"73":{"start":{"line":182,"column":4},"end":{"line":184,"column":null}},"74":{"start":{"line":183,"column":6},"end":{"line":183,"column":null}},"75":{"start":{"line":185,"column":4},"end":{"line":185,"column":null}},"76":{"start":{"line":189,"column":4},"end":{"line":189,"column":null}},"77":{"start":{"line":190,"column":4},"end":{"line":190,"column":null}},"78":{"start":{"line":191,"column":4},"end":{"line":191,"column":null}},"79":{"start":{"line":195,"column":4},"end":{"line":195,"column":null}},"80":{"start":{"line":199,"column":4},"end":{"line":199,"column":null}},"81":{"start":{"line":199,"column":35},"end":{"line":199,"column":null}},"82":{"start":{"line":200,"column":4},"end":{"line":200,"column":null}},"83":{"start":{"line":200,"column":63},"end":{"line":200,"column":null}},"84":{"start":{"line":201,"column":4},"end":{"line":201,"column":null}},"85":{"start":{"line":202,"column":4},"end":{"line":202,"column":null}},"86":{"start":{"line":203,"column":4},"end":{"line":205,"column":null}},"87":{"start":{"line":204,"column":6},"end":{"line":204,"column":null}},"88":{"start":{"line":206,"column":4},"end":{"line":206,"column":null}},"89":{"start":{"line":210,"column":4},"end":{"line":210,"column":null}},"90":{"start":{"line":210,"column":55},"end":{"line":210,"column":null}},"91":{"start":{"line":211,"column":20},"end":{"line":211,"column":32}},"92":{"start":{"line":212,"column":4},"end":{"line":212,"column":null}},"93":{"start":{"line":213,"column":4},"end":{"line":213,"column":null}},"94":{"start":{"line":214,"column":4},"end":{"line":214,"column":null}},"95":{"start":{"line":215,"column":4},"end":{"line":215,"column":null}},"96":{"start":{"line":219,"column":4},"end":{"line":219,"column":null}},"97":{"start":{"line":219,"column":57},"end":{"line":219,"column":null}},"98":{"start":{"line":220,"column":20},"end":{"line":220,"column":32}},"99":{"start":{"line":221,"column":20},"end":{"line":221,"column":51}},"100":{"start":{"line":222,"column":20},"end":{"line":222,"column":null}},"101":{"start":{"line":223,"column":4},"end":{"line":226,"column":null}},"102":{"start":{"line":224,"column":6},"end":{"line":224,"column":null}},"103":{"start":{"line":225,"column":6},"end":{"line":225,"column":null}},"104":{"start":{"line":227,"column":4},"end":{"line":227,"column":null}},"105":{"start":{"line":228,"column":4},"end":{"line":228,"column":null}},"106":{"start":{"line":229,"column":4},"end":{"line":229,"column":null}},"107":{"start":{"line":230,"column":4},"end":{"line":230,"column":null}},"108":{"start":{"line":234,"column":4},"end":{"line":238,"column":null}},"109":{"start":{"line":235,"column":6},"end":{"line":235,"column":null}},"110":{"start":{"line":236,"column":6},"end":{"line":236,"column":null}},"111":{"start":{"line":237,"column":6},"end":{"line":237,"column":null}},"112":{"start":{"line":239,"column":4},"end":{"line":242,"column":null}},"113":{"start":{"line":240,"column":6},"end":{"line":240,"column":null}},"114":{"start":{"line":241,"column":6},"end":{"line":241,"column":null}},"115":{"start":{"line":243,"column":21},"end":{"line":243,"column":null}},"116":{"start":{"line":244,"column":4},"end":{"line":247,"column":null}},"117":{"start":{"line":245,"column":6},"end":{"line":245,"column":null}},"118":{"start":{"line":246,"column":6},"end":{"line":246,"column":null}},"119":{"start":{"line":248,"column":17},"end":{"line":248,"column":null}},"120":{"start":{"line":249,"column":4},"end":{"line":252,"column":null}},"121":{"start":{"line":250,"column":6},"end":{"line":250,"column":null}},"122":{"start":{"line":251,"column":6},"end":{"line":251,"column":null}},"123":{"start":{"line":253,"column":16},"end":{"line":253,"column":null}},"124":{"start":{"line":254,"column":4},"end":{"line":257,"column":null}},"125":{"start":{"line":255,"column":6},"end":{"line":255,"column":null}},"126":{"start":{"line":256,"column":6},"end":{"line":256,"column":null}},"127":{"start":{"line":259,"column":20},"end":{"line":259,"column":null}},"128":{"start":{"line":260,"column":42},"end":{"line":260,"column":null}},"129":{"start":{"line":261,"column":35},"end":{"line":261,"column":null}},"130":{"start":{"line":263,"column":4},"end":{"line":274,"column":null}},"131":{"start":{"line":264,"column":6},"end":{"line":264,"column":null}},"132":{"start":{"line":265,"column":6},"end":{"line":271,"column":null}},"133":{"start":{"line":273,"column":6},"end":{"line":273,"column":null}},"134":{"start":{"line":275,"column":18},"end":{"line":275,"column":null}},"135":{"start":{"line":276,"column":23},"end":{"line":276,"column":null}},"136":{"start":{"line":278,"column":35},"end":{"line":290,"column":null}},"137":{"start":{"line":291,"column":23},"end":{"line":291,"column":40}},"138":{"start":{"line":292,"column":4},"end":{"line":292,"column":null}},"139":{"start":{"line":293,"column":4},"end":{"line":293,"column":null}},"140":{"start":{"line":295,"column":4},"end":{"line":300,"column":null}},"141":{"start":{"line":302,"column":4},"end":{"line":305,"column":null}},"142":{"start":{"line":303,"column":6},"end":{"line":303,"column":null}},"143":{"start":{"line":304,"column":6},"end":{"line":304,"column":null}},"144":{"start":{"line":307,"column":4},"end":{"line":310,"column":null}},"145":{"start":{"line":308,"column":6},"end":{"line":308,"column":null}},"146":{"start":{"line":309,"column":6},"end":{"line":309,"column":null}},"147":{"start":{"line":312,"column":4},"end":{"line":314,"column":null}},"148":{"start":{"line":313,"column":6},"end":{"line":313,"column":null}},"149":{"start":{"line":316,"column":4},"end":{"line":318,"column":null}},"150":{"start":{"line":317,"column":6},"end":{"line":317,"column":null}},"151":{"start":{"line":320,"column":4},"end":{"line":326,"column":null}},"152":{"start":{"line":321,"column":25},"end":{"line":321,"column":null}},"153":{"start":{"line":322,"column":20},"end":{"line":322,"column":null}},"154":{"start":{"line":323,"column":6},"end":{"line":325,"column":null}},"155":{"start":{"line":324,"column":8},"end":{"line":324,"column":null}},"156":{"start":{"line":328,"column":4},"end":{"line":342,"column":null}},"157":{"start":{"line":329,"column":25},"end":{"line":329,"column":48}},"158":{"start":{"line":330,"column":23},"end":{"line":330,"column":null}},"159":{"start":{"line":331,"column":6},"end":{"line":334,"column":null}},"160":{"start":{"line":332,"column":8},"end":{"line":332,"column":null}},"161":{"start":{"line":333,"column":8},"end":{"line":333,"column":null}},"162":{"start":{"line":335,"column":6},"end":{"line":338,"column":null}},"163":{"start":{"line":339,"column":6},"end":{"line":339,"column":null}},"164":{"start":{"line":340,"column":6},"end":{"line":340,"column":null}},"165":{"start":{"line":341,"column":6},"end":{"line":341,"column":null}},"166":{"start":{"line":344,"column":4},"end":{"line":351,"column":null}},"167":{"start":{"line":345,"column":6},"end":{"line":345,"column":null}},"168":{"start":{"line":346,"column":6},"end":{"line":346,"column":null}},"169":{"start":{"line":347,"column":6},"end":{"line":349,"column":null}},"170":{"start":{"line":348,"column":8},"end":{"line":348,"column":null}},"171":{"start":{"line":350,"column":6},"end":{"line":350,"column":null}},"172":{"start":{"line":353,"column":4},"end":{"line":353,"column":null}},"173":{"start":{"line":354,"column":4},"end":{"line":354,"column":null}},"174":{"start":{"line":358,"column":23},"end":{"line":358,"column":null}},"175":{"start":{"line":358,"column":49},"end":{"line":358,"column":null}},"176":{"start":{"line":359,"column":4},"end":{"line":362,"column":null}},"177":{"start":{"line":360,"column":6},"end":{"line":360,"column":null}},"178":{"start":{"line":361,"column":6},"end":{"line":361,"column":null}},"179":{"start":{"line":363,"column":4},"end":{"line":363,"column":null}},"180":{"start":{"line":364,"column":4},"end":{"line":364,"column":null}},"181":{"start":{"line":365,"column":4},"end":{"line":365,"column":null}},"182":{"start":{"line":369,"column":4},"end":{"line":379,"column":null}},"183":{"start":{"line":370,"column":6},"end":{"line":370,"column":null}},"184":{"start":{"line":371,"column":20},"end":{"line":371,"column":42}},"185":{"start":{"line":372,"column":6},"end":{"line":374,"column":null}},"186":{"start":{"line":373,"column":8},"end":{"line":373,"column":null}},"187":{"start":{"line":375,"column":17},"end":{"line":375,"column":40}},"188":{"start":{"line":376,"column":6},"end":{"line":378,"column":null}},"189":{"start":{"line":377,"column":8},"end":{"line":377,"column":null}},"190":{"start":{"line":381,"column":4},"end":{"line":384,"column":null}},"191":{"start":{"line":382,"column":6},"end":{"line":382,"column":null}},"192":{"start":{"line":383,"column":6},"end":{"line":383,"column":null}},"193":{"start":{"line":385,"column":21},"end":{"line":385,"column":null}},"194":{"start":{"line":386,"column":4},"end":{"line":389,"column":null}},"195":{"start":{"line":387,"column":6},"end":{"line":387,"column":null}},"196":{"start":{"line":388,"column":6},"end":{"line":388,"column":null}},"197":{"start":{"line":390,"column":17},"end":{"line":390,"column":null}},"198":{"start":{"line":391,"column":4},"end":{"line":394,"column":null}},"199":{"start":{"line":392,"column":6},"end":{"line":392,"column":null}},"200":{"start":{"line":393,"column":6},"end":{"line":393,"column":null}},"201":{"start":{"line":395,"column":4},"end":{"line":395,"column":null}},"202":{"start":{"line":399,"column":4},"end":{"line":409,"column":null}},"203":{"start":{"line":400,"column":20},"end":{"line":400,"column":null}},"204":{"start":{"line":401,"column":6},"end":{"line":408,"column":null}},"205":{"start":{"line":402,"column":8},"end":{"line":402,"column":null}},"206":{"start":{"line":403,"column":8},"end":{"line":407,"column":null}},"207":{"start":{"line":404,"column":38},"end":{"line":404,"column":52}},"208":{"start":{"line":405,"column":10},"end":{"line":405,"column":null}},"209":{"start":{"line":406,"column":10},"end":{"line":406,"column":null}},"210":{"start":{"line":410,"column":4},"end":{"line":410,"column":null}},"211":{"start":{"line":411,"column":4},"end":{"line":411,"column":null}},"212":{"start":{"line":412,"column":4},"end":{"line":412,"column":null}},"213":{"start":{"line":416,"column":44},"end":{"line":416,"column":null}},"214":{"start":{"line":417,"column":4},"end":{"line":431,"column":null}},"215":{"start":{"line":418,"column":6},"end":{"line":418,"column":null}},"216":{"start":{"line":418,"column":31},"end":{"line":418,"column":null}},"217":{"start":{"line":419,"column":19},"end":{"line":419,"column":null}},"218":{"start":{"line":420,"column":6},"end":{"line":430,"column":null}},"219":{"start":{"line":421,"column":32},"end":{"line":421,"column":64}},"220":{"start":{"line":422,"column":8},"end":{"line":424,"column":null}},"221":{"start":{"line":423,"column":10},"end":{"line":423,"column":null}},"222":{"start":{"line":425,"column":8},"end":{"line":425,"column":null}},"223":{"start":{"line":426,"column":13},"end":{"line":430,"column":null}},"224":{"start":{"line":427,"column":8},"end":{"line":427,"column":null}},"225":{"start":{"line":428,"column":13},"end":{"line":430,"column":null}},"226":{"start":{"line":429,"column":8},"end":{"line":429,"column":null}},"227":{"start":{"line":432,"column":4},"end":{"line":432,"column":null}},"228":{"start":{"line":436,"column":4},"end":{"line":436,"column":null}},"229":{"start":{"line":440,"column":18},"end":{"line":440,"column":null}},"230":{"start":{"line":441,"column":4},"end":{"line":441,"column":null}},"231":{"start":{"line":441,"column":16},"end":{"line":441,"column":null}},"232":{"start":{"line":442,"column":20},"end":{"line":442,"column":null}},"233":{"start":{"line":442,"column":54},"end":{"line":442,"column":null}},"234":{"start":{"line":443,"column":22},"end":{"line":443,"column":null}},"235":{"start":{"line":444,"column":24},"end":{"line":444,"column":null}},"236":{"start":{"line":445,"column":4},"end":{"line":450,"column":null}},"237":{"start":{"line":446,"column":6},"end":{"line":446,"column":null}},"238":{"start":{"line":446,"column":42},"end":{"line":446,"column":null}},"239":{"start":{"line":447,"column":6},"end":{"line":447,"column":null}},"240":{"start":{"line":447,"column":46},"end":{"line":447,"column":null}},"241":{"start":{"line":448,"column":6},"end":{"line":448,"column":null}},"242":{"start":{"line":449,"column":6},"end":{"line":449,"column":null}},"243":{"start":{"line":451,"column":4},"end":{"line":451,"column":null}},"244":{"start":{"line":455,"column":4},"end":{"line":455,"column":null}},"245":{"start":{"line":455,"column":39},"end":{"line":455,"column":null}},"246":{"start":{"line":456,"column":4},"end":{"line":456,"column":null}},"247":{"start":{"line":460,"column":4},"end":{"line":460,"column":null}},"248":{"start":{"line":464,"column":4},"end":{"line":473,"column":null}},"249":{"start":{"line":465,"column":6},"end":{"line":472,"column":null}},"250":{"start":{"line":474,"column":4},"end":{"line":483,"column":null}},"251":{"start":{"line":475,"column":6},"end":{"line":482,"column":null}},"252":{"start":{"line":484,"column":4},"end":{"line":489,"column":null}},"253":{"start":{"line":493,"column":20},"end":{"line":502,"column":null}},"254":{"start":{"line":494,"column":6},"end":{"line":494,"column":null}},"255":{"start":{"line":494,"column":58},"end":{"line":494,"column":null}},"256":{"start":{"line":495,"column":6},"end":{"line":495,"column":null}},"257":{"start":{"line":495,"column":50},"end":{"line":495,"column":null}},"258":{"start":{"line":496,"column":25},"end":{"line":496,"column":43}},"259":{"start":{"line":497,"column":25},"end":{"line":497,"column":43}},"260":{"start":{"line":498,"column":6},"end":{"line":498,"column":null}},"261":{"start":{"line":499,"column":6},"end":{"line":499,"column":null}},"262":{"start":{"line":500,"column":6},"end":{"line":500,"column":null}},"263":{"start":{"line":501,"column":6},"end":{"line":501,"column":null}},"264":{"start":{"line":503,"column":4},"end":{"line":503,"column":null}},"265":{"start":{"line":504,"column":4},"end":{"line":504,"column":null}},"266":{"start":{"line":508,"column":4},"end":{"line":508,"column":null}},"267":{"start":{"line":509,"column":4},"end":{"line":509,"column":null}},"268":{"start":{"line":510,"column":4},"end":{"line":512,"column":null}},"269":{"start":{"line":511,"column":6},"end":{"line":511,"column":null}},"270":{"start":{"line":513,"column":4},"end":{"line":513,"column":null}},"271":{"start":{"line":517,"column":4},"end":{"line":517,"column":null}},"272":{"start":{"line":518,"column":4},"end":{"line":518,"column":null}},"273":{"start":{"line":519,"column":4},"end":{"line":519,"column":null}},"274":{"start":{"line":523,"column":21},"end":{"line":523,"column":null}},"275":{"start":{"line":524,"column":4},"end":{"line":526,"column":null}},"276":{"start":{"line":525,"column":6},"end":{"line":525,"column":null}},"277":{"start":{"line":530,"column":21},"end":{"line":530,"column":null}},"278":{"start":{"line":531,"column":21},"end":{"line":531,"column":null}},"279":{"start":{"line":531,"column":59},"end":{"line":531,"column":null}},"280":{"start":{"line":532,"column":4},"end":{"line":538,"column":null}},"281":{"start":{"line":533,"column":6},"end":{"line":533,"column":null}},"282":{"start":{"line":533,"column":38},"end":{"line":533,"column":null}},"283":{"start":{"line":534,"column":19},"end":{"line":534,"column":null}},"284":{"start":{"line":535,"column":6},"end":{"line":535,"column":null}},"285":{"start":{"line":535,"column":40},"end":{"line":535,"column":null}},"286":{"start":{"line":536,"column":20},"end":{"line":536,"column":42}},"287":{"start":{"line":537,"column":6},"end":{"line":537,"column":null}}},"fnMap":{"0":{"name":"(anonymous_1)","decl":{"start":{"line":96,"column":2},"end":{"line":96,"column":14}},"loc":{"start":{"line":96,"column":48},"end":{"line":101,"column":null}}},"1":{"name":"(anonymous_2)","decl":{"start":{"line":103,"column":2},"end":{"line":103,"column":12}},"loc":{"start":{"line":103,"column":59},"end":{"line":107,"column":null}}},"2":{"name":"(anonymous_3)","decl":{"start":{"line":106,"column":11},"end":{"line":106,"column":17}},"loc":{"start":{"line":106,"column":17},"end":{"line":106,"column":null}}},"3":{"name":"(anonymous_4)","decl":{"start":{"line":109,"column":2},"end":{"line":109,"column":33}},"loc":{"start":{"line":109,"column":33},"end":{"line":121,"column":null}}},"4":{"name":"(anonymous_5)","decl":{"start":{"line":123,"column":2},"end":{"line":123,"column":11}},"loc":{"start":{"line":123,"column":25},"end":{"line":131,"column":null}}},"5":{"name":"(anonymous_6)","decl":{"start":{"line":133,"column":2},"end":{"line":133,"column":12}},"loc":{"start":{"line":133,"column":45},"end":{"line":137,"column":null}}},"6":{"name":"(anonymous_7)","decl":{"start":{"line":139,"column":2},"end":{"line":139,"column":10}},"loc":{"start":{"line":139,"column":10},"end":{"line":156,"column":null}}},"7":{"name":"(anonymous_8)","decl":{"start":{"line":158,"column":2},"end":{"line":158,"column":19}},"loc":{"start":{"line":158,"column":35},"end":{"line":165,"column":null}}},"8":{"name":"(anonymous_9)","decl":{"start":{"line":167,"column":2},"end":{"line":167,"column":8}},"loc":{"start":{"line":167,"column":8},"end":{"line":186,"column":null}}},"9":{"name":"(anonymous_10)","decl":{"start":{"line":188,"column":2},"end":{"line":188,"column":16}},"loc":{"start":{"line":188,"column":49},"end":{"line":192,"column":null}}},"10":{"name":"(anonymous_11)","decl":{"start":{"line":194,"column":2},"end":{"line":194,"column":15}},"loc":{"start":{"line":194,"column":15},"end":{"line":196,"column":null}}},"11":{"name":"(anonymous_12)","decl":{"start":{"line":198,"column":2},"end":{"line":198,"column":9}},"loc":{"start":{"line":198,"column":9},"end":{"line":207,"column":null}}},"12":{"name":"(anonymous_13)","decl":{"start":{"line":209,"column":2},"end":{"line":209,"column":17}},"loc":{"start":{"line":209,"column":17},"end":{"line":216,"column":null}}},"13":{"name":"(anonymous_14)","decl":{"start":{"line":218,"column":2},"end":{"line":218,"column":17}},"loc":{"start":{"line":218,"column":36},"end":{"line":231,"column":null}}},"14":{"name":"(anonymous_15)","decl":{"start":{"line":233,"column":10},"end":{"line":233,"column":29}},"loc":{"start":{"line":233,"column":56},"end":{"line":355,"column":null}}},"15":{"name":"(anonymous_16)","decl":{"start":{"line":357,"column":10},"end":{"line":357,"column":26}},"loc":{"start":{"line":357,"column":112},"end":{"line":366,"column":null}}},"16":{"name":"(anonymous_17)","decl":{"start":{"line":358,"column":40},"end":{"line":358,"column":41}},"loc":{"start":{"line":358,"column":49},"end":{"line":358,"column":null}}},"17":{"name":"(anonymous_18)","decl":{"start":{"line":368,"column":10},"end":{"line":368,"column":26}},"loc":{"start":{"line":368,"column":125},"end":{"line":396,"column":null}}},"18":{"name":"(anonymous_19)","decl":{"start":{"line":398,"column":10},"end":{"line":398,"column":27}},"loc":{"start":{"line":398,"column":27},"end":{"line":413,"column":null}}},"19":{"name":"(anonymous_20)","decl":{"start":{"line":415,"column":10},"end":{"line":415,"column":24}},"loc":{"start":{"line":415,"column":99},"end":{"line":433,"column":null}}},"20":{"name":"(anonymous_21)","decl":{"start":{"line":435,"column":10},"end":{"line":435,"column":28}},"loc":{"start":{"line":435,"column":58},"end":{"line":437,"column":null}}},"21":{"name":"(anonymous_22)","decl":{"start":{"line":439,"column":10},"end":{"line":439,"column":26}},"loc":{"start":{"line":439,"column":64},"end":{"line":452,"column":null}}},"22":{"name":"(anonymous_23)","decl":{"start":{"line":442,"column":44},"end":{"line":442,"column":45}},"loc":{"start":{"line":442,"column":54},"end":{"line":442,"column":null}}},"23":{"name":"(anonymous_24)","decl":{"start":{"line":454,"column":10},"end":{"line":454,"column":24}},"loc":{"start":{"line":454,"column":41},"end":{"line":457,"column":null}}},"24":{"name":"(anonymous_25)","decl":{"start":{"line":459,"column":10},"end":{"line":459,"column":23}},"loc":{"start":{"line":459,"column":40},"end":{"line":461,"column":null}}},"25":{"name":"(anonymous_26)","decl":{"start":{"line":463,"column":10},"end":{"line":463,"column":30}},"loc":{"start":{"line":463,"column":102},"end":{"line":490,"column":null}}},"26":{"name":"(anonymous_27)","decl":{"start":{"line":492,"column":10},"end":{"line":492,"column":24}},"loc":{"start":{"line":492,"column":47},"end":{"line":505,"column":null}}},"27":{"name":"(anonymous_28)","decl":{"start":{"line":493,"column":38},"end":{"line":493,"column":null}},"loc":{"start":{"line":493,"column":38},"end":{"line":502,"column":7}}},"28":{"name":"(anonymous_29)","decl":{"start":{"line":507,"column":10},"end":{"line":507,"column":24}},"loc":{"start":{"line":507,"column":24},"end":{"line":514,"column":null}}},"29":{"name":"(anonymous_30)","decl":{"start":{"line":516,"column":10},"end":{"line":516,"column":22}},"loc":{"start":{"line":516,"column":39},"end":{"line":520,"column":null}}},"30":{"name":"(anonymous_31)","decl":{"start":{"line":522,"column":10},"end":{"line":522,"column":17}},"loc":{"start":{"line":522,"column":17},"end":{"line":527,"column":null}}},"31":{"name":"(anonymous_32)","decl":{"start":{"line":529,"column":10},"end":{"line":529,"column":28}},"loc":{"start":{"line":529,"column":28},"end":{"line":539,"column":null}}},"32":{"name":"(anonymous_33)","decl":{"start":{"line":531,"column":49},"end":{"line":531,"column":50}},"loc":{"start":{"line":531,"column":59},"end":{"line":531,"column":null}}}},"branchMap":{"0":{"loc":{"start":{"line":159,"column":4},"end":{"line":163,"column":null}},"type":"if","locations":[{"start":{"line":159,"column":4},"end":{"line":163,"column":null}},{"start":{"line":161,"column":11},"end":{"line":163,"column":null}}]},"1":{"loc":{"start":{"line":168,"column":4},"end":{"line":168,"column":null}},"type":"if","locations":[{"start":{"line":168,"column":4},"end":{"line":168,"column":null}},{"start":{},"end":{}}]},"2":{"loc":{"start":{"line":169,"column":4},"end":{"line":169,"column":null}},"type":"if","locations":[{"start":{"line":169,"column":4},"end":{"line":169,"column":null}},{"start":{},"end":{}}]},"3":{"loc":{"start":{"line":169,"column":8},"end":{"line":169,"column":63}},"type":"binary-expr","locations":[{"start":{"line":169,"column":8},"end":{"line":169,"column":38}},{"start":{"line":169,"column":38},"end":{"line":169,"column":63}}]},"4":{"loc":{"start":{"line":172,"column":11},"end":{"line":172,"column":63}},"type":"binary-expr","locations":[{"start":{"line":172,"column":11},"end":{"line":172,"column":40}},{"start":{"line":172,"column":40},"end":{"line":172,"column":63}}]},"5":{"loc":{"start":{"line":173,"column":26},"end":{"line":173,"column":null}},"type":"binary-expr","locations":[{"start":{"line":173,"column":26},"end":{"line":173,"column":44}},{"start":{"line":173,"column":48},"end":{"line":173,"column":null}}]},"6":{"loc":{"start":{"line":174,"column":6},"end":{"line":177,"column":null}},"type":"if","locations":[{"start":{"line":174,"column":6},"end":{"line":177,"column":null}},{"start":{},"end":{}}]},"7":{"loc":{"start":{"line":179,"column":6},"end":{"line":179,"column":null}},"type":"if","locations":[{"start":{"line":179,"column":6},"end":{"line":179,"column":null}},{"start":{},"end":{}}]},"8":{"loc":{"start":{"line":182,"column":4},"end":{"line":184,"column":null}},"type":"if","locations":[{"start":{"line":182,"column":4},"end":{"line":184,"column":null}},{"start":{},"end":{}}]},"9":{"loc":{"start":{"line":182,"column":8},"end":{"line":182,"column":63}},"type":"binary-expr","locations":[{"start":{"line":182,"column":8},"end":{"line":182,"column":32}},{"start":{"line":182,"column":36},"end":{"line":182,"column":63}}]},"10":{"loc":{"start":{"line":199,"column":4},"end":{"line":199,"column":null}},"type":"if","locations":[{"start":{"line":199,"column":4},"end":{"line":199,"column":null}},{"start":{},"end":{}}]},"11":{"loc":{"start":{"line":200,"column":4},"end":{"line":200,"column":null}},"type":"if","locations":[{"start":{"line":200,"column":4},"end":{"line":200,"column":null}},{"start":{},"end":{}}]},"12":{"loc":{"start":{"line":200,"column":8},"end":{"line":200,"column":63}},"type":"binary-expr","locations":[{"start":{"line":200,"column":8},"end":{"line":200,"column":38}},{"start":{"line":200,"column":38},"end":{"line":200,"column":63}}]},"13":{"loc":{"start":{"line":203,"column":4},"end":{"line":205,"column":null}},"type":"if","locations":[{"start":{"line":203,"column":4},"end":{"line":205,"column":null}},{"start":{},"end":{}}]},"14":{"loc":{"start":{"line":210,"column":4},"end":{"line":210,"column":null}},"type":"if","locations":[{"start":{"line":210,"column":4},"end":{"line":210,"column":null}},{"start":{},"end":{}}]},"15":{"loc":{"start":{"line":210,"column":8},"end":{"line":210,"column":55}},"type":"binary-expr","locations":[{"start":{"line":210,"column":8},"end":{"line":210,"column":21}},{"start":{"line":210,"column":25},"end":{"line":210,"column":55}}]},"16":{"loc":{"start":{"line":219,"column":4},"end":{"line":219,"column":null}},"type":"if","locations":[{"start":{"line":219,"column":4},"end":{"line":219,"column":null}},{"start":{},"end":{}}]},"17":{"loc":{"start":{"line":219,"column":8},"end":{"line":219,"column":57}},"type":"binary-expr","locations":[{"start":{"line":219,"column":8},"end":{"line":219,"column":21}},{"start":{"line":219,"column":25},"end":{"line":219,"column":57}}]},"18":{"loc":{"start":{"line":222,"column":20},"end":{"line":222,"column":null}},"type":"binary-expr","locations":[{"start":{"line":222,"column":20},"end":{"line":222,"column":54}},{"start":{"line":222,"column":58},"end":{"line":222,"column":null}}]},"19":{"loc":{"start":{"line":223,"column":4},"end":{"line":226,"column":null}},"type":"if","locations":[{"start":{"line":223,"column":4},"end":{"line":226,"column":null}},{"start":{},"end":{}}]},"20":{"loc":{"start":{"line":234,"column":4},"end":{"line":238,"column":null}},"type":"if","locations":[{"start":{"line":234,"column":4},"end":{"line":238,"column":null}},{"start":{},"end":{}}]},"21":{"loc":{"start":{"line":239,"column":4},"end":{"line":242,"column":null}},"type":"if","locations":[{"start":{"line":239,"column":4},"end":{"line":242,"column":null}},{"start":{},"end":{}}]},"22":{"loc":{"start":{"line":239,"column":8},"end":{"line":239,"column":71}},"type":"binary-expr","locations":[{"start":{"line":239,"column":8},"end":{"line":239,"column":29}},{"start":{"line":239,"column":29},"end":{"line":239,"column":71}}]},"23":{"loc":{"start":{"line":244,"column":4},"end":{"line":247,"column":null}},"type":"if","locations":[{"start":{"line":244,"column":4},"end":{"line":247,"column":null}},{"start":{},"end":{}}]},"24":{"loc":{"start":{"line":249,"column":4},"end":{"line":252,"column":null}},"type":"if","locations":[{"start":{"line":249,"column":4},"end":{"line":252,"column":null}},{"start":{},"end":{}}]},"25":{"loc":{"start":{"line":254,"column":4},"end":{"line":257,"column":null}},"type":"if","locations":[{"start":{"line":254,"column":4},"end":{"line":257,"column":null}},{"start":{},"end":{}}]},"26":{"loc":{"start":{"line":273,"column":14},"end":{"line":273,"column":null}},"type":"cond-expr","locations":[{"start":{"line":273,"column":37},"end":{"line":273,"column":48}},{"start":{"line":273,"column":51},"end":{"line":273,"column":null}}]},"27":{"loc":{"start":{"line":287,"column":15},"end":{"line":287,"column":null}},"type":"binary-expr","locations":[{"start":{"line":287,"column":15},"end":{"line":287,"column":31}},{"start":{"line":287,"column":31},"end":{"line":287,"column":null}}]},"28":{"loc":{"start":{"line":297,"column":15},"end":{"line":297,"column":null}},"type":"binary-expr","locations":[{"start":{"line":297,"column":15},"end":{"line":297,"column":31}},{"start":{"line":297,"column":31},"end":{"line":297,"column":null}}]},"29":{"loc":{"start":{"line":302,"column":4},"end":{"line":305,"column":null}},"type":"if","locations":[{"start":{"line":302,"column":4},"end":{"line":305,"column":null}},{"start":{},"end":{}}]},"30":{"loc":{"start":{"line":307,"column":4},"end":{"line":310,"column":null}},"type":"if","locations":[{"start":{"line":307,"column":4},"end":{"line":310,"column":null}},{"start":{},"end":{}}]},"31":{"loc":{"start":{"line":312,"column":4},"end":{"line":314,"column":null}},"type":"if","locations":[{"start":{"line":312,"column":4},"end":{"line":314,"column":null}},{"start":{},"end":{}}]},"32":{"loc":{"start":{"line":316,"column":4},"end":{"line":318,"column":null}},"type":"if","locations":[{"start":{"line":316,"column":4},"end":{"line":318,"column":null}},{"start":{},"end":{}}]},"33":{"loc":{"start":{"line":320,"column":4},"end":{"line":326,"column":null}},"type":"if","locations":[{"start":{"line":320,"column":4},"end":{"line":326,"column":null}},{"start":{},"end":{}}]},"34":{"loc":{"start":{"line":321,"column":25},"end":{"line":321,"column":null}},"type":"cond-expr","locations":[{"start":{"line":321,"column":63},"end":{"line":321,"column":78}},{"start":{"line":321,"column":81},"end":{"line":321,"column":null}}]},"35":{"loc":{"start":{"line":323,"column":6},"end":{"line":325,"column":null}},"type":"if","locations":[{"start":{"line":323,"column":6},"end":{"line":325,"column":null}},{"start":{},"end":{}}]},"36":{"loc":{"start":{"line":328,"column":4},"end":{"line":342,"column":null}},"type":"if","locations":[{"start":{"line":328,"column":4},"end":{"line":342,"column":null}},{"start":{},"end":{}}]},"37":{"loc":{"start":{"line":331,"column":6},"end":{"line":334,"column":null}},"type":"if","locations":[{"start":{"line":331,"column":6},"end":{"line":334,"column":null}},{"start":{},"end":{}}]},"38":{"loc":{"start":{"line":344,"column":4},"end":{"line":351,"column":null}},"type":"if","locations":[{"start":{"line":344,"column":4},"end":{"line":351,"column":null}},{"start":{},"end":{}}]},"39":{"loc":{"start":{"line":347,"column":6},"end":{"line":349,"column":null}},"type":"if","locations":[{"start":{"line":347,"column":6},"end":{"line":349,"column":null}},{"start":{},"end":{}}]},"40":{"loc":{"start":{"line":358,"column":49},"end":{"line":358,"column":null}},"type":"binary-expr","locations":[{"start":{"line":358,"column":49},"end":{"line":358,"column":72}},{"start":{"line":358,"column":72},"end":{"line":358,"column":null}}]},"41":{"loc":{"start":{"line":359,"column":4},"end":{"line":362,"column":null}},"type":"if","locations":[{"start":{"line":359,"column":4},"end":{"line":362,"column":null}},{"start":{},"end":{}}]},"42":{"loc":{"start":{"line":369,"column":4},"end":{"line":379,"column":null}},"type":"if","locations":[{"start":{"line":369,"column":4},"end":{"line":379,"column":null}},{"start":{},"end":{}}]},"43":{"loc":{"start":{"line":369,"column":8},"end":{"line":369,"column":52}},"type":"binary-expr","locations":[{"start":{"line":369,"column":8},"end":{"line":369,"column":19}},{"start":{"line":369,"column":19},"end":{"line":369,"column":52}}]},"44":{"loc":{"start":{"line":372,"column":6},"end":{"line":374,"column":null}},"type":"if","locations":[{"start":{"line":372,"column":6},"end":{"line":374,"column":null}},{"start":{},"end":{}}]},"45":{"loc":{"start":{"line":376,"column":6},"end":{"line":378,"column":null}},"type":"if","locations":[{"start":{"line":376,"column":6},"end":{"line":378,"column":null}},{"start":{},"end":{}}]},"46":{"loc":{"start":{"line":381,"column":4},"end":{"line":384,"column":null}},"type":"if","locations":[{"start":{"line":381,"column":4},"end":{"line":384,"column":null}},{"start":{},"end":{}}]},"47":{"loc":{"start":{"line":386,"column":4},"end":{"line":389,"column":null}},"type":"if","locations":[{"start":{"line":386,"column":4},"end":{"line":389,"column":null}},{"start":{},"end":{}}]},"48":{"loc":{"start":{"line":391,"column":4},"end":{"line":394,"column":null}},"type":"if","locations":[{"start":{"line":391,"column":4},"end":{"line":394,"column":null}},{"start":{},"end":{}}]},"49":{"loc":{"start":{"line":399,"column":4},"end":{"line":409,"column":null}},"type":"if","locations":[{"start":{"line":399,"column":4},"end":{"line":409,"column":null}},{"start":{},"end":{}}]},"50":{"loc":{"start":{"line":401,"column":6},"end":{"line":408,"column":null}},"type":"if","locations":[{"start":{"line":401,"column":6},"end":{"line":408,"column":null}},{"start":{},"end":{}}]},"51":{"loc":{"start":{"line":403,"column":8},"end":{"line":407,"column":null}},"type":"if","locations":[{"start":{"line":403,"column":8},"end":{"line":407,"column":null}},{"start":{},"end":{}}]},"52":{"loc":{"start":{"line":418,"column":6},"end":{"line":418,"column":null}},"type":"if","locations":[{"start":{"line":418,"column":6},"end":{"line":418,"column":null}},{"start":{},"end":{}}]},"53":{"loc":{"start":{"line":420,"column":6},"end":{"line":430,"column":null}},"type":"if","locations":[{"start":{"line":420,"column":6},"end":{"line":430,"column":null}},{"start":{"line":426,"column":13},"end":{"line":430,"column":null}}]},"54":{"loc":{"start":{"line":422,"column":8},"end":{"line":424,"column":null}},"type":"if","locations":[{"start":{"line":422,"column":8},"end":{"line":424,"column":null}},{"start":{},"end":{}}]},"55":{"loc":{"start":{"line":422,"column":12},"end":{"line":422,"column":72}},"type":"binary-expr","locations":[{"start":{"line":422,"column":12},"end":{"line":422,"column":32}},{"start":{"line":422,"column":32},"end":{"line":422,"column":72}}]},"56":{"loc":{"start":{"line":426,"column":13},"end":{"line":430,"column":null}},"type":"if","locations":[{"start":{"line":426,"column":13},"end":{"line":430,"column":null}},{"start":{"line":428,"column":13},"end":{"line":430,"column":null}}]},"57":{"loc":{"start":{"line":428,"column":13},"end":{"line":430,"column":null}},"type":"if","locations":[{"start":{"line":428,"column":13},"end":{"line":430,"column":null}},{"start":{},"end":{}}]},"58":{"loc":{"start":{"line":436,"column":11},"end":{"line":436,"column":null}},"type":"binary-expr","locations":[{"start":{"line":436,"column":11},"end":{"line":436,"column":57}},{"start":{"line":436,"column":57},"end":{"line":436,"column":null}}]},"59":{"loc":{"start":{"line":441,"column":4},"end":{"line":441,"column":null}},"type":"if","locations":[{"start":{"line":441,"column":4},"end":{"line":441,"column":null}},{"start":{},"end":{}}]},"60":{"loc":{"start":{"line":446,"column":6},"end":{"line":446,"column":null}},"type":"if","locations":[{"start":{"line":446,"column":6},"end":{"line":446,"column":null}},{"start":{},"end":{}}]},"61":{"loc":{"start":{"line":447,"column":6},"end":{"line":447,"column":null}},"type":"if","locations":[{"start":{"line":447,"column":6},"end":{"line":447,"column":null}},{"start":{},"end":{}}]},"62":{"loc":{"start":{"line":455,"column":4},"end":{"line":455,"column":null}},"type":"if","locations":[{"start":{"line":455,"column":4},"end":{"line":455,"column":null}},{"start":{},"end":{}}]},"63":{"loc":{"start":{"line":456,"column":11},"end":{"line":456,"column":null}},"type":"binary-expr","locations":[{"start":{"line":456,"column":11},"end":{"line":456,"column":46}},{"start":{"line":456,"column":50},"end":{"line":456,"column":null}}]},"64":{"loc":{"start":{"line":460,"column":11},"end":{"line":460,"column":null}},"type":"binary-expr","locations":[{"start":{"line":460,"column":11},"end":{"line":460,"column":46}},{"start":{"line":460,"column":50},"end":{"line":460,"column":null}}]},"65":{"loc":{"start":{"line":464,"column":4},"end":{"line":473,"column":null}},"type":"if","locations":[{"start":{"line":464,"column":4},"end":{"line":473,"column":null}},{"start":{},"end":{}}]},"66":{"loc":{"start":{"line":474,"column":4},"end":{"line":483,"column":null}},"type":"if","locations":[{"start":{"line":474,"column":4},"end":{"line":483,"column":null}},{"start":{},"end":{}}]},"67":{"loc":{"start":{"line":494,"column":6},"end":{"line":494,"column":null}},"type":"if","locations":[{"start":{"line":494,"column":6},"end":{"line":494,"column":null}},{"start":{},"end":{}}]},"68":{"loc":{"start":{"line":494,"column":10},"end":{"line":494,"column":58}},"type":"binary-expr","locations":[{"start":{"line":494,"column":10},"end":{"line":494,"column":23}},{"start":{"line":494,"column":27},"end":{"line":494,"column":58}}]},"69":{"loc":{"start":{"line":495,"column":6},"end":{"line":495,"column":null}},"type":"if","locations":[{"start":{"line":495,"column":6},"end":{"line":495,"column":null}},{"start":{},"end":{}}]},"70":{"loc":{"start":{"line":533,"column":6},"end":{"line":533,"column":null}},"type":"if","locations":[{"start":{"line":533,"column":6},"end":{"line":533,"column":null}},{"start":{},"end":{}}]},"71":{"loc":{"start":{"line":534,"column":19},"end":{"line":534,"column":null}},"type":"cond-expr","locations":[{"start":{"line":534,"column":57},"end":{"line":534,"column":72}},{"start":{"line":534,"column":75},"end":{"line":534,"column":null}}]},"72":{"loc":{"start":{"line":535,"column":6},"end":{"line":535,"column":null}},"type":"if","locations":[{"start":{"line":535,"column":6},"end":{"line":535,"column":null}},{"start":{},"end":{}}]},"73":{"loc":{"start":{"line":535,"column":10},"end":{"line":535,"column":40}},"type":"binary-expr","locations":[{"start":{"line":535,"column":10},"end":{"line":535,"column":19}},{"start":{"line":535,"column":19},"end":{"line":535,"column":40}}]}},"s":{"0":34,"1":1,"2":34,"3":34,"4":34,"5":34,"6":34,"7":34,"8":34,"9":34,"10":34,"11":34,"12":34,"13":34,"14":34,"15":34,"16":34,"17":34,"18":34,"19":34,"20":34,"21":34,"22":34,"23":1,"24":1,"25":1,"26":1,"27":81,"28":1,"29":1,"30":1,"31":1,"32":1,"33":1,"34":1,"35":3,"36":3,"37":3,"38":2,"39":2,"40":2,"41":2,"42":2,"43":2,"44":2,"45":2,"46":2,"47":2,"48":2,"49":2,"50":2,"51":2,"52":2,"53":2,"54":4,"55":1,"56":3,"57":4,"58":33,"59":1,"60":32,"61":2,"62":30,"63":30,"64":30,"65":865,"66":865,"67":1,"68":1,"69":864,"70":864,"71":4,"72":860,"73":30,"74":1,"75":30,"76":1,"77":1,"78":1,"79":1,"80":2,"81":0,"82":2,"83":1,"84":1,"85":1,"86":1,"87":1,"88":1,"89":2,"90":1,"91":1,"92":1,"93":1,"94":1,"95":1,"96":3,"97":1,"98":2,"99":2,"100":2,"101":2,"102":1,"103":1,"104":1,"105":1,"106":1,"107":1,"108":868,"109":1,"110":1,"111":1,"112":867,"113":1,"114":1,"115":866,"116":866,"117":1,"118":1,"119":865,"120":865,"121":1,"122":1,"123":864,"124":864,"125":1,"126":1,"127":863,"128":863,"129":863,"130":863,"131":863,"132":860,"133":5,"134":863,"135":863,"136":863,"137":863,"138":863,"139":863,"140":863,"141":863,"142":5,"143":5,"144":858,"145":1,"146":1,"147":857,"148":833,"149":857,"150":857,"151":857,"152":3,"153":3,"154":3,"155":2,"156":857,"157":2,"158":2,"159":2,"160":1,"161":1,"162":1,"163":1,"164":1,"165":1,"166":855,"167":8,"168":8,"169":8,"170":5,"171":8,"172":847,"173":847,"174":5,"175":5,"176":5,"177":1,"178":1,"179":4,"180":4,"181":4,"182":853,"183":818,"184":818,"185":818,"186":818,"187":818,"188":818,"189":818,"190":853,"191":11,"192":11,"193":842,"194":842,"195":1,"196":1,"197":841,"198":841,"199":2,"200":2,"201":839,"202":13,"203":1,"204":1,"205":1,"206":1,"207":1,"208":1,"209":1,"210":12,"211":12,"212":12,"213":863,"214":863,"215":854,"216":837,"217":17,"218":17,"219":14,"220":14,"221":1,"222":13,"223":3,"224":1,"225":2,"226":2,"227":860,"228":864,"229":1708,"230":1708,"231":2,"232":1706,"233":3526,"234":1706,"235":1706,"236":1706,"237":3494,"238":3412,"239":3494,"240":3415,"241":3494,"242":3494,"243":1706,"244":1708,"245":1703,"246":5,"247":2,"248":8,"249":2,"250":6,"251":5,"252":1,"253":5,"254":3,"255":1,"256":2,"257":1,"258":1,"259":1,"260":1,"261":1,"262":1,"263":1,"264":5,"265":5,"266":2,"267":2,"268":2,"269":1,"270":2,"271":8,"272":8,"273":8,"274":40,"275":40,"276":1,"277":6,"278":6,"279":2,"280":6,"281":15,"282":12,"283":3,"284":3,"285":1,"286":2,"287":2},"f":{"0":34,"1":1,"2":1,"3":81,"4":1,"5":3,"6":2,"7":4,"8":33,"9":1,"10":1,"11":2,"12":2,"13":3,"14":868,"15":5,"16":5,"17":853,"18":13,"19":863,"20":864,"21":1708,"22":3526,"23":1708,"24":2,"25":8,"26":5,"27":3,"28":2,"29":8,"30":40,"31":6,"32":2},"b":{"0":[1,3],"1":[1,32],"2":[2,30],"3":[32,31],"4":[890,866],"5":[865,864],"6":[1,864],"7":[4,860],"8":[1,29],"9":[30,1],"10":[0,2],"11":[1,1],"12":[2,1],"13":[1,0],"14":[1,1],"15":[2,1],"16":[1,2],"17":[3,2],"18":[2,1],"19":[1,1],"20":[1,867],"21":[1,866],"22":[867,864],"23":[1,865],"24":[1,864],"25":[1,863],"26":[4,1],"27":[863,6],"28":[863,6],"29":[5,858],"30":[1,857],"31":[833,24],"32":[857,0],"33":[3,854],"34":[3,0],"35":[2,1],"36":[2,855],"37":[1,1],"38":[8,847],"39":[5,3],"40":[5,5],"41":[1,4],"42":[818,35],"43":[853,853],"44":[818,0],"45":[818,0],"46":[11,842],"47":[1,841],"48":[2,839],"49":[1,12],"50":[1,0],"51":[1,0],"52":[837,17],"53":[14,3],"54":[1,13],"55":[14,13],"56":[1,2],"57":[2,0],"58":[864,1],"59":[2,1706],"60":[3412,82],"61":[3415,79],"62":[1703,5],"63":[5,2],"64":[2,1],"65":[2,6],"66":[5,1],"67":[1,2],"68":[3,2],"69":[1,1],"70":[12,3],"71":[2,1],"72":[1,2],"73":[3,2]}}
,"/Users/ld/Documents/demo/IR/src/engine/sampleGraph.ts": {"path":"/Users/ld/Documents/demo/IR/src/engine/sampleGraph.ts","statementMap":{"0":{"start":{"line":3,"column":13},"end":{"line":3,"column":34}},"1":{"start":{"line":3,"column":34},"end":{"line":110,"column":null}}},"fnMap":{},"branchMap":{},"s":{"0":12,"1":11},"f":{},"b":{}}
,"/Users/ld/Documents/demo/IR/src/engine/validator.ts": {"path":"/Users/ld/Documents/demo/IR/src/engine/validator.ts","statementMap":{"0":{"start":{"line":11,"column":13},"end":{"line":11,"column":28}},"1":{"start":{"line":18,"column":13},"end":{"line":18,"column":29}},"2":{"start":{"line":3,"column":94},"end":{"line":3,"column":null}},"3":{"start":{"line":11,"column":28},"end":{"line":16,"column":null}},"4":{"start":{"line":12,"column":2},"end":{"line":12,"column":null}},"5":{"start":{"line":12,"column":28},"end":{"line":12,"column":null}},"6":{"start":{"line":13,"column":2},"end":{"line":13,"column":null}},"7":{"start":{"line":13,"column":27},"end":{"line":13,"column":null}},"8":{"start":{"line":14,"column":2},"end":{"line":14,"column":null}},"9":{"start":{"line":14,"column":25},"end":{"line":14,"column":null}},"10":{"start":{"line":15,"column":2},"end":{"line":15,"column":null}},"11":{"start":{"line":18,"column":29},"end":{"line":199,"column":null}},"12":{"start":{"line":19,"column":36},"end":{"line":19,"column":38}},"13":{"start":{"line":20,"column":18},"end":{"line":20,"column":null}},"14":{"start":{"line":20,"column":52},"end":{"line":20,"column":null}},"15":{"start":{"line":21,"column":19},"end":{"line":21,"column":null}},"16":{"start":{"line":23,"column":2},"end":{"line":25,"column":null}},"17":{"start":{"line":24,"column":4},"end":{"line":24,"column":null}},"18":{"start":{"line":27,"column":2},"end":{"line":29,"column":null}},"19":{"start":{"line":27,"column":54},"end":{"line":27,"column":63}},"20":{"start":{"line":28,"column":4},"end":{"line":28,"column":null}},"21":{"start":{"line":30,"column":2},"end":{"line":32,"column":null}},"22":{"start":{"line":30,"column":55},"end":{"line":30,"column":64}},"23":{"start":{"line":31,"column":4},"end":{"line":31,"column":null}},"24":{"start":{"line":34,"column":18},"end":{"line":34,"column":null}},"25":{"start":{"line":35,"column":2},"end":{"line":85,"column":null}},"26":{"start":{"line":36,"column":4},"end":{"line":38,"column":null}},"27":{"start":{"line":37,"column":6},"end":{"line":37,"column":null}},"28":{"start":{"line":39,"column":4},"end":{"line":39,"column":null}},"29":{"start":{"line":40,"column":21},"end":{"line":40,"column":null}},"30":{"start":{"line":41,"column":19},"end":{"line":41,"column":null}},"31":{"start":{"line":42,"column":4},"end":{"line":45,"column":null}},"32":{"start":{"line":43,"column":6},"end":{"line":43,"column":null}},"33":{"start":{"line":44,"column":6},"end":{"line":44,"column":null}},"34":{"start":{"line":46,"column":4},"end":{"line":49,"column":null}},"35":{"start":{"line":47,"column":6},"end":{"line":47,"column":null}},"36":{"start":{"line":48,"column":6},"end":{"line":48,"column":null}},"37":{"start":{"line":50,"column":25},"end":{"line":50,"column":null}},"38":{"start":{"line":51,"column":23},"end":{"line":51,"column":null}},"39":{"start":{"line":52,"column":4},"end":{"line":55,"column":null}},"40":{"start":{"line":53,"column":6},"end":{"line":53,"column":null}},"41":{"start":{"line":54,"column":6},"end":{"line":54,"column":null}},"42":{"start":{"line":56,"column":4},"end":{"line":59,"column":null}},"43":{"start":{"line":57,"column":6},"end":{"line":57,"column":null}},"44":{"start":{"line":58,"column":6},"end":{"line":58,"column":null}},"45":{"start":{"line":60,"column":20},"end":{"line":60,"column":null}},"46":{"start":{"line":60,"column":55},"end":{"line":60,"column":83}},"47":{"start":{"line":61,"column":18},"end":{"line":61,"column":null}},"48":{"start":{"line":61,"column":50},"end":{"line":61,"column":76}},"49":{"start":{"line":62,"column":4},"end":{"line":65,"column":null}},"50":{"start":{"line":63,"column":6},"end":{"line":63,"column":null}},"51":{"start":{"line":64,"column":6},"end":{"line":64,"column":null}},"52":{"start":{"line":66,"column":4},"end":{"line":69,"column":null}},"53":{"start":{"line":67,"column":6},"end":{"line":67,"column":null}},"54":{"start":{"line":68,"column":6},"end":{"line":68,"column":null}},"55":{"start":{"line":70,"column":4},"end":{"line":77,"column":null}},"56":{"start":{"line":71,"column":6},"end":{"line":75,"column":null}},"57":{"start":{"line":76,"column":6},"end":{"line":76,"column":null}},"58":{"start":{"line":78,"column":4},"end":{"line":84,"column":null}},"59":{"start":{"line":79,"column":6},"end":{"line":83,"column":null}},"60":{"start":{"line":87,"column":20},"end":{"line":87,"column":null}},"61"
[...]
,"/Users/ld/Documents/demo/IR/src/studio/rete/mapping.ts": {"path":"/Users/ld/Documents/demo/IR/src/studio/rete/mapping.ts","statementMap":{"0":{"start":{"line":57,"column":13},"end":{"line":57,"column":35}},"1":{"start":{"line":23,"column":13},"end":{"line":23,"column":29}},"2":{"start":{"line":17,"column":13},"end":{"line":17,"column":31}},"3":{"start":{"line":69,"column":13},"end":{"line":69,"column":27}},"4":{"start":{"line":105,"column":13},"end":{"line":105,"column":31}},"5":{"start":{"line":1,"column":30},"end":{"line":1,"column":null}},"6":{"start":{"line":4,"column":38},"end":{"line":4,"column":null}},"7":{"start":{"line":9,"column":19},"end":{"line":9,"column":null}},"8":{"start":{"line":10,"column":83},"end":{"line":15,"column":null}},"9":{"start":{"line":17,"column":31},"end":{"line":21,"column":null}},"10":{"start":{"line":18,"column":2},"end":{"line":18,"column":null}},"11":{"start":{"line":18,"column":27},"end":{"line":18,"column":null}},"12":{"start":{"line":19,"column":2},"end":{"line":19,"column":null}},"13":{"start":{"line":19,"column":49},"end":{"line":19,"column":null}},"14":{"start":{"line":20,"column":2},"end":{"line":20,"column":null}},"15":{"start":{"line":23,"column":29},"end":{"line":55,"column":null}},"16":{"start":{"line":24,"column":19},"end":{"line":24,"column":null}},"17":{"start":{"line":25,"column":2},"end":{"line":27,"column":null}},"18":{"start":{"line":26,"column":4},"end":{"line":26,"column":null}},"19":{"start":{"line":28,"column":19},"end":{"line":28,"column":null}},"20":{"start":{"line":29,"column":2},"end":{"line":29,"column":null}},"21":{"start":{"line":30,"column":2},"end":{"line":41,"column":null}},"22":{"start":{"line":42,"column":2},"end":{"line":47,"column":null}},"23":{"start":{"line":43,"column":19},"end":{"line":43,"column":null}},"24":{"start":{"line":44,"column":22},"end":{"line":44,"column":null}},"25":{"start":{"line":45,"column":4},"end":{"line":45,"column":null}},"26":{"start":{"line":46,"column":4},"end":{"line":46,"column":null}},"27":{"start":{"line":48,"column":2},"end":{"line":53,"column":null}},"28":{"start":{"line":49,"column":19},"end":{"line":49,"column":null}},"29":{"start":{"line":50,"column":23},"end":{"line":50,"column":null}},"30":{"start":{"line":51,"column":4},"end":{"line":51,"column":null}},"31":{"start":{"line":52,"column":4},"end":{"line":52,"column":null}},"32":{"start":{"line":54,"column":2},"end":{"line":54,"column":null}},"33":{"start":{"line":57,"column":35},"end":{"line":67,"column":null}},"34":{"start":{"line":63,"column":21},"end":{"line":63,"column":null}},"35":{"start":{"line":64,"column":2},"end":{"line":64,"column":null}},"36":{"start":{"line":65,"column":3},"end":{"line":65,"column":null}},"37":{"start":{"line":66,"column":2},"end":{"line":66,"column":null}},"38":{"start":{"line":69,"column":27},"end":{"line":103,"column":null}},"39":{"start":{"line":77,"column":16},"end":{"line":77,"column":null}},"40":{"start":{"line":78,"column":90},"end":{"line":78,"column":92}},"41":{"start":{"line":80,"column":2},"end":{"line":89,"column":null}},"42":{"start":{"line":81,"column":21},"end":{"line":81,"column":null}},"43":{"start":{"line":82,"column":19},"end":{"line":82,"column":null}},"44":{"start":{"line":83,"column":4},"end":{"line":83,"column":null}},"45":{"start":{"line":84,"column":4},"end":{"line":84,"column":null}},"46":{"start":{"line":85,"column":4},"end":{"line":85,"column":null}},"47":{"start":{"line":86,"column":4},"end":{"line":86,"column":null}},"48":{"start":{"line":87,"column":4},"end":{"line":87,"column":null}},"49":{"start":{"line":88,"column":4},"end":{"line":88,"column":null}},"50":{"start":{"line":91,"column":2},"end":{"line":100,"column":null}},"51":{"start":{"line":92,"column":23},"end":{"line":92,"column":null}},"52":{"start":{"line":93,"column":23},"end":{"line":93,"column":null}},"53":{"start":{"line":94,"column":4},"end":{"line":94,"column":null}},"54":{"start":{"line":94,"column":36},"end":{"line":94,"column":null}},"55":{"start":{"line":95,"column":28},"end":{"line":95,"column":null}},"56":{"start":{"line":95,"column":55},"end":{"line":95,"column":83}},"57":{"start":{"line":96,"column":21},"end":{"line":96,"column":null}},"58":{"start":{"line":97,"column":16},"end":{"line":97,"column":null}},"59":{"start":{"line":97,"column":51},"end":{"line":97,"column":82}},"60":{"start":{"line":98,"column":19},"end":{"line":98,"column":null}},"61":{"start":{"line":99,"column":4},"end":{"line":99,"column":null}},"62":{"start":{"line":102,"column":2},"end":{"line":102,"column":null}},"63":{"start":{"line":105,"column":31},"end":{"line":109,"column":null}},"64":{"start":{"line":105,"column":92},"end":{"line":109,"column":null}}},"fnMap":{"0":{"name":"(anonymous_6)","decl":{"start":{"line":17,"column":31},"end":{"line":17,"column":32}},"loc":{"start":{"line":17,"column":32},"end":{"line":21,"column":null}}},"1":{"name":"(anonymous_7)","decl":{"start":{"line":23,"column":29},"end":{"line":23,"column":30}},"loc":{"start":{"line":23,"column":74},"end":{"line":55,"column":null}}},"2":{"name":"(anonymous_8)","decl":{"start":{"line":57,"column":35},"end":{"line":57,"column":null}},"loc":{"start":{"line":61,"column":2},"end":{"line":67,"column":null}}},"3":{"name":"(anonymous_9)","decl":{"start":{"line":69,"column":27},"end":{"line":69,"column":null}},"loc":{"start":{"line":75,"column":2},"end":{"line":103,"column":null}}},"4":{"name":"(anonymous_10)","decl":{"start":{"line":95,"column":45},"end":{"line":95,"column":46}},"loc":{"start":{"line":95,"column":55},"end":{"line":95,"column":83}}},"5":{"name":"(anonymous_11)","decl":{"start":{"line":97,"column":39},"end":{"line":97,"column":40}},"loc":{"start":{"line":97,"column":51},"end":{"line":97,"column":82}}},"6":{"name":"(anonymous_12)","decl":{"start":{"line":105,"column":31},"end":{"line":105,"column":32}},"loc":{"start":{"line":105,"column":92},"end":{"line":109,"column":null}}}},"branchMap":{"0":{"loc":{"start":{"line":18,"column":2},"end":{"line":18,"column":null}},"type":"if","locations":[{"start":{"line":18,"column":2},"end":{"line":18,"column":null}},{"start":{},"end":{}}]},"1":{"loc":{"start":{"line":19,"column":2},"end":{"line":19,"column":null}},"type":"if","locations":[{"start":{"line":19,"column":2},"end":{"line":19,"column":null}},{"start":{},"end":{}}]},"2":{"loc":{"start":{"line":19,"column":6},"end":{"line":19,"column":47}},"type":"binary-expr","locations":[{"start":{"line":19,"column":6},"end":{"line":19,"column":18}},{"start":{"line":19,"column":22},"end":{"line":19,"column":47}}]},"3":{"loc":{"start":{"line":25,"column":2},"end":{"line":27,"column":null}},"type":"if","locations":[{"start":{"line":25,"column":2},"end":{"line":27,"column":null}},{"start":{},"end":{}}]},"4":{"loc":{"start":{"line":28,"column":56},"end":{"line":28,"column":87}},"type":"binary-expr","locations":[{"start":{"line":28,"column":56},"end":{"line":28,"column":74}},{"start":{"line":28,"column":78},"end":{"line":28,"column":87}}]},"5":{"loc":{"start":{"line":32,"column":11},"end":{"line":32,"column":42}},"type":"binary-expr","locations":[{"start":{"line":32,"column":11},"end":{"line":32,"column":29}},{"start":{"line":32,"column":33},"end":{"line":32,"column":42}}]},"6":{"loc":{"start":{"line":44,"column":67},"end":{"line":44,"column":null}},"type":"cond-expr","locations":[{"start":{"line":44,"column":91},"end":{"line":44,"column":99}},{"start":{"line":44,"column":99},"end":{"line":44,"column":null}}]},"7":{"loc":{"start":{"line":83,"column":26},"end":{"line":83,"column":50}},"type":"binary-expr","locations":[{"start":{"line":83,"column":26},"end":{"line":83,"column":48}},{"start":{"line":83,"column":48},"end":{"line":83,"column":50}}]},"8":{"loc":{"start":{"line":84,"column":25},"end":{"line":84,"column":null}},"type":"binary-expr","locations":[{"start":{"line":84,"column":25},"end":{"line":84,"column":46}},{"start":{"line":84,"column":46},"end":{"line":84,"column":null}}]},"9":{"loc":{"start":{"line":85,"column":29},"end":{"line":85,"column":null}},"type":"cond-expr","locations":[{"start":{"line":85,"column":62},"end":{"line":85,"column":79}},{"start":{"line":85,"column":82},"end":{"line":85,"column":null}}]},"10":{"loc":{"start":{"line":87,"column":29},"end":{"line":87,"column":null}},"type":"binary-expr","locations":[{"start":{"line":87,"column":29},"end":{"line":87,"column":63}},{"start":{"line":87,"column":63},"end":{"line":87,"column":null}}]},"11":{"loc":{"start":{"line":94,"column":4},"end":{"line":94,"column":null}},"type":"if","locations":[{"start":{"line":94,"column":4},"end":{"line":94,"column":null}},{"start":{},"end":{}}]},"12":{"loc":{"start":{"line":94,"column":8},"end":{"line":94,"column":36}},"type":"binary-expr","locations":[{"start":{"line":94,"column":8},"end":{"line":94,"column":23}},{"start":{"line":94,"column":23},"end":{"line":94,"column":36}}]},"13":{"loc":{"start":{"line":96,"column":21},"end":{"line":96,"column":null}},"type":"cond-expr","locations":[{"start":{"line":96,"column":39},"end":{"line":96,"column":97}},{"start":{"line":96,"column":97},"end":{"line":96,"column":null}}]}},"s":{"0":1,"1":4,"2":3,"3":3,"4":1,"5":1,"6":1,"7":1,"8":1,"9":1,"10":12,"11":10,"12":2,"13":1,"14":1,"15":1,"16":10,"17":10,"18":1,"19":9,"20":9,"21":9,"22":9,"23":4,"24":4,"25":4,"26":4,"27":9,"28":5,"29":5,"30":5,"31":5,"32":9,"33":1,"34":3,"35":3,"36":3,"37":3,"38":1,"39":3,"40":3,"41":3,"42":6,"43":6,"44":6,"45":6,"46":6,"47":6,"48":6,"49":6,"50":3,"51":3,"52":3,"53":3,"54":1,"55":2,"56":2,"57":2,"58":2,"59":2,"60":2,"61":2,"62":3,"63":1,"64":1},"f":{"0":12,"1":10,"2":3,"3":3,"4":2,"5":2,"6":1},"b":{"0":[10,2],"1":[1,1],"2":[2,1],"3":[1,9],"4":[9,0],"5":[9,0],"6":[4,0],"7":[6,5],"8":[6,5],"9":[1,5],"10":[6,4],"11":[1,2],"12":[3,2],"13":[2,0]}}
,"/Users/ld/Documents/demo/IR/src/studio/rete/nodes.tsx": {"path":"/Users/ld/Documents/demo/IR/src/studio/rete/nodes.tsx","statementMap":{"0":{"start":{"line":15,"column":13},"end":{"line":15,"column":24}},"1":{"start":{"line":1,"column":18},"end":{"line":1,"column":null}},"2":{"start":{"line":2,"column":24},"end":{"line":2,"column":null}},"3":{"start":{"line":6,"column":20},"end":{"line":8,"column":null}},"4":{"start":{"line":7,"column":2},"end":{"line":7,"column":null}},"5":{"start":{"line":7,"column":25},"end":{"line":7,"column":null}},"6":{"start":{"line":15,"column":24},"end":{"line":101,"column":null}},"7":{"start":{"line":16,"column":17},"end":{"line":16,"column":null}},"8":{"start":{"line":17,"column":18},"end":{"line":17,"column":null}},"9":{"start":{"line":18,"column":19},"end":{"line":18,"column":null}},"10":{"start":{"line":19,"column":2},"end":{"line":19,"column":null}},"11":{"start":{"line":20,"column":2},"end":{"line":20,"column":null}},"12":{"start":{"line":21,"column":2},"end":{"line":21,"column":null}},"13":{"start":{"line":23,"column":21},"end":{"line":23,"column":null}},"14":{"start":{"line":24,"column":21},"end":{"line":24,"column":null}},"15":{"start":{"line":24,"column":58},"end":{"line":24,"column":null}},"16":{"start":{"line":25,"column":22},"end":{"line":25,"column":null}},"17":{"start":{"line":25,"column":60},"end":{"line":25,"column":null}},"18":{"start":{"line":26,"column":23},"end":{"line":26,"column":null}},"19":{"start":{"line":27,"column":20},"end":{"line":27,"column":null}},"20":{"start":{"line":28,"column":24},"end":{"line":28,"column":42}},"21":{"start":{"line":29,"column":20},"end":{"line":29,"column":34}},"22":{"start":{"line":30,"column":24},"end":{"line":30,"column":42}},"23":{"start":{"line":32,"column":2},"end":{"line":98,"column":null}},"24":{"start":{"line":45,"column":8},"end":{"line":45,"column":null}},"25":{"start":{"line":45,"column":21},"end":{"line":45,"column":null}},"26":{"start":{"line":46,"column":21},"end":{"line":46,"column":null}},"27":{"start":{"line":47,"column":25},"end":{"line":47,"column":null}},"28":{"start":{"line":48,"column":26},"end":{"line":48,"column":null}},"29":{"start":{"line":70,"column":8},"end":{"line":72,"column":null}},"30":{"start":{"line":75,"column":8},"end":{"line":75,"column":null}},"31":{"start":{"line":75,"column":20},"end":{"line":75,"column":null}},"32":{"start":{"line":76,"column":21},"end":{"line":76,"column":null}},"33":{"start":{"line":77,"column":25},"end":{"line":77,"column":null}},"34":{"start":{"line":78,"column":26},"end":{"line":78,"column":null}},"35":{"start":{"line":79,"column":8},"end":{"line":95,"column":null}}},"fnMap":{"0":{"name":"(anonymous_2)","decl":{"start":{"line":6,"column":20},"end":{"line":6,"column":51}},"loc":{"start":{"line":6,"column":51},"end":{"line":8,"column":null}}},"1":{"name":"(anonymous_3)","decl":{"start":{"line":7,"column":15},"end":{"line":7,"column":16}},"loc":{"start":{"line":7,"column":25},"end":{"line":7,"column":null}}},"2":{"name":"(anonymous_4)","decl":{"start":{"line":15,"column":24},"end":{"line":15,"column":25}},"loc":{"start":{"line":15,"column":54},"end":{"line":101,"column":null}}},"3":{"name":"(anonymous_5)","decl":{"start":{"line":24,"column":49},"end":{"line":24,"column":50}},"loc":{"start":{"line":24,"column":58},"end":{"line":24,"column":null}}},"4":{"name":"(anonymous_6)","decl":{"start":{"line":25,"column":51},"end":{"line":25,"column":52}},"loc":{"start":{"line":25,"column":60},"end":{"line":25,"column":null}}},"5":{"name":"(anonymous_7)","decl":{"start":{"line":44,"column":19},"end":{"line":44,"column":20}},"loc":{"start":{"line":44,"column":33},"end":{"line":68,"column":null}}},"6":{"name":"(anonymous_8)","decl":{"start":{"line":69,"column":20},"end":{"line":69,"column":21}},"loc":{"start":{"line":70,"column":8},"end":{"line":72,"column":null}}},"7":{"name":"(anonymous_9)","decl":{"start":{"line":74,"column":18},"end":{"line":74,"column":19}},"loc":{"start":{"line":74,"column":31},"end":{"line":98,"column":null}}}},"branchMap":{"0":{"loc":{"start":{"line":7,"column":26},"end":{"line":7,"column":47}},"type":"binary-expr","locations":[{"start":{"line":7,"column":26},"end":{"line":7,"column":41}},{"start":{"line":7,"column":41},"end":{"line":7,"column":47}}]},"1":{"loc":{"start":{"line":7,"column":47},"end":{"line":7,"column":null}},"type":"binary-expr","locations":[{"start":{"line":7,"column":47},"end":{"line":7,"column":62}},{"start":{"line":7,"column":62},"end":{"line":7,"column":null}}]},"2":{"loc":{"start":{"line":27,"column":20},"end":{"line":27,"column":null}},"type":"binary-expr","locations":[{"start":{"line":27,"column":20},"end":{"line":27,"column":34}},{"start":{"line":27,"column":38},"end":{"line":27,"column":null}}]},"3":{"loc":{"start":{"line":36,"column":30},"end":{"line":36,"column":58}},"type":"cond-expr","locations":[{"start":{"line":36,"column":45},"end":{"line":36,"column":55}},{"start":{"line":36,"column":55},"end":{"line":36,"column":58}}]},"4":{"loc":{"start":{"line":36,"column":61},"end":{"line":36,"column":89}},"type":"cond-expr","locations":[{"start":{"line":36,"column":73},"end":{"line":36,"column":85}},{"start":{"line":36,"column":85},"end":{"line":36,"column":89}}]},"5":{"loc":{"start":{"line":40,"column":9},"end":{"line":40,"column":null}},"type":"binary-expr","locations":[{"start":{"line":40,"column":9},"end":{"line":40,"column":25}},{"start":{"line":40,"column":25},"end":{"line":40,"column":null}}]},"6":{"loc":{"start":{"line":41,"column":9},"end":{"line":41,"column":null}},"type":"binary-expr","locations":[{"start":{"line":41,"column":9},"end":{"line":41,"column":22}},{"start":{"line":41,"column":22},"end":{"line":41,"column":null}}]},"7":{"loc":{"start":{"line":42,"column":9},"end":{"line":42,"column":null}},"type":"binary-expr","locations":[{"start":{"line":42,"column":9},"end":{"line":42,"column":26}},{"start":{"line":42,"column":26},"end":{"line":42,"column":null}}]},"8":{"loc":{"start":{"line":45,"column":8},"end":{"line":45,"column":null}},"type":"if","locations":[{"start":{"line":45,"column":8},"end":{"line":45,"column":null}},{"start":{},"end":{}}]},"9":{"loc":{"start":{"line":47,"column":26},"end":{"line":47,"column":46}},"type":"binary-expr","locations":[{"start":{"line":47,"column":26},"end":{"line":47,"column":40}},{"start":{"line":47,"column":44},"end":{"line":47,"column":46}}]},"10":{"loc":{"start":{"line":52,"column":48},"end":{"line":52,"column":69}},"type":"binary-expr","locations":[{"start":{"line":52,"column":48},"end":{"line":52,"column":62}},{"start":{"line":52,"column":62},"end":{"line":52,"column":69}}]},"11":{"loc":{"start":{"line":52,"column":72},"end":{"line":52,"column":96}},"type":"cond-expr","locations":[{"start":{"line":52,"column":83},"end":{"line":52,"column":93}},{"start":{"line":52,"column":93},"end":{"line":52,"column":96}}]},"12":{"loc":{"start":{"line":53,"column":14},"end":{"line":53,"column":null}},"type":"cond-expr","locations":[{"start":{"line":53,"column":26},"end":{"line":53,"column":38}},{"start":{"line":53,"column":38},"end":{"line":53,"column":null}}]},"13":{"loc":{"start":{"line":70,"column":8},"end":{"line":72,"column":null}},"type":"cond-expr","locations":[{"start":{"line":71,"column":10},"end":{"line":72,"column":null}},{"start":{"line":72,"column":12},"end":{"line":72,"column":null}}]},"14":{"loc":{"start":{"line":75,"column":8},"end":{"line":75,"column":null}},"type":"if","locations":[{"start":{"line":75,"column":8},"end":{"line":75,"column":null}},{"start":{},"end":{}}]},"15":{"loc":{"start":{"line":77,"column":26},"end":{"line":77,"column":46}},"type":"binary-expr","locations":[{"start":{"line":77,"column":26},"end":{"line":77,"column":40}},{"start":{"line":77,"column":44},"end":{"line":77,"column":46}}]},"16":{"loc":{"start":{"line":82,"column":47},"end":{"line":82,"column":68}},"type":"binary-expr","locations":[{"start":{"line":82,"column":47},"end":{"line":82,"column":61}},{"start":{"line":82,"column":61},"end":{"line":82,"column":68}}]},"17":{"loc":{"start":{"line":82,"column":71},"end":{"line":82,"column":95}},"type":"cond-expr","locations":[{"start":{"line":82,"column":82},"end":{"line":82,"column":92}},{"start":{"line":82,"column":92},"end":{"line":82,"column":95}}]},"18":{"loc":{"start":{"line":83,"column":14},"end":{"line":83,"column":null}},"type":"cond-expr","locations":[{"start":{"line":83,"column":26},"end":{"line":83,"column":38}},{"start":{"line":83,"column":38},"end":{"line":83,"column":null}}]}},"s":{"0":3,"1":2,"2":2,"3":2,"4":9,"5":2,"6":2,"7":3,"8":3,"9":3,"10":3,"11":3,"12":3,"13":3,"14":3,"15":2,"16":3,"17":3,"18":3,"19":3,"20":3,"21":3,"22":3,"23":3,"24":4,"25":1,"26":3,"27":3,"28":3,"29":1,"30":4,"31":1,"32":3,"33":3,"34":3,"35":3},"f":{"0":9,"1":2,"2":3,"3":2,"4":3,"5":4,"6":1,"7":4},"b":{"0":[2,2],"1":[2,2],"2":[3,0],"3":[1,2],"4":[1,2],"5":[3,1],"6":[3,1],"7":[3,1],"8":[1,3],"9":[3,3],"10":[3,0],"11":[0,3],"12":[0,3],"13":[1,0],"14":[1,3],"15":[3,2],"16":[3,1],"17":[1,2],"18":[1,2]}}
}
