TN:
SF:src/engine/contract.ts
FN:6,(anonymous_8)
FN:11,(anonymous_9)
FN:18,(anonymous_10)
FN:21,(anonymous_11)
FN:35,(anonymous_12)
FN:54,(anonymous_13)
FN:72,(anonymous_14)
FN:73,(anonymous_15)
FN:74,(anonymous_16)
FN:77,(anonymous_17)
FNF:10
FNH:10
FNDA:63,(anonymous_8)
FNDA:12,(anonymous_9)
FNDA:10,(anonymous_10)
FNDA:5,(anonymous_11)
FNDA:4,(anonymous_12)
FNDA:1105,(anonymous_13)
FNDA:1,(anonymous_14)
FNDA:1,(anonymous_15)
FNDA:1,(anonymous_16)
FNDA:48,(anonymous_17)
DA:6,63
DA:11,21
DA:16,12
DA:17,12
DA:18,12
DA:21,21
DA:22,5
DA:23,5
DA:24,5
DA:35,21
DA:36,4
DA:37,4
DA:38,4
DA:54,1105
DA:59,1105
DA:60,1105
DA:61,1101
DA:62,3
DA:63,3
DA:65,1098
DA:66,2
DA:67,2
DA:69,1096
DA:72,21
DA:73,1
DA:74,1
DA:77,48
DA:78,48
DA:79,48
DA:80,6
DA:81,5
DA:83,47
LF:32
LH:32
BRDA:7,0,0,63
BRDA:7,0,1,28
BRDA:8,1,0,63
BRDA:8,1,1,28
BRDA:17,2,0,7
BRDA:17,2,1,5
BRDA:18,3,0,12
BRDA:18,3,1,7
BRDA:23,4,0,3
BRDA:23,4,1,2
BRDA:29,5,0,5
BRDA:29,5,1,3
BRDA:37,6,0,3
BRDA:37,6,1,1
BRDA:48,7,0,4
BRDA:48,7,1,2
BRDA:59,8,0,1105
BRDA:59,8,1,4
BRDA:60,9,0,4
BRDA:60,9,1,1101
BRDA:61,10,0,3
BRDA:61,10,1,1098
BRDA:62,11,0,2
BRDA:62,11,1,1
BRDA:65,12,0,2
BRDA:65,12,1,1096
BRDA:66,13,0,2
BRDA:66,13,1,0
BRDA:80,14,0,1
BRDA:80,14,1,5
BRF:30
BRH:29
end_of_record
TN:
SF:src/engine/registry.ts
FN:87,(anonymous_1)
FN:100,(anonymous_2)
FN:125,(anonymous_3)
FN:157,(anonymous_4)
FN:185,(anonymous_5)
FN:212,(anonymous_6)
FN:238,(anonymous_7)
FN:269,(anonymous_8)
FN:293,(anonymous_9)
FN:313,(anonymous_10)
FN:333,(anonymous_11)
FN:353,(anonymous_12)
FN:376,(anonymous_13)
FN:408,(anonymous_14)
FN:445,(anonymous_15)
FN:491,(anonymous_16)
FN:524,(anonymous_17)
FN:558,(anonymous_18)
FN:593,(anonymous_19)
FN:600,(anonymous_20)
FN:602,(anonymous_21)
FN:604,(anonymous_22)
FN:606,(anonymous_23)
FN:607,(anonymous_24)
FN:609,(anonymous_25)
FN:611,(anonymous_26)
FN:611,(anonymous_27)
FN:612,(anonymous_28)
FN:614,(anonymous_29)
FNF:29
FNH:28
FNDA:24,(anonymous_1)
FNDA:8,(anonymous_2)
FNDA:1,(anonymous_3)
FNDA:4,(anonymous_4)
FNDA:2,(anonymous_5)
FNDA:2,(anonymous_6)
FNDA:2,(anonymous_7)
FNDA:2,(anonymous_8)
FNDA:8,(anonymous_9)
FNDA:809,(anonymous_10)
FNDA:2,(anonymous_11)
FNDA:1,(anonymous_12)
FNDA:2,(anonymous_13)
FNDA:4,(anonymous_14)
FNDA:5,(anonymous_15)
FNDA:7,(anonymous_16)
FNDA:4,(anonymous_17)
FNDA:4,(anonymous_18)
FNDA:10,(anonymous_19)
FNDA:1989,(anonymous_20)
FNDA:32,(anonymous_21)
FNDA:19025,(anonymous_22)
FNDA:372,(anonymous_23)
FNDA:6696,(anonymous_24)
FNDA:0,(anonymous_25)
FNDA:2,(anonymous_26)
FNDA:36,(anonymous_27)
FNDA:20,(anonymous_28)
FNDA:313,(anonymous_29)
DA:1,21
DA:3,21
DA:77,21
DA:87,24
DA:90,21
DA:100,8
DA:107,21
DA:125,1
DA:136,21
DA:157,4
DA:168,21
DA:186,2
DA:187,2
DA:188,2
DA:196,21
DA:213,2
DA:214,2
DA:222,21
DA:239,2
DA:240,2
DA:252,21
DA:269,2
DA:280,21
DA:293,8
DA:300,21
DA:313,809
DA:320,21
DA:333,2
DA:340,21
DA:353,1
DA:360,21
DA:377,2
DA:378,2
DA:379,1
DA:381,1
DA:389,21
DA:408,4
DA:420,21
DA:446,5
DA:450,5
DA:454,5
DA:478,21
DA:492,7
DA:493,7
DA:506,21
DA:525,4
DA:526,4
DA:527,4
DA:528,3
DA:530,1
DA:542,21
DA:558,4
DA:570,21
DA:591,21
DA:593,10
DA:599,175
DA:601,1989
DA:602,32
DA:604,19025
DA:607,6696
DA:608,372
DA:609,363
DA:611,36
DA:613,20
DA:614,20
DA:615,313
DA:616,313
DA:617,302
DA:619,11
DA:620,11
DA:621,11
DA:622,11
DA:623,11
DA:624,10
DA:625,10
DA:631,10
DA:632,10
DA:634,11
DA:640,20
LF:79
LH:79
BRDA:131,0,0,1
BRDA:131,0,1,0
BRDA:163,1,0,4
BRDA:163,1,1,0
BRDA:186,2,0,2
BRDA:186,2,1,1
BRDA:213,3,0,2
BRDA:213,3,1,1
BRDA:242,4,0,1
BRDA:242,4,1,1
BRDA:246,5,0,1
BRDA:246,5,1,1
BRDA:275,6,0,1
BRDA:275,6,1,1
BRDA:294,7,0,8
BRDA:294,7,1,1
BRDA:314,8,0,809
BRDA:314,8,1,801
BRDA:378,9,0,1
BRDA:378,9,1,1
BRDA:413,10,0,4
BRDA:413,10,1,2
BRDA:414,11,0,4
BRDA:414,11,1,1
BRDA:448,12,0,5
BRDA:448,12,1,2
BRDA:452,13,0,5
BRDA:452,13,1,2
BRDA:459,14,0,5
BRDA:459,14,1,1
BRDA:492,15,0,7
BRDA:492,15,1,1
BRDA:525,16,0,4
BRDA:525,16,1,1
BRDA:526,17,0,4
BRDA:526,17,1,1
BRDA:527,18,0,3
BRDA:527,18,1,1
BRDA:564,19,0,4
BRDA:564,19,1,1
BRDA:566,20,0,4
BRDA:566,20,1,1
BRDA:594,21,0,10
BRDA:594,21,1,0
BRDA:601,22,0,2
BRDA:601,22,1,1987
BRDA:602,23,0,2
BRDA:602,23,1,1
BRDA:604,24,0,1987
BRDA:604,24,1,5
BRDA:604,25,0,19025
BRDA:604,25,1,1982
BRDA:608,26,0,9
BRDA:608,26,1,363
BRDA:609,27,0,0
BRDA:609,27,1,0
BRDA:616,28,0,302
BRDA:616,28,1,11
BRDA:616,29,0,313
BRDA:616,29,1,312
BRDA:623,30,0,1
BRDA:623,30,1,10
BRF:62
BRH:57
end_of_record
TN:
SF:src/engine/runtime.ts
FN:96,(anonymous_1)
FN:103,(anonymous_2)
FN:106,(anonymous_3)
FN:109,(anonymous_4)
FN:123,(anonymous_5)
FN:133,(anonymous_6)
FN:139,(anonymous_7)
FN:158,(anonymous_8)
FN:167,(anonymous_9)
FN:188,(anonymous_10)
FN:194,(anonymous_11)
FN:198,(anonymous_12)
FN:209,(anonymous_13)
FN:218,(anonymous_14)
FN:233,(anonymous_15)
FN:357,(anonymous_16)
FN:358,(anonymous_17)
FN:368,(anonymous_18)
FN:398,(anonymous_19)
FN:415,(anonymous_20)
FN:435,(anonymous_21)
FN:439,(anonymous_22)
FN:442,(anonymous_23)
FN:454,(anonymous_24)
FN:459,(anonymous_25)
FN:463,(anonymous_26)
FN:492,(anonymous_27)
FN:493,(anonymous_28)
FN:507,(anonymous_29)
FN:516,(anonymous_30)
FN:522,(anonymous_31)
FN:529,(anonymous_32)
FN:531,(anonymous_33)
FNF:33
FNH:33
FNDA:34,(anonymous_1)
FNDA:1,(anonymous_2)
FNDA:1,(anonymous_3)
FNDA:81,(anonymous_4)
FNDA:1,(anonymous_5)
FNDA:3,(anonymous_6)
FNDA:2,(anonymous_7)
FNDA:4,(anonymous_8)
FNDA:33,(anonymous_9)
FNDA:1,(anonymous_10)
FNDA:1,(anonymous_11)
FNDA:2,(anonymous_12)
FNDA:2,(anonymous_13)
FNDA:3,(anonymous_14)
FNDA:868,(anonymous_15)
FNDA:5,(anonymous_16)
FNDA:5,(anonymous_17)
FNDA:853,(anonymous_18)
FNDA:13,(anonymous_19)
FNDA:863,(anonymous_20)
FNDA:864,(anonymous_21)
FNDA:1708,(anonymous_22)
FNDA:3526,(anonymous_23)
FNDA:1708,(anonymous_24)
FNDA:2,(anonymous_25)
FNDA:8,(anonymous_26)
FNDA:5,(anonymous_27)
FNDA:3,(anonymous_28)
FNDA:2,(anonymous_29)
FNDA:8,(anonymous_30)
FNDA:40,(anonymous_31)
FNDA:6,(anonymous_32)
FNDA:2,(anonymous_33)
DA:4,1
DA:73,34
DA:77,34
DA:78,34
DA:80,34
DA:81,34
DA:82,34
DA:83,34
DA:84,34
DA:85,34
DA:86,34
DA:87,34
DA:88,34
DA:89,34
DA:90,34
DA:91,34
DA:92,34
DA:93,34
DA:94,34
DA:97,34
DA:98,34
DA:99,34
DA:100,34
DA:104,1
DA:105,1
DA:106,1
DA:110,81
DA:124,1
DA:125,1
DA:126,1
DA:127,1
DA:128,1
DA:129,1
DA:130,1
DA:134,3
DA:135,3
DA:136,3
DA:140,2
DA:141,2
DA:142,2
DA:143,2
DA:144,2
DA:145,2
DA:146,2
DA:147,2
DA:148,2
DA:149,2
DA:150,2
DA:151,2
DA:152,2
DA:153,2
DA:154,2
DA:155,2
DA:159,4
DA:160,1
DA:162,3
DA:164,4
DA:168,33
DA:169,32
DA:170,30
DA:171,30
DA:172,30
DA:173,865
DA:174,865
DA:175,1
DA:176,1
DA:178,864
DA:179,864
DA:180,860
DA:182,30
DA:183,1
DA:185,30
DA:189,1
DA:190,1
DA:191,1
DA:195,1
DA:199,2
DA:200,2
DA:201,1
DA:202,1
DA:203,1
DA:204,1
DA:206,1
DA:210,2
DA:211,1
DA:212,1
DA:213,1
DA:214,1
DA:215,1
DA:219,3
DA:220,2
DA:221,2
DA:222,2
DA:223,2
DA:224,1
DA:225,1
DA:227,1
DA:228,1
DA:229,1
DA:230,1
DA:234,868
DA:235,1
DA:236,1
DA:237,1
DA:239,867
DA:240,1
DA:241,1
DA:243,866
DA:244,866
DA:245,1
DA:246,1
DA:248,865
DA:249,865
DA:250,1
DA:251,1
DA:253,864
DA:254,864
DA:255,1
DA:256,1
DA:259,863
DA:260,863
DA:261,863
DA:263,863
DA:264,863
DA:265,860
DA:273,5
DA:275,863
DA:276,863
DA:278,863
DA:291,863
DA:292,863
DA:293,863
DA:295,863
DA:302,863
DA:303,5
DA:304,5
DA:307,858
DA:308,1
DA:309,1
DA:312,857
DA:313,833
DA:316,857
DA:317,857
DA:320,857
DA:321,3
DA:322,3
DA:323,3
DA:324,2
DA:328,857
DA:329,2
DA:330,2
DA:331,2
DA:332,1
DA:333,1
DA:335,1
DA:339,1
DA:340,1
DA:341,1
DA:344,855
DA:345,8
DA:346,8
DA:347,8
DA:348,5
DA:350,8
DA:353,847
DA:354,847
DA:358,5
DA:359,5
DA:360,1
DA:361,1
DA:363,4
DA:364,4
DA:365,4
DA:369,853
DA:370,818
DA:371,818
DA:372,818
DA:373,818
DA:375,818
DA:376,818
DA:377,818
DA:381,853
DA:382,11
DA:383,11
DA:385,842
DA:386,842
DA:387,1
DA:388,1
DA:390,841
DA:391,841
DA:392,2
DA:393,2
DA:395,839
DA:399,13
DA:400,1
DA:401,1
DA:402,1
DA:403,1
DA:404,1
DA:405,1
DA:406,1
DA:410,12
DA:411,12
DA:412,12
DA:416,863
DA:417,863
DA:418,854
DA:419,17
DA:420,17
DA:421,14
DA:422,14
DA:423,1
DA:425,13
DA:426,3
DA:427,1
DA:428,2
DA:429,2
DA:432,860
DA:436,864
DA:440,1708
DA:441,1708
DA:442,3526
DA:443,1706
DA:444,1706
DA:445,1706
DA:446,3494
DA:447,3494
DA:448,3494
DA:449,3494
DA:451,1706
DA:455,1708
DA:456,5
DA:460,2
DA:464,8
DA:465,2
DA:474,6
DA:475,5
DA:484,1
DA:493,5
DA:494,3
DA:495,2
DA:496,1
DA:497,1
DA:498,1
DA:499,1
DA:500,1
DA:501,1
DA:503,5
DA:504,5
DA:508,2
DA:509,2
DA:510,2
DA:511,1
DA:513,2
DA:517,8
DA:518,8
DA:519,8
DA:523,40
DA:524,40
DA:525,1
DA:530,6
DA:531,6
DA:532,6
DA:533,15
DA:534,3
DA:535,3
DA:536,2
DA:537,2
LF:268
LH:268
BRDA:159,0,0,1
BRDA:159,0,1,3
BRDA:168,1,0,1
BRDA:168,1,1,32
BRDA:169,2,0,2
BRDA:169,2,1,30
BRDA:169,3,0,32
BRDA:169,3,1,31
BRDA:172,4,0,890
BRDA:172,4,1,866
BRDA:173,5,0,865
BRDA:173,5,1,864
BRDA:174,6,0,1
BRDA:174,6,1,864
BRDA:179,7,0,4
BRDA:179,7,1,860
BRDA:182,8,0,1
BRDA:182,8,1,29
BRDA:182,9,0,30
BRDA:182,9,1,1
BRDA:199,10,0,0
BRDA:199,10,1,2
BRDA:200,11,0,1
BRDA:200,11,1,1
BRDA:200,12,0,2
BRDA:200,12,1,1
BRDA:203,13,0,1
BRDA:203,13,1,0
BRDA:210,14,0,1
BRDA:210,14,1,1
BRDA:210,15,0,2
BRDA:210,15,1,1
BRDA:219,16,0,1
BRDA:219,16,1,2
BRDA:219,17,0,3
BRDA:219,17,1,2
BRDA:222,18,0,2
BRDA:222,18,1,1
BRDA:223,19,0,1
BRDA:223,19,1,1
BRDA:234,20,0,1
BRDA:234,20,1,867
BRDA:239,21,0,1
BRDA:239,21,1,866
BRDA:239,22,0,867
BRDA:239,22,1,864
BRDA:244,23,0,1
BRDA:244,23,1,865
BRDA:249,24,0,1
BRDA:249,24,1,864
BRDA:254,25,0,1
BRDA:254,25,1,863
BRDA:273,26,0,4
BRDA:273,26,1,1
BRDA:287,27,0,863
BRDA:287,27,1,6
BRDA:297,28,0,863
BRDA:297,28,1,6
BRDA:302,29,0,5
BRDA:302,29,1,858
BRDA:307,30,0,1
BRDA:307,30,1,857
BRDA:312,31,0,833
BRDA:312,31,1,24
BRDA:316,32,0,857
BRDA:316,32,1,0
BRDA:320,33,0,3
BRDA:320,33,1,854
BRDA:321,34,0,3
BRDA:321,34,1,0
BRDA:323,35,0,2
BRDA:323,35,1,1
BRDA:328,36,0,2
BRDA:328,36,1,855
BRDA:331,37,0,1
BRDA:331,37,1,1
BRDA:344,38,0,8
BRDA:344,38,1,847
BRDA:347,39,0,5
BRDA:347,39,1,3
BRDA:358,40,0,5
BRDA:358,40,1,5
BRDA:359,41,0,1
BRDA:359,41,1,4
BRDA:369,42,0,818
BRDA:369,42,1,35
BRDA:369,43,0,853
BRDA:369,43,1,853
BRDA:372,44,0,818
BRDA:372,44,1,0
BRDA:376,45,0,818
BRDA:376,45,1,0
BRDA:381,46,0,11
BRDA:381,46,1,842
BRDA:386,47,0,1
BRDA:386,47,1,841
BRDA:391,48,0,2
BRDA:391,48,1,839
BRDA:399,49,0,1
BRDA:399,49,1,12
BRDA:401,50,0,1
BRDA:401,50,1,0
BRDA:403,51,0,1
BRDA:403,51,1,0
BRDA:418,52,0,837
BRDA:418,52,1,17
BRDA:420,53,0,14
BRDA:420,53,1,3
BRDA:422,54,0,1
BRDA:422,54,1,13
BRDA:422,55,0,14
BRDA:422,55,1,13
BRDA:426,56,0,1
BRDA:426,56,1,2
BRDA:428,57,0,2
BRDA:428,57,1,0
BRDA:436,58,0,864
BRDA:436,58,1,1
BRDA:441,59,0,2
BRDA:441,59,1,1706
BRDA:446,60,0,3412
BRDA:446,60,1,82
BRDA:447,61,0,3415
BRDA:447,61,1,79
BRDA:455,62,0,1703
BRDA:455,62,1,5
BRDA:456,63,0,5
BRDA:456,63,1,2
BRDA:460,64,0,2
BRDA:460,64,1,1
BRDA:464,65,0,2
BRDA:464,65,1,6
BRDA:474,66,0,5
BRDA:474,66,1,1
BRDA:494,67,0,1
BRDA:494,67,1,2
BRDA:494,68,0,3
BRDA:494,68,1,2
BRDA:495,69,0,1
BRDA:495,69,1,1
BRDA:533,70,0,12
BRDA:533,70,1,3
BRDA:534,71,0,2
BRDA:534,71,1,1
BRDA:535,72,0,1
BRDA:535,72,1,2
BRDA:535,73,0,3
BRDA:535,73,1,2
BRF:148
BRH:139
end_of_record
TN:
SF:src/engine/sampleGraph.ts
FNF:0
FNH:0
DA:3,12
LF:1
LH:1
BRF:0
BRH:0
end_of_record
TN:
SF:src/engine/validator.ts
FN:11,(anonymous_3)
FN:18,(anonymous_4)
FN:20,(anonymous_5)
FN:27,(anonymous_6)
FN:30,(anonymous_7)
FN:60,(anonymous_8)
FN:61,(anonymous_9)
FN:188,(anonymous_10)
FNF:8
FNH:8
FNDA:148,(anonymous_3)
FNDA:23,(anonymous_4)
FNDA:281,(anonymous_5)
FNDA:1,(anonymous_6)
FNDA:1,(anonymous_7)
FNDA:557,(anonymous_8)
FNDA:564,(anonymous_9)
FNDA:1,(anonymous_10)
DA:3,8
DA:11,8
DA:12,148
DA:13,147
DA:14,29
DA:15,3
DA:18,23
DA:19,23
DA:20,281
DA:21,23
DA:23,23
DA:24,2
DA:27,23
DA:28,0
DA:30,23
DA:31,0
DA:34,23
DA:35,23
DA:36,394
DA:37,1
DA:39,394
DA:40,394
DA:41,394
DA:42,394
DA:43,1
DA:44,1
DA:46,393
DA:47,1
DA:48,1
DA:50,392
DA:51,392
DA:52,392
DA:53,0
DA:54,0
DA:56,392
DA:57,1
DA:58,1
DA:60,557
DA:61,564
DA:62,391
DA:63,1
DA:64,1
DA:66,390
DA:67,1
DA:68,1
DA:70,389
DA:71,1
DA:76,1
DA:78,388
DA:79,1
DA:87,23
DA:88,23
DA:90,23
DA:91,394
DA:92,253
DA:94,394
DA:95,240
DA:97,394
DA:98,394
DA:99,394
DA:100,394
DA:102,394
DA:103,394
DA:107,23
DA:108,281
DA:109,281
DA:110,2
DA:111,2
DA:113,279
DA:114,279
DA:115,1
DA:120,279
DA:121,279
DA:123,279
DA:124,402
DA:125,402
DA:126,145
DA:127,1
DA:133,145
DA:134,145
DA:135,145
DA:136,4
DA:143,402
DA:144,1
DA:152,279
DA:153,448
DA:154,271
DA:155,271
DA:156,1
DA:165,279
DA:166,1
DA:167,1
DA:168,1
DA:175,279
DA:176,1
DA:177,1
DA:178,1
DA:186,23
DA:187,1
DA:188,1
DA:190,1
DA:191,1
DA:198,23
LF:103
LH:99
BRDA:12,0,0,1
BRDA:12,0,1,147
BRDA:12,1,0,148
BRDA:12,1,1,147
BRDA:13,2,0,118
BRDA:13,2,1,29
BRDA:14,3,0,26
BRDA:14,3,1,3
BRDA:23,4,0,2
BRDA:23,4,1,21
BRDA:27,5,0,0
BRDA:27,5,1,23
BRDA:30,6,0,0
BRDA:30,6,1,23
BRDA:36,7,0,1
BRDA:36,7,1,393
BRDA:42,8,0,1
BRDA:42,8,1,393
BRDA:46,9,0,1
BRDA:46,9,1,392
BRDA:52,10,0,0
BRDA:52,10,1,392
BRDA:56,11,0,1
BRDA:56,11,1,391
BRDA:62,12,0,1
BRDA:62,12,1,390
BRDA:66,13,0,1
BRDA:66,13,1,389
BRDA:70,14,0,1
BRDA:70,14,1,388
BRDA:78,15,0,1
BRDA:78,15,1,387
BRDA:78,16,0,388
BRDA:78,16,1,142
BRDA:91,17,0,253
BRDA:91,17,1,141
BRDA:94,18,0,240
BRDA:94,18,1,154
BRDA:99,19,0,394
BRDA:99,19,1,0
BRDA:100,20,0,394
BRDA:100,20,1,391
BRDA:102,21,0,394
BRDA:102,21,1,0
BRDA:103,22,0,394
BRDA:103,22,1,393
BRDA:109,23,0,2
BRDA:109,23,1,279
BRDA:114,24,0,1
BRDA:114,24,1,278
BRDA:120,25,0,279
BRDA:120,25,1,28
BRDA:121,26,0,279
BRDA:121,26,1,40
BRDA:124,27,0,402
BRDA:124,27,1,15
BRDA:125,28,0,145
BRDA:125,28,1,257
BRDA:126,29,0,1
BRDA:126,29,1,144
BRDA:135,30,0,4
BRDA:135,30,1,141
BRDA:135,31,0,145
BRDA:135,31,1,144
BRDA:135,31,2,4
BRDA:143,32,0,1
BRDA:143,32,1,401
BRDA:143,33,0,402
BRDA:143,33,1,257
BRDA:153,34,0,271
BRDA:153,34,1,177
BRDA:154,35,0,271
BRDA:154,35,1,23
BRDA:155,36,0,1
BRDA:155,36,1,270
BRDA:165,37,0,1
BRDA:165,37,1,278
BRDA:166,38,0,1
BRDA:166,38,1,0
BRDA:167,39,0,1
BRDA:167,39,1,0
BRDA:167,40,0,1
BRDA:167,40,1,1
BRDA:175,41,0,1
BRDA:175,41,1,278
BRDA:176,42,0,1
BRDA:176,42,1,0
BRDA:177,43,0,1
BRDA:177,43,1,0
BRDA:177,44,0,1
BRDA:177,44,1,1
BRDA:188,45,0,1
BRDA:188,45,1,0
BRDA:190,46,0,1
BRDA:190,46,1,0
BRF:95
BRH:84
end_of_record
TN:
SF:src/studio/commands.ts
FN:12,(anonymous_1)
FN:19,(anonymous_2)
FN:21,(anonymous_3)
FN:27,(anonymous_4)
FN:34,(anonymous_5)
FN:46,(anonymous_6)
FNF:6
FNH:6
FNDA:9,(anonymous_1)
FNDA:2,(anonymous_2)
FNDA:1,(anonymous_3)
FNDA:4,(anonymous_4)
FNDA:2,(anonymous_5)
FNDA:1,(anonymous_6)
DA:12,9
DA:13,9
DA:15,1
DA:17,1
DA:19,2
DA:21,1
DA:25,2
DA:28,4
DA:32,1
DA:35,2
DA:39,1
DA:44,1
DA:46,1
DA:48,1
DA:49,1
LF:15
LH:15
BRDA:13,0,0,1
BRDA:13,0,1,1
BRDA:13,0,2,2
BRDA:13,0,3,1
BRDA:13,0,4,1
BRDA:13,0,5,1
BRDA:13,0,6,1
BRDA:13,0,7,1
BRDA:21,1,0,1
BRDA:21,1,1,1
BRDA:28,2,0,2
BRDA:28,2,1,2
BRDA:35,3,0,1
BRDA:35,3,1,1
BRF:14
BRH:14
end_of_record
TN:
SF:src/studio/ecs.ts
FN:20,(anonymous_9)
FN:40,(anonymous_10)
FN:62,(anonymous_11)
FN:73,(anonymous_12)
FNF:4
FNH:4
FNDA:7,(anonymous_9)
FNDA:5,(anonymous_10)
FNDA:4,(anonymous_11)
FNDA:4,(anonymous_12)
DA:1,2
DA:6,2
DA:7,2
DA:8,2
DA:9,2
DA:20,7
DA:21,7
DA:22,7
DA:23,7
DA:24,7
DA:25,7
DA:26,70
DA:27,70
DA:28,70
DA:30,7
DA:40,5
DA:41,5
DA:42,5
DA:43,96
DA:44,1
DA:45,1
DA:46,1
DA:48,96
DA:50,5
DA:51,1
DA:52,1
DA:53,1
DA:55,1
DA:57,5
DA:58,1
DA:62,4
DA:63,4
DA:64,66
DA:65,4
DA:67,62
DA:70,4
DA:73,4
DA:78,4
DA:79,4
LF:39
LH:39
BRDA:43,0,0,1
BRDA:43,0,1,95
BRDA:52,1,0,1
BRDA:52,1,1,0
BRDA:57,2,0,1
BRDA:57,2,1,4
BRDA:57,3,0,5
BRDA:57,3,1,5
BRDA:64,4,0,4
BRDA:64,4,1,62
BRF:10
BRH:9
end_of_record
TN:
SF:src/studio/errors.ts
FN:8,(anonymous_1)
FNF:1
FNH:1
FNDA:21,(anonymous_1)
DA:8,21
DA:9,21
DA:10,21
DA:11,3
DA:12,3
DA:13,3
DA:14,2
DA:16,1
DA:18,3
DA:20,21
LF:10
LH:10
BRDA:11,0,0,0
BRDA:11,0,1,3
BRDA:12,1,0,3
BRDA:12,1,1,2
BRDA:13,2,0,2
BRDA:13,2,1,1
BRDA:14,3,0,2
BRDA:14,3,1,2
BRF:8
BRH:7
end_of_record
TN:
SF:src/studio/json.ts
FN:7,(anonymous_3)
FN:16,(anonymous_4)
FNF:2
FNH:2
FNDA:6,(anonymous_3)
FNDA:19,(anonymous_4)
DA:7,7
DA:8,6
DA:9,6
DA:10,3
DA:12,3
DA:16,19
LF:6
LH:6
BRDA:12,0,0,2
BRDA:12,0,1,1
BRF:2
BRH:2
end_of_record
TN:
SF:src/studio/layout.ts
FN:3,(anonymous_1)
FNF:1
FNH:1
FNDA:2,(anonymous_1)
DA:3,2
DA:4,2
DA:5,1
DA:7,1
DA:8,1
DA:9,1
DA:10,1
DA:11,1
DA:12,2
DA:13,2
DA:14,2
DA:15,2
DA:17,1
LF:13
LH:13
BRDA:4,0,0,1
BRDA:4,0,1,1
BRF:2
BRH:2
end_of_record
TN:
SF:src/studio/machine.ts
FN:31,(anonymous_3)
FN:63,(anonymous_4)
FN:64,(anonymous_5)
FN:65,(anonymous_6)
FN:70,(anonymous_7)
FN:71,(anonymous_8)
FN:72,(anonymous_9)
FN:79,(anonymous_10)
FN:80,(anonymous_11)
FN:81,(anonymous_12)
FN:87,(anonymous_13)
FN:88,(anonymous_14)
FN:93,(anonymous_15)
FN:94,(anonymous_16)
FN:103,(anonymous_17)
FN:110,(anonymous_18)
FN:111,(anonymous_19)
FN:112,(anonymous_20)
FN:117,(anonymous_21)
FN:118,(anonymous_22)
FN:119,(anonymous_23)
FN:126,(anonymous_24)
FN:127,(anonymous_25)
FN:128,(anonymous_26)
FN:136,(anonymous_27)
FN:137,(anonymous_28)
FN:141,(anonymous_29)
FN:143,(anonymous_30)
FN:150,(anonymous_31)
FN:151,(anonymous_32)
FN:160,(anonymous_33)
FN:161,(anonymous_34)
FN:162,(anonymous_35)
FN:167,(anonymous_36)
FN:168,(anonymous_37)
FN:169,(anonymous_38)
FN:176,(anonymous_39)
FN:177,(anonymous_40)
FN:178,(anonymous_41)
FN:186,(anonymous_42)
FN:193,(anonymous_43)
FN:197,(anonymous_44)
FN:198,(anonymous_45)
FN:199,(anonymous_46)
FN:200,(anonymous_47)
FN:201,(anonymous_48)
FN:207,(anonymous_49)
FNF:47
FNH:38
FNDA:8,(anonymous_3)
FNDA:4,(anonymous_4)
FNDA:4,(anonymous_5)
FNDA:4,(anonymous_6)
FNDA:1,(anonymous_7)
FNDA:1,(anonymous_8)
FNDA:1,(anonymous_9)
FNDA:9,(anonymous_10)
FNDA:9,(anonymous_11)
FNDA:9,(anonymous_12)
FNDA:1,(anonymous_13)
FNDA:1,(anonymous_14)
FNDA:1,(anonymous_15)
FNDA:1,(anonymous_16)
FNDA:12,(anonymous_17)
FNDA:1,(anonymous_18)
FNDA:1,(anonymous_19)
FNDA:1,(anonymous_20)
FNDA:0,(anonymous_21)
FNDA:0,(anonymous_22)
FNDA:0,(anonymous_23)
FNDA:1,(anonymous_24)
FNDA:1,(anonymous_25)
FNDA:1,(anonymous_26)
FNDA:10,(anonymous_27)
FNDA:10,(anonymous_28)
FNDA:7,(anonymous_29)
FNDA:7,(anonymous_30)
FNDA:2,(anonymous_31)
FNDA:2,(anonymous_32)
FNDA:0,(anonymous_33)
FNDA:0,(anonymous_34)
FNDA:0,(anonymous_35)
FNDA:0,(anonymous_36)
FNDA:0,(anonymous_37)
FNDA:0,(anonymous_38)
FNDA:1,(anonymous_39)
FNDA:1,(anonymous_40)
FNDA:1,(anonymous_41)
FNDA:4,(anonymous_42)
FNDA:4,(anonymous_43)
FNDA:2,(anonymous_44)
FNDA:2,(anonymous_45)
FNDA:2,(anonymous_46)
FNDA:2,(anonymous_47)
FNDA:2,(anonymous_48)
FNDA:2,(anonymous_49)
DA:1,7
DA:3,7
DA:5,7
DA:6,7
DA:7,7
DA:31,7
DA:32,8
DA:33,8
DA:34,7
DA:35,7
DA:36,7
DA:38,7
DA:41,7
DA:43,17
DA:63,4
DA:64,4
DA:65,4
DA:70,1
DA:71,1
DA:72,1
DA:79,9
DA:80,9
DA:82,9
DA:87,1
DA:88,1
DA:93,1
DA:94,1
DA:103,12
DA:110,1
DA:111,1
DA:112,1
DA:117,0
DA:118,0
DA:119,0
DA:126,1
DA:127,1
DA:129,1
DA:136,10
DA:137,10
DA:142,7
DA:144,7
DA:150,2
DA:151,2
DA:160,0
DA:161,0
DA:162,0
DA:167,0
DA:168,0
DA:169,0
DA:176,1
DA:177,1
DA:179,1
DA:187,4
DA:188,4
DA:189,2
DA:191,2
DA:193,4
DA:197,2
DA:198,2
DA:199,2
DA:200,2
DA:201,2
DA:207,2
LF:63
LH:54
BRDA:33,0,0,1
BRDA:33,0,1,7
BRDA:82,1,0,1
BRDA:82,1,1,8
BRDA:129,2,0,0
BRDA:129,2,1,1
BRDA:142,3,0,6
BRDA:142,3,1,1
BRDA:152,4,0,1
BRDA:152,4,1,1
BRDA:179,5,0,0
BRDA:179,5,1,1
BRDA:188,6,0,2
BRDA:188,6,1,2
BRDA:207,7,0,2
BRDA:207,7,1,1
BRF:16
BRH:14
end_of_record
TN:
SF:src/studio/nodeFactory.ts
FN:4,(anonymous_4)
FN:8,(anonymous_5)
FN:27,(anonymous_6)
FN:30,(anonymous_7)
FN:31,(anonymous_8)
FN:32,(anonymous_9)
FNF:6
FNH:6
FNDA:2,(anonymous_4)
FNDA:2,(anonymous_5)
FNDA:1,(anonymous_6)
FNDA:18,(anonymous_7)
FNDA:18,(anonymous_8)
FNDA:18,(anonymous_9)
DA:4,1
DA:5,2
DA:8,2
DA:14,2
DA:15,2
DA:16,1
DA:18,1
DA:27,1
DA:28,1
DA:30,18
DA:31,18
DA:32,18
LF:12
LH:12
BRDA:12,0,0,0
BRDA:15,1,0,1
BRDA:15,1,1,1
BRF:3
BRH:2
end_of_record
TN:
SF:src/studio/sync.ts
FN:12,(anonymous_4)
FN:19,(anonymous_5)
FN:40,(anonymous_6)
FN:48,(anonymous_7)
FN:54,(anonymous_8)
FN:58,(anonymous_9)
FN:64,(anonymous_10)
FN:72,(anonymous_11)
FN:79,(anonymous_12)
FN:85,(anonymous_13)
FN:89,(anonymous_14)
FN:96,(anonymous_15)
FN:116,(anonymous_16)
FNF:13
FNH:13
FNDA:6,(anonymous_4)
FNDA:12,(anonymous_5)
FNDA:3,(anonymous_6)
FNDA:3,(anonymous_7)
FNDA:3,(anonymous_8)
FNDA:5,(anonymous_9)
FNDA:5,(anonymous_10)
FNDA:2,(anonymous_11)
FNDA:2,(anonymous_12)
FNDA:1,(anonymous_13)
FNDA:3,(anonymous_14)
FNDA:8,(anonymous_15)
FNDA:2,(anonymous_16)
DA:1,1
DA:12,3
DA:13,6
DA:14,5
DA:16,1
DA:19,4
DA:24,12
DA:25,7
DA:26,7
DA:27,5
DA:28,5
DA:40,3
DA:48,3
DA:49,3
DA:50,3
DA:51,3
DA:52,3
DA:54,3
DA:55,3
DA:58,3
DA:59,5
DA:60,5
DA:63,3
DA:65,5
DA:66,4
DA:71,3
DA:73,2
DA:78,3
DA:80,2
DA:85,3
DA:86,1
DA:89,3
DA:90,3
DA:91,2
DA:92,2
DA:93,2
DA:94,2
DA:96,2
DA:97,8
DA:98,8
DA:99,8
DA:100,4
DA:101,1
DA:102,1
DA:104,1
DA:106,3
DA:107,2
DA:108,2
DA:110,1
DA:111,1
DA:115,2
DA:116,2
DA:117,2
DA:118,2
DA:122,3
LF:55
LH:55
BRDA:13,0,0,5
BRDA:13,0,1,1
BRDA:13,1,0,6
BRDA:13,1,1,5
BRDA:24,2,0,5
BRDA:24,2,1,7
BRDA:25,3,0,7
BRDA:25,3,1,3
BRDA:26,4,0,2
BRDA:26,4,1,5
BRDA:45,5,0,3
BRDA:46,6,0,2
BRDA:65,7,0,1
BRDA:65,7,1,4
BRDA:90,8,0,1
BRDA:90,8,1,2
BRDA:91,9,0,0
BRDA:91,9,1,2
BRDA:92,10,0,0
BRDA:92,10,1,2
BRDA:98,11,0,0
BRDA:98,11,1,8
BRDA:98,12,0,8
BRDA:98,12,1,8
BRDA:99,13,0,4
BRDA:99,13,1,4
BRDA:100,14,0,1
BRDA:100,14,1,3
BRDA:101,15,0,1
BRDA:101,15,1,0
BRDA:106,16,0,2
BRDA:106,16,1,1
BRDA:110,17,0,1
BRDA:110,17,1,0
BRF:34
BRH:29
end_of_record
TN:
SF:src/studio/useStudio.ts
FN:8,(anonymous_1)
FN:21,(anonymous_2)
FN:27,(anonymous_3)
FN:33,(anonymous_4)
FN:43,(anonymous_5)
FNF:5
FNH:5
FNDA:3,(anonymous_1)
FNDA:3,(anonymous_2)
FNDA:2,(anonymous_3)
FNDA:3,(anonymous_4)
FNDA:1,(anonymous_5)
DA:1,1
DA:2,1
DA:3,1
DA:4,1
DA:8,3
DA:9,3
DA:10,3
DA:11,3
DA:12,3
DA:13,1
DA:16,3
DA:17,3
DA:18,2
DA:21,3
DA:24,3
DA:27,3
DA:30,2
DA:33,3
DA:36,3
DA:43,3
DA:44,1
DA:47,3
LF:22
LH:22
BRDA:10,0,0,3
BRDA:10,0,1,0
BRDA:12,1,0,1
BRDA:12,1,1,2
BRDA:17,2,0,2
BRDA:17,2,1,1
BRF:6
BRH:5
end_of_record
TN:
SF:src/studio/validation.ts
FN:5,(anonymous_1)
FNF:1
FNH:1
FNDA:7,(anonymous_1)
DA:2,5
DA:3,5
DA:5,7
DA:6,7
LF:4
LH:4
BRF:0
BRH:0
end_of_record
TN:
SF:src/studio/rete/ReteCanvas.tsx
FN:35,(anonymous_8)
FN:60,(anonymous_9)
FN:67,(anonymous_10)
FN:69,(anonymous_11)
FN:81,(anonymous_12)
FN:85,(anonymous_13)
FN:89,(anonymous_14)
FN:91,(anonymous_15)
FN:106,(anonymous_16)
FN:108,(anonymous_17)
FN:119,(anonymous_18)
FN:145,(anonymous_19)
FN:157,(anonymous_20)
FN:184,(anonymous_21)
FN:196,(anonymous_22)
FN:208,(anonymous_23)
FN:220,(anonymous_24)
FN:229,(anonymous_25)
FN:281,(anonymous_26)
FN:283,(anonymous_27)
FN:291,(anonymous_28)
FN:292,(anonymous_29)
FN:308,(anonymous_30)
FN:313,(anonymous_31)
FN:321,(anonymous_32)
FN:334,(anonymous_33)
FN:345,(anonymous_34)
FN:351,(anonymous_35)
FNF:28
FNH:26
FNDA:20,(anonymous_8)
FNDA:58,(anonymous_9)
FNDA:20,(anonymous_10)
FNDA:20,(anonymous_11)
FNDA:20,(anonymous_12)
FNDA:17,(anonymous_13)
FNDA:21,(anonymous_14)
FNDA:20,(anonymous_15)
FNDA:17,(anonymous_16)
FNDA:3,(anonymous_17)
FNDA:3,(anonymous_18)
FNDA:0,(anonymous_19)
FNDA:4,(anonymous_20)
FNDA:6,(anonymous_21)
FNDA:2,(anonymous_22)
FNDA:1,(anonymous_23)
FNDA:17,(anonymous_24)
FNDA:20,(anonymous_25)
FNDA:20,(anonymous_26)
FNDA:2,(anonymous_27)
FNDA:2,(anonymous_28)
FNDA:7,(anonymous_29)
FNDA:0,(anonymous_30)
FNDA:20,(anonymous_31)
FNDA:1,(anonymous_32)
FNDA:25,(anonymous_33)
FNDA:9,(anonymous_34)
FNDA:21,(anonymous_35)
DA:1,1
DA:2,1
DA:3,1
DA:4,1
DA:5,1
DA:6,1
DA:10,1
DA:12,1
DA:13,1
DA:15,1
DA:16,1
DA:35,20
DA:47,20
DA:48,20
DA:49,20
DA:50,20
DA:51,20
DA:52,20
DA:53,20
DA:54,20
DA:55,20
DA:56,20
DA:57,20
DA:58,20
DA:60,20
DA:61,58
DA:62,58
DA:63,58
DA:64,3
DA:67,20
DA:68,20
DA:70,20
DA:81,20
DA:82,20
DA:85,20
DA:86,17
DA:89,21
DA:91,20
DA:92,20
DA:93,20
DA:95,17
DA:96,17
DA:97,17
DA:100,17
DA:101,17
DA:102,17
DA:103,17
DA:105,17
DA:107,17
DA:109,3
DA:110,3
DA:111,2
DA:112,2
DA:120,3
DA:121,3
DA:122,2
DA:123,2
DA:129,2
DA:130,1
DA:137,1
DA:142,17
DA:145,0
DA:150,17
DA:151,17
DA:152,17
DA:153,17
DA:157,17
DA:159,4
DA:163,4
DA:164,1
DA:165,1
DA:167,3
DA:168,2
DA:170,3
DA:171,1
DA:172,1
DA:173,1
DA:174,1
DA:175,1
DA:176,1
DA:177,1
DA:181,3
DA:184,17
DA:185,6
DA:189,6
DA:190,0
DA:191,0
DA:193,6
DA:194,3
DA:195,3
DA:197,2
DA:202,3
DA:203,2
DA:205,1
DA:207,4
DA:208,3
DA:209,3
DA:210,2
DA:212,1
DA:214,2
DA:217,17
DA:218,17
DA:220,17
DA:221,17
DA:222,17
DA:223,17
DA:224,17
DA:229,20
DA:230,20
DA:231,20
DA:232,20
DA:234,20
DA:235,20
DA:237,20
DA:243,20
DA:244,20
DA:245,20
DA:246,20
DA:247,20
DA:248,20
DA:249,22
DA:250,22
DA:251,22
DA:252,19
DA:253,19
DA:254,19
DA:256,19
DA:258,3
DA:268,3
DA:269,3
DA:271,3
DA:273,22
DA:276,20
DA:277,1
DA:278,1
DA:281,20
DA:282,20
DA:283,20
DA:284,2
DA:285,2
DA:290,20
DA:291,20
DA:292,20
DA:294,20
DA:295,2
DA:296,2
DA:297,2
DA:301,20
DA:302,7
DA:303,7
DA:304,7
DA:305,7
DA:306,7
DA:307,1
DA:308,1
DA:309,1
DA:310,1
DA:312,20
DA:313,20
DA:314,20
DA:315,20
DA:316,20
DA:318,20
DA:319,18
DA:320,2
DA:321,1
DA:323,1
DA:325,20
DA:328,20
DA:334,3
DA:340,25
DA:341,25
DA:342,2
DA:345,3
DA:346,9
DA:347,8
DA:348,7
DA:351,1
DA:356,21
DA:357,21
DA:358,2
DA:359,1
DA:360,1
DA:363,21
LF:184
LH:181
BRDA:43,0,0,19
BRDA:61,1,0,0
BRDA:61,1,1,58
BRDA:63,2,0,55
BRDA:63,2,1,3
BRDA:64,3,0,3
BRDA:64,3,1,2
BRDA:74,4,0,0
BRDA:74,4,1,20
BRDA:74,5,0,20
BRDA:74,5,1,0
BRDA:92,6,0,0
BRDA:92,6,1,20
BRDA:93,7,0,3
BRDA:93,7,1,17
BRDA:95,8,0,17
BRDA:95,8,1,0
BRDA:110,9,0,1
BRDA:110,9,1,2
BRDA:121,10,0,1
BRDA:121,10,1,2
BRDA:129,11,0,1
BRDA:129,11,1,1
BRDA:163,12,0,1
BRDA:163,12,1,3
BRDA:163,13,0,4
BRDA:163,13,1,2
BRDA:167,14,0,2
BRDA:167,14,1,1
BRDA:170,15,0,1
BRDA:170,15,1,2
BRDA:172,16,0,1
BRDA:172,16,1,0
BRDA:175,17,0,1
BRDA:175,17,1,0
BRDA:189,18,0,0
BRDA:189,18,1,6
BRDA:193,19,0,3
BRDA:193,19,1,3
BRDA:197,20,0,2
BRDA:197,20,1,2
BRDA:197,20,2,2
BRDA:197,20,3,2
BRDA:202,21,0,2
BRDA:202,21,1,1
BRDA:207,22,0,3
BRDA:207,22,1,1
BRDA:209,23,0,2
BRDA:209,23,1,1
BRDA:223,24,0,17
BRDA:223,24,1,0
BRDA:232,25,0,0
BRDA:232,25,1,20
BRDA:232,26,0,20
BRDA:232,26,1,20
BRDA:251,27,0,19
BRDA:251,27,1,3
BRDA:253,28,0,19
BRDA:253,28,1,0
BRDA:268,29,0,3
BRDA:268,29,1,0
BRDA:295,30,0,2
BRDA:295,30,1,0
BRDA:297,31,0,0
BRDA:297,31,1,2
BRDA:302,32,0,0
BRDA:302,32,1,7
BRDA:303,33,0,0
BRDA:303,33,1,7
BRDA:306,34,0,6
BRDA:306,34,1,1
BRDA:306,35,0,7
BRDA:306,35,1,7
BRDA:307,36,0,1
BRDA:307,36,1,1
BRDA:312,37,0,0
BRDA:312,37,1,20
BRDA:314,38,0,0
BRDA:314,38,1,20
BRDA:318,39,0,18
BRDA:318,39,1,2
BRDA:320,40,0,1
BRDA:320,40,1,1
BRDA:320,41,0,2
BRDA:320,41,1,2
BRDA:341,42,0,23
BRDA:341,42,1,2
BRDA:346,43,0,1
BRDA:346,43,1,8
BRDA:347,44,0,1
BRDA:347,44,1,7
BRDA:358,45,0,1
BRDA:358,45,1,1
BRF:93
BRH:75
end_of_record
TN:
SF:src/studio/rete/connectionRules.ts
FN:22,(anonymous_3)
FN:23,(anonymous_4)
FN:28,(anonymous_5)
FN:31,(anonymous_6)
FN:35,(anonymous_7)
FN:57,(anonymous_8)
FN:68,(anonymous_9)
FN:71,(anonymous_10)
FN:84,(anonymous_11)
FNF:9
FNH:9
FNDA:20,(anonymous_3)
FNDA:46,(anonymous_4)
FNDA:13,(anonymous_5)
FNDA:11,(anonymous_6)
FNDA:11,(anonymous_7)
FNDA:5,(anonymous_8)
FNDA:1,(anonymous_9)
FNDA:1,(anonymous_10)
FNDA:4,(anonymous_11)
DA:3,2
DA:4,2
DA:22,2
DA:23,46
DA:24,20
DA:25,20
DA:26,20
DA:27,20
DA:28,13
DA:29,10
DA:31,11
DA:32,10
DA:35,11
DA:41,11
DA:42,1
DA:44,10
DA:45,10
DA:46,10
DA:47,3
DA:49,7
DA:50,0
DA:52,7
DA:53,1
DA:56,6
DA:58,5
DA:63,6
DA:64,2
DA:67,4
DA:68,1
DA:70,4
DA:71,1
DA:74,4
DA:75,1
DA:77,3
DA:78,0
DA:81,3
DA:84,4
DA:91,4
LF:38
LH:36
BRDA:24,0,0,0
BRDA:24,0,1,20
BRDA:26,1,0,0
BRDA:26,1,1,20
BRDA:27,2,0,10
BRDA:27,2,1,10
BRDA:29,3,0,9
BRDA:29,3,1,1
BRDA:32,4,0,7
BRDA:32,4,1,3
BRDA:41,5,0,1
BRDA:41,5,1,10
BRDA:41,6,0,11
BRDA:41,6,1,10
BRDA:46,7,0,3
BRDA:46,7,1,7
BRDA:46,8,0,10
BRDA:46,8,1,9
BRDA:49,9,0,0
BRDA:49,9,1,7
BRDA:52,10,0,1
BRDA:52,10,1,6
BRDA:52,11,0,7
BRDA:52,11,1,3
BRDA:58,12,0,5
BRDA:58,12,1,3
BRDA:58,12,2,3
BRDA:58,12,3,2
BRDA:63,13,0,2
BRDA:63,13,1,4
BRDA:68,14,0,1
BRDA:68,14,1,1
BRDA:71,15,0,1
BRDA:71,15,1,0
BRDA:74,16,0,1
BRDA:74,16,1,3
BRDA:74,17,0,4
BRDA:74,17,1,4
BRDA:77,18,0,0
BRDA:77,18,1,3
BRF:40
BRH:35
end_of_record
TN:
SF:src/studio/rete/mapping.ts
FN:17,(anonymous_6)
FN:23,(anonymous_7)
FN:57,(anonymous_8)
FN:69,(anonymous_9)
FN:95,(anonymous_10)
FN:97,(anonymous_11)
FN:105,(anonymous_12)
FNF:7
FNH:7
FNDA:12,(anonymous_6)
FNDA:10,(anonymous_7)
FNDA:3,(anonymous_8)
FNDA:3,(anonymous_9)
FNDA:2,(anonymous_10)
FNDA:2,(anonymous_11)
FNDA:1,(anonymous_12)
DA:1,1
DA:4,1
DA:9,1
DA:10,1
DA:17,3
DA:18,12
DA:19,2
DA:20,1
DA:23,4
DA:24,10
DA:25,10
DA:26,1
DA:28,9
DA:29,9
DA:30,9
DA:42,9
DA:43,4
DA:44,4
DA:45,4
DA:46,4
DA:48,9
DA:49,5
DA:50,5
DA:51,5
DA:52,5
DA:54,9
DA:57,1
DA:63,3
DA:64,3
DA:65,3
DA:66,3
DA:69,3
DA:77,3
DA:78,3
DA:80,3
DA:81,6
DA:82,6
DA:83,6
DA:84,6
DA:85,6
DA:86,6
DA:87,6
DA:88,6
DA:91,3
DA:92,3
DA:93,3
DA:94,3
DA:95,2
DA:96,2
DA:97,2
DA:98,2
DA:99,2
DA:102,3
DA:105,1
LF:54
LH:54
BRDA:18,0,0,10
BRDA:18,0,1,2
BRDA:19,1,0,1
BRDA:19,1,1,1
BRDA:19,2,0,2
BRDA:19,2,1,1
BRDA:25,3,0,1
BRDA:25,3,1,9
BRDA:28,4,0,9
BRDA:28,4,1,0
BRDA:32,5,0,9
BRDA:32,5,1,0
BRDA:44,6,0,4
BRDA:44,6,1,0
BRDA:83,7,0,6
BRDA:83,7,1,5
BRDA:84,8,0,6
BRDA:84,8,1,5
BRDA:85,9,0,1
BRDA:85,9,1,5
BRDA:87,10,0,6
BRDA:87,10,1,4
BRDA:94,11,0,1
BRDA:94,11,1,2
BRDA:94,12,0,3
BRDA:94,12,1,2
BRDA:96,13,0,2
BRDA:96,13,1,0
BRF:28
BRH:24
end_of_record
TN:
SF:src/studio/rete/nodes.tsx
FN:6,(anonymous_2)
FN:7,(anonymous_3)
FN:15,(anonymous_4)
FN:24,(anonymous_5)
FN:25,(anonymous_6)
FN:44,(anonymous_7)
FN:69,(anonymous_8)
FN:74,(anonymous_9)
FNF:8
FNH:8
FNDA:9,(anonymous_2)
FNDA:2,(anonymous_3)
FNDA:3,(anonymous_4)
FNDA:2,(anonymous_5)
FNDA:3,(anonymous_6)
FNDA:4,(anonymous_7)
FNDA:1,(anonymous_8)
FNDA:4,(anonymous_9)
DA:1,2
DA:2,2
DA:6,2
DA:7,9
DA:15,3
DA:16,3
DA:17,3
DA:18,3
DA:19,3
DA:20,3
DA:21,3
DA:23,3
DA:24,3
DA:25,3
DA:26,3
DA:27,3
DA:28,3
DA:29,3
DA:30,3
DA:32,3
DA:45,4
DA:46,3
DA:47,3
DA:48,3
DA:70,1
DA:75,4
DA:76,3
DA:77,3
DA:78,3
DA:79,3
LF:30
LH:30
BRDA:7,0,0,2
BRDA:7,0,1,2
BRDA:7,1,0,2
BRDA:7,1,1,2
BRDA:27,2,0,3
BRDA:27,2,1,0
BRDA:36,3,0,1
BRDA:36,3,1,2
BRDA:36,4,0,1
BRDA:36,4,1,2
BRDA:40,5,0,3
BRDA:40,5,1,1
BRDA:41,6,0,3
BRDA:41,6,1,1
BRDA:42,7,0,3
BRDA:42,7,1,1
BRDA:45,8,0,1
BRDA:45,8,1,3
BRDA:47,9,0,3
BRDA:47,9,1,3
BRDA:52,10,0,3
BRDA:52,10,1,0
BRDA:52,11,0,0
BRDA:52,11,1,3
BRDA:53,12,0,0
BRDA:53,12,1,3
BRDA:70,13,0,1
BRDA:70,13,1,0
BRDA:75,14,0,1
BRDA:75,14,1,3
BRDA:77,15,0,3
BRDA:77,15,1,2
BRDA:82,16,0,3
BRDA:82,16,1,1
BRDA:82,17,0,1
BRDA:82,17,1,2
BRDA:83,18,0,1
BRDA:83,18,1,2
BRF:38
BRH:33
end_of_record
